/home/eliott.tempez/miniconda3/envs/phylostrat/lib/python3.8/site-packages/ncbitax2lin/data_io.py:20: DtypeWarning: Columns (16) have mixed types. Specify dtype option on import or set low_memory=False.
  df_data = pd.read_csv(
/home/eliott.tempez/miniconda3/envs/phylostrat/lib/python3.8/site-packages/ncbitax2lin/data_io.py:20: ParserWarning: Length of header or names does not match length of data. This leads to a loss of data with index_col=False.
  df_data = pd.read_csv(
2025-02-05 13:25:31,561|INFO|time spent on load_nodes: 0:00:03.380371
2025-02-05 13:25:36,588|INFO|time spent on load_names: 0:00:05.026406
2025-02-05 13:25:38,802|INFO|# of tax ids: 2,644,736
2025-02-05 13:25:39,164|INFO|df.info:
<class 'pandas.core.frame.DataFrame'>
RangeIndex: 2644736 entries, 0 to 2644735
Data columns (total 4 columns):
 #   Column         Dtype 
---  ------         ----- 
 0   tax_id         int64 
 1   parent_tax_id  int64 
 2   rank           object
 3   rank_name      object
dtypes: int64(2), object(2)
memory usage: 410.6 MB

2025-02-05 13:25:39,164|INFO|Generating a dictionary of taxonomy: tax_id => tax_unit ...
2025-02-05 13:25:44,922|INFO|size of taxonomy_dict: ~80 MB
2025-02-05 13:25:44,977|INFO|Finding all lineages ...
2025-02-05 13:25:44,977|INFO|will use 6 processes to find lineages for all 2,644,736 tax ids
2025-02-05 13:25:44,977|INFO|chunk_size = 440790
2025-02-05 13:25:44,987|INFO|chunked sizes: [440790, 440790, 440790, 440790, 440790, 440786]
2025-02-05 13:25:44,988|INFO|Starting 6 processes ...
2025-02-05 13:25:45,223|INFO|Joining 6 processes ...
2025-02-05 13:25:54,987|INFO|adding lineages from /var/tmp/pbs.2205744.pbsserver/tmp4y3hnvxp_ncbitax2lin/_lineages_0.pkl ...
2025-02-05 13:25:58,184|INFO|adding lineages from /var/tmp/pbs.2205744.pbsserver/tmp4y3hnvxp_ncbitax2lin/_lineages_1.pkl ...
2025-02-05 13:26:00,734|INFO|adding lineages from /var/tmp/pbs.2205744.pbsserver/tmp4y3hnvxp_ncbitax2lin/_lineages_2.pkl ...
2025-02-05 13:26:03,283|INFO|adding lineages from /var/tmp/pbs.2205744.pbsserver/tmp4y3hnvxp_ncbitax2lin/_lineages_3.pkl ...
2025-02-05 13:26:05,523|INFO|adding lineages from /var/tmp/pbs.2205744.pbsserver/tmp4y3hnvxp_ncbitax2lin/_lineages_4.pkl ...
2025-02-05 13:26:08,261|INFO|adding lineages from /var/tmp/pbs.2205744.pbsserver/tmp4y3hnvxp_ncbitax2lin/_lineages_5.pkl ...
2025-02-05 13:26:11,229|INFO|Preparings all lineages into a dataframe to be written to disk ...
2025-02-05 13:26:51,901|INFO|Writing lineages to ncbi_lineages_2025-02-05.csv.gz ...
[mclIO] writing </datas/ELIOTT/scripts/tmp_272844_13053/tmp_272844.mci>
.......................................
[mclIO] wrote native interchange 1892x1892 matrix with 4664 entries to stream </datas/ELIOTT/scripts/tmp_272844_13053/tmp_272844.mci>
[mclIO] wrote 1892 tab entries to stream </datas/ELIOTT/scripts/tmp_272844_13053/tmp_272844.tab>
[mcxload] tab has 1892 entries
[mclIO] reading </datas/ELIOTT/scripts/tmp_272844_13053/tmp_272844.mcl>
.......................................
[mclIO] read native interchange 1892x1357 matrix with 1892 entries
