Activating conda environment
Activating conda environment
Running Nextflow

 N E X T F L O W   ~  version 24.10.4

Launching `/home/eliott.tempez/dense/main.nf` [spontaneous_tesla] DSL2 - revision: 377b7cbc74

Downloading plugin nf-validation@0.3.1


  ___  ___ _  _ ___ ___ 
 |   \| __| \| / __| __|
 | |) | _|| .` \__ \ _| 
 |___/|___|_|\_|___/___|



Welcome to DENSE.


Core Nextflow options
  runName        : spontaneous_tesla
  containerEngine: singularity
  container      : [GENERA:docker://josuebarrera/genera, GENERA_FAST:docker://lopesi2bc/genera_fast, default:docker://lopesi2bc/denovogenes]
  launchDir      : /datas/ELIOTT
  workDir        : /datas/ELIOTT/work
  projectDir     : /home/eliott.tempez/dense
  userName       : eliott.tempez
  profile        : singularity
  configFiles    : 

Input/output options
  outdir         : /datas/ELIOTT/result_dense_yeast_2/
  gendir         : /datas/ELIOTT/yeast_data/genomes

Required input values
  focal          : Scer_NCBI

Other important parameters
  tree           : /datas/ELIOTT/yeast_data/Saccharomyces_species.nwk
  num_outgroups  : 2

Max job request options
  max_cpus       : 32
  max_memory     : 128 GB

TRG list options
  genera_db      : /datas/NR/nr_2.0.13.dmnd
  taxids         : /datas/ELIOTT/yeast_data/taxids.tsv

!! Only displaying parameters that differ from the pipeline defaults !!
------------------------------------------------------
[-        ] DENSE_WF:DENSE:CHECK_INPUTS    -
[-        ] DENSE_WF:DENSE:EXTRACT_CDS     -
[-        ] DENSE_WF:DENSE:MRNA_TO_GENE    -
[-        ] DENSE_WF:DENSE:TAXDUMP         -
[-        ] DENSE_WF:DENSE:GENERA          -
[-        ] DENSE_WF:DENSE:GENERA_FILTER   -
[-        ] DENSE_WF:DENSE:TRG_FNA         -
[-        ] DEN…SE:MULTIELONGATE_FOCAL_TRG -
[-        ] DENSE_WF:DENSE:ELONGATE_CDS    -
[-        ] DENSE_WF:DENSE:BLAST           -
[-        ] DEN…E:TRG_LIST_BEFORE_STRATEGY -
[-        ] DENSE_WF:DENSE:BLAST_BEST_HITS -
[-        ] DENSE_WF:DENSE:TREE_DISTANCES  -
[-        ] DENSE_WF:DENSE:TRG_TABLE       -

executor >  local (2)
[94/a6ff0a] DENSE_WF:DENSE:CHECK_INPUTS    | 0 of 1
[-        ] DENSE_WF:DENSE:EXTRACT_CDS     -
[-        ] DENSE_WF:DENSE:MRNA_TO_GENE    -
[b8/7dd819] DENSE_WF:DENSE:TAXDUMP         | 0 of 1
[-        ] DENSE_WF:DENSE:GENERA          -
[-        ] DENSE_WF:DENSE:GENERA_FILTER   -
[-        ] DENSE_WF:DENSE:TRG_FNA         -
[-        ] DEN…SE:MULTIELONGATE_FOCAL_TRG -
[-        ] DENSE_WF:DENSE:ELONGATE_CDS    -
[-        ] DENSE_WF:DENSE:BLAST           -
[-        ] DEN…E:TRG_LIST_BEFORE_STRATEGY -
[-        ] DENSE_WF:DENSE:BLAST_BEST_HITS -
[-        ] DENSE_WF:DENSE:TREE_DISTANCES  -
[-        ] DENSE_WF:DENSE:TRG_TABLE       -
[-        ] DEN…SE:ORTHOLOGS:DIAMOND_BLAST -
[-        ] DEN…:DENSE:ORTHOLOGS:BEST_HITS -
[-        ] DEN…NSE:ORTHOLOGS:MRNA_TO_GENE -
[-        ] DEN…OLOGS:RECIPROCAL_BEST_HITS -
[-        ] DEN…DENSE:CHECK_SYNTENY_INPUTS -
[-        ] DENSE_WF:DENSE:CHECK_SYNTENY   -
Plus 3 more processes waiting for tasks…

executor >  local (2)
[94/a6ff0a] DENSE_WF:DENSE:CHECK_INPUTS    | 0 of 1
[-        ] DENSE_WF:DENSE:EXTRACT_CDS     -
[-        ] DENSE_WF:DENSE:MRNA_TO_GENE    -
[b8/7dd819] DENSE_WF:DENSE:TAXDUMP         | 1 of 1 ✔
[-        ] DENSE_WF:DENSE:GENERA          -
[-        ] DENSE_WF:DENSE:GENERA_FILTER   -
[-        ] DENSE_WF:DENSE:TRG_FNA         -
[-        ] DEN…SE:MULTIELONGATE_FOCAL_TRG -
[-        ] DENSE_WF:DENSE:ELONGATE_CDS    -
[-        ] DENSE_WF:DENSE:BLAST           -
[-        ] DEN…E:TRG_LIST_BEFORE_STRATEGY -
[-        ] DENSE_WF:DENSE:BLAST_BEST_HITS -
[-        ] DENSE_WF:DENSE:TREE_DISTANCES  -
[-        ] DENSE_WF:DENSE:TRG_TABLE       -
[-        ] DEN…SE:ORTHOLOGS:DIAMOND_BLAST -
[-        ] DEN…:DENSE:ORTHOLOGS:BEST_HITS -
[-        ] DEN…NSE:ORTHOLOGS:MRNA_TO_GENE -
[-        ] DEN…OLOGS:RECIPROCAL_BEST_HITS -
[-        ] DEN…DENSE:CHECK_SYNTENY_INPUTS -
[-        ] DENSE_WF:DENSE:CHECK_SYNTENY   -
Plus 3 more processes waiting for tasks…
The taxdump directory is /datas/ELIOTT/work/taxdump. You can use '--taxdump /datas/ELIOTT/work/taxdump'.


executor >  local (8)
[94/a6ff0a] DENSE_WF:DENSE:CHECK_INPUTS    | 1 of 1 ✔
[9d/edfe56] DENSE_WF:DENSE:EXTRACT_CDS (4) | 0 of 5
[-        ] DENSE_WF:DENSE:MRNA_TO_GENE    -
[b8/7dd819] DENSE_WF:DENSE:TAXDUMP         | 1 of 1 ✔
[-        ] DENSE_WF:DENSE:GENERA          -
[-        ] DENSE_WF:DENSE:GENERA_FILTER   -
[-        ] DENSE_WF:DENSE:TRG_FNA         -
[-        ] DEN…SE:MULTIELONGATE_FOCAL_TRG -
[-        ] DENSE_WF:DENSE:ELONGATE_CDS    -
[-        ] DENSE_WF:DENSE:BLAST           -
[-        ] DEN…E:TRG_LIST_BEFORE_STRATEGY -
[-        ] DENSE_WF:DENSE:BLAST_BEST_HITS -
[d7/bdbb64] DENSE_WF:DENSE:TREE_DISTANCES  | 0 of 1
[-        ] DENSE_WF:DENSE:TRG_TABLE       -
[-        ] DEN…SE:ORTHOLOGS:DIAMOND_BLAST -
[-        ] DEN…:DENSE:ORTHOLOGS:BEST_HITS -
[-        ] DEN…NSE:ORTHOLOGS:MRNA_TO_GENE -
[-        ] DEN…OLOGS:RECIPROCAL_BEST_HITS -
[-        ] DEN…DENSE:CHECK_SYNTENY_INPUTS -
[-        ] DENSE_WF:DENSE:CHECK_SYNTENY   -
Plus 3 more processes waiting for tasks…
The taxdump directory is /datas/ELIOTT/work/taxdump. You can use '--taxdump /datas/ELIOTT/work/taxdump'.


executor >  local (8)
[94/a6ff0a] DENSE_WF:DENSE:CHECK_INPUTS    | 1 of 1 ✔
[9d/edfe56] DENSE_WF:DENSE:EXTRACT_CDS (4) | 0 of 5
[-        ] DENSE_WF:DENSE:MRNA_TO_GENE    -
[b8/7dd819] DENSE_WF:DENSE:TAXDUMP         | 1 of 1 ✔
[-        ] DENSE_WF:DENSE:GENERA          -
[-        ] DENSE_WF:DENSE:GENERA_FILTER   -
[-        ] DENSE_WF:DENSE:TRG_FNA         -
[-        ] DEN…SE:MULTIELONGATE_FOCAL_TRG -
[-        ] DENSE_WF:DENSE:ELONGATE_CDS    -
[-        ] DENSE_WF:DENSE:BLAST           -
[-        ] DEN…E:TRG_LIST_BEFORE_STRATEGY -
[-        ] DENSE_WF:DENSE:BLAST_BEST_HITS -
[d7/bdbb64] DENSE_WF:DENSE:TREE_DISTANCES  | 0 of 1
[-        ] DENSE_WF:DENSE:TRG_TABLE       -
[-        ] DEN…SE:ORTHOLOGS:DIAMOND_BLAST -
[-        ] DEN…:DENSE:ORTHOLOGS:BEST_HITS -
[-        ] DEN…NSE:ORTHOLOGS:MRNA_TO_GENE -
[-        ] DEN…OLOGS:RECIPROCAL_BEST_HITS -
[-        ] DEN…DENSE:CHECK_SYNTENY_INPUTS -
[-        ] DENSE_WF:DENSE:CHECK_SYNTENY   -
Plus 3 more processes waiting for tasks…
The taxdump directory is /datas/ELIOTT/work/taxdump. You can use '--taxdump /datas/ELIOTT/work/taxdump'.


executor >  local (8)
[94/a6ff0a] DENSE_WF:DENSE:CHECK_INPUTS    | 1 of 1 ✔
[9d/edfe56] DENSE_WF:DENSE:EXTRACT_CDS (4) | 0 of 5
[-        ] DENSE_WF:DENSE:MRNA_TO_GENE    -
[b8/7dd819] DENSE_WF:DENSE:TAXDUMP         | 1 of 1 ✔
[-        ] DENSE_WF:DENSE:GENERA          -
[-        ] DENSE_WF:DENSE:GENERA_FILTER   -
[-        ] DENSE_WF:DENSE:TRG_FNA         -
[-        ] DEN…SE:MULTIELONGATE_FOCAL_TRG -
[-        ] DENSE_WF:DENSE:ELONGATE_CDS    -
[-        ] DENSE_WF:DENSE:BLAST           -
[-        ] DEN…E:TRG_LIST_BEFORE_STRATEGY -
[-        ] DENSE_WF:DENSE:BLAST_BEST_HITS -
[d7/bdbb64] DENSE_WF:DENSE:TREE_DISTANCES  | 1 of 1 ✔
[-        ] DENSE_WF:DENSE:TRG_TABLE       -
[-        ] DEN…SE:ORTHOLOGS:DIAMOND_BLAST -
[-        ] DEN…:DENSE:ORTHOLOGS:BEST_HITS -
[-        ] DEN…NSE:ORTHOLOGS:MRNA_TO_GENE -
[-        ] DEN…OLOGS:RECIPROCAL_BEST_HITS -
[-        ] DEN…DENSE:CHECK_SYNTENY_INPUTS -
[-        ] DENSE_WF:DENSE:CHECK_SYNTENY   -
Plus 3 more processes waiting for tasks…
The taxdump directory is /datas/ELIOTT/work/taxdump. You can use '--taxdump /datas/ELIOTT/work/taxdump'.


executor >  local (19)
[94/a6ff0a] DENSE_WF:DENSE:CHECK_INPUTS    | 1 of 1 ✔
[20/097958] DENSE_WF:DENSE:EXTRACT_CDS (1) | 5 of 5 ✔
[03/b6f7bf] DEN…_WF:DENSE:MRNA_TO_GENE (1) | 0 of 1
[b8/7dd819] DENSE_WF:DENSE:TAXDUMP         | 1 of 1 ✔
[-        ] DENSE_WF:DENSE:GENERA          -
[-        ] DENSE_WF:DENSE:GENERA_FILTER   -
[-        ] DENSE_WF:DENSE:TRG_FNA         -
[-        ] DEN…SE:MULTIELONGATE_FOCAL_TRG -
[6d/ebc63f] DEN…_WF:DENSE:ELONGATE_CDS (4) | 0 of 5
[-        ] DENSE_WF:DENSE:BLAST           -
[-        ] DEN…E:TRG_LIST_BEFORE_STRATEGY -
[-        ] DENSE_WF:DENSE:BLAST_BEST_HITS -
[d7/bdbb64] DENSE_WF:DENSE:TREE_DISTANCES  | 1 of 1 ✔
[-        ] DENSE_WF:DENSE:TRG_TABLE       -
[-        ] DEN…SE:ORTHOLOGS:DIAMOND_BLAST | 0 of 5
[-        ] DEN…:DENSE:ORTHOLOGS:BEST_HITS -
[3c/28cfe3] DEN…ORTHOLOGS:MRNA_TO_GENE (4) | 0 of 5
[-        ] DEN…OLOGS:RECIPROCAL_BEST_HITS -
[-        ] DEN…DENSE:CHECK_SYNTENY_INPUTS -
[-        ] DENSE_WF:DENSE:CHECK_SYNTENY   -
Plus 3 more processes waiting for tasks…
The taxdump directory is /datas/ELIOTT/work/taxdump. You can use '--taxdump /datas/ELIOTT/work/taxdump'.


executor >  local (19)
[94/a6ff0a] DENSE_WF:DENSE:CHECK_INPUTS    | 1 of 1 ✔
[20/097958] DENSE_WF:DENSE:EXTRACT_CDS (1) | 5 of 5 ✔
[03/b6f7bf] DEN…_WF:DENSE:MRNA_TO_GENE (1) | 0 of 1
[b8/7dd819] DENSE_WF:DENSE:TAXDUMP         | 1 of 1 ✔
[-        ] DENSE_WF:DENSE:GENERA          | 0 of 1
[-        ] DENSE_WF:DENSE:GENERA_FILTER   -
[-        ] DENSE_WF:DENSE:TRG_FNA         -
[-        ] DEN…SE:MULTIELONGATE_FOCAL_TRG -
[6d/ebc63f] DEN…_WF:DENSE:ELONGATE_CDS (4) | 0 of 5
[-        ] DENSE_WF:DENSE:BLAST           -
[-        ] DEN…E:TRG_LIST_BEFORE_STRATEGY -
[-        ] DENSE_WF:DENSE:BLAST_BEST_HITS -
[d7/bdbb64] DENSE_WF:DENSE:TREE_DISTANCES  | 1 of 1 ✔
[-        ] DENSE_WF:DENSE:TRG_TABLE       -
[-        ] DEN…SE:ORTHOLOGS:DIAMOND_BLAST | 0 of 5
[-        ] DEN…:DENSE:ORTHOLOGS:BEST_HITS -
[3c/28cfe3] DEN…ORTHOLOGS:MRNA_TO_GENE (4) | 0 of 5
[-        ] DEN…OLOGS:RECIPROCAL_BEST_HITS -
[-        ] DEN…DENSE:CHECK_SYNTENY_INPUTS -
[-        ] DENSE_WF:DENSE:CHECK_SYNTENY   -
Plus 3 more processes waiting for tasks…
The taxdump directory is /datas/ELIOTT/work/taxdump. You can use '--taxdump /datas/ELIOTT/work/taxdump'.


executor >  local (19)
[94/a6ff0a] DENSE_WF:DENSE:CHECK_INPUTS    | 1 of 1 ✔
[20/097958] DENSE_WF:DENSE:EXTRACT_CDS (1) | 5 of 5 ✔
[03/b6f7bf] DEN…_WF:DENSE:MRNA_TO_GENE (1) | 0 of 1
[b8/7dd819] DENSE_WF:DENSE:TAXDUMP         | 1 of 1 ✔
[-        ] DENSE_WF:DENSE:GENERA          | 0 of 1
[-        ] DENSE_WF:DENSE:GENERA_FILTER   -
[-        ] DENSE_WF:DENSE:TRG_FNA         -
[-        ] DEN…SE:MULTIELONGATE_FOCAL_TRG -
[6d/ebc63f] DEN…_WF:DENSE:ELONGATE_CDS (4) | 0 of 5
[-        ] DENSE_WF:DENSE:BLAST           -
[-        ] DEN…E:TRG_LIST_BEFORE_STRATEGY -
[-        ] DENSE_WF:DENSE:BLAST_BEST_HITS -
[d7/bdbb64] DENSE_WF:DENSE:TREE_DISTANCES  | 1 of 1 ✔
[-        ] DENSE_WF:DENSE:TRG_TABLE       -
[-        ] DEN…SE:ORTHOLOGS:DIAMOND_BLAST | 0 of 5
[-        ] DEN…:DENSE:ORTHOLOGS:BEST_HITS -
[85/eef06d] DEN…ORTHOLOGS:MRNA_TO_GENE (3) | 2 of 5
[-        ] DEN…OLOGS:RECIPROCAL_BEST_HITS -
[-        ] DEN…DENSE:CHECK_SYNTENY_INPUTS -
[-        ] DENSE_WF:DENSE:CHECK_SYNTENY   -
Plus 3 more processes waiting for tasks…
The taxdump directory is /datas/ELIOTT/work/taxdump. You can use '--taxdump /datas/ELIOTT/work/taxdump'.


executor >  local (19)
[94/a6ff0a] DENSE_WF:DENSE:CHECK_INPUTS    | 1 of 1 ✔
[20/097958] DENSE_WF:DENSE:EXTRACT_CDS (1) | 5 of 5 ✔
[03/b6f7bf] DEN…_WF:DENSE:MRNA_TO_GENE (1) | 0 of 1
[b8/7dd819] DENSE_WF:DENSE:TAXDUMP         | 1 of 1 ✔
[-        ] DENSE_WF:DENSE:GENERA          | 0 of 1
[-        ] DENSE_WF:DENSE:GENERA_FILTER   -
[-        ] DENSE_WF:DENSE:TRG_FNA         -
[-        ] DEN…SE:MULTIELONGATE_FOCAL_TRG -
[6d/ebc63f] DEN…_WF:DENSE:ELONGATE_CDS (4) | 0 of 5
[-        ] DENSE_WF:DENSE:BLAST           -
[-        ] DEN…E:TRG_LIST_BEFORE_STRATEGY -
[-        ] DENSE_WF:DENSE:BLAST_BEST_HITS -
[d7/bdbb64] DENSE_WF:DENSE:TREE_DISTANCES  | 1 of 1 ✔
[-        ] DENSE_WF:DENSE:TRG_TABLE       -
[-        ] DEN…SE:ORTHOLOGS:DIAMOND_BLAST | 0 of 5
[-        ] DEN…:DENSE:ORTHOLOGS:BEST_HITS -
[89/6d555d] DEN…ORTHOLOGS:MRNA_TO_GENE (5) | 4 of 5
[-        ] DEN…OLOGS:RECIPROCAL_BEST_HITS -
[-        ] DEN…DENSE:CHECK_SYNTENY_INPUTS -
[-        ] DENSE_WF:DENSE:CHECK_SYNTENY   -
Plus 3 more processes waiting for tasks…
The taxdump directory is /datas/ELIOTT/work/taxdump. You can use '--taxdump /datas/ELIOTT/work/taxdump'.


executor >  local (19)
[94/a6ff0a] DENSE_WF:DENSE:CHECK_INPUTS    | 1 of 1 ✔
[20/097958] DENSE_WF:DENSE:EXTRACT_CDS (1) | 5 of 5 ✔
[03/b6f7bf] DEN…_WF:DENSE:MRNA_TO_GENE (1) | 0 of 1
[b8/7dd819] DENSE_WF:DENSE:TAXDUMP         | 1 of 1 ✔
[-        ] DENSE_WF:DENSE:GENERA          | 0 of 1
[-        ] DENSE_WF:DENSE:GENERA_FILTER   -
[-        ] DENSE_WF:DENSE:TRG_FNA         -
[-        ] DEN…SE:MULTIELONGATE_FOCAL_TRG -
[6d/ebc63f] DEN…_WF:DENSE:ELONGATE_CDS (4) | 0 of 5
[-        ] DENSE_WF:DENSE:BLAST           -
[-        ] DEN…E:TRG_LIST_BEFORE_STRATEGY -
[-        ] DENSE_WF:DENSE:BLAST_BEST_HITS -
[d7/bdbb64] DENSE_WF:DENSE:TREE_DISTANCES  | 1 of 1 ✔
[-        ] DENSE_WF:DENSE:TRG_TABLE       -
[-        ] DEN…SE:ORTHOLOGS:DIAMOND_BLAST | 0 of 5
[-        ] DEN…:DENSE:ORTHOLOGS:BEST_HITS -
[03/81dec3] DEN…ORTHOLOGS:MRNA_TO_GENE (2) | 5 of 5 ✔
[-        ] DEN…OLOGS:RECIPROCAL_BEST_HITS -
[-        ] DEN…DENSE:CHECK_SYNTENY_INPUTS -
[-        ] DENSE_WF:DENSE:CHECK_SYNTENY   -
Plus 3 more processes waiting for tasks…
The taxdump directory is /datas/ELIOTT/work/taxdump. You can use '--taxdump /datas/ELIOTT/work/taxdump'.


executor >  local (19)
[94/a6ff0a] DENSE_WF:DENSE:CHECK_INPUTS    | 1 of 1 ✔
[20/097958] DENSE_WF:DENSE:EXTRACT_CDS (1) | 5 of 5 ✔
[03/b6f7bf] DEN…_WF:DENSE:MRNA_TO_GENE (1) | 1 of 1 ✔
[b8/7dd819] DENSE_WF:DENSE:TAXDUMP         | 1 of 1 ✔
[-        ] DENSE_WF:DENSE:GENERA          | 0 of 1
[-        ] DENSE_WF:DENSE:GENERA_FILTER   -
[-        ] DENSE_WF:DENSE:TRG_FNA         -
[-        ] DEN…SE:MULTIELONGATE_FOCAL_TRG -
[6d/ebc63f] DEN…_WF:DENSE:ELONGATE_CDS (4) | 0 of 5
[-        ] DENSE_WF:DENSE:BLAST           -
[-        ] DEN…E:TRG_LIST_BEFORE_STRATEGY -
[-        ] DENSE_WF:DENSE:BLAST_BEST_HITS -
[d7/bdbb64] DENSE_WF:DENSE:TREE_DISTANCES  | 1 of 1 ✔
[-        ] DENSE_WF:DENSE:TRG_TABLE       -
[-        ] DEN…SE:ORTHOLOGS:DIAMOND_BLAST | 0 of 5
[-        ] DEN…:DENSE:ORTHOLOGS:BEST_HITS -
[03/81dec3] DEN…ORTHOLOGS:MRNA_TO_GENE (2) | 5 of 5 ✔
[-        ] DEN…OLOGS:RECIPROCAL_BEST_HITS -
[-        ] DEN…DENSE:CHECK_SYNTENY_INPUTS -
[-        ] DENSE_WF:DENSE:CHECK_SYNTENY   -
Plus 3 more processes waiting for tasks…
The taxdump directory is /datas/ELIOTT/work/taxdump. You can use '--taxdump /datas/ELIOTT/work/taxdump'.


executor >  local (19)
[94/a6ff0a] DENSE_WF:DENSE:CHECK_INPUTS    | 1 of 1 ✔
[20/097958] DENSE_WF:DENSE:EXTRACT_CDS (1) | 5 of 5 ✔
[03/b6f7bf] DEN…_WF:DENSE:MRNA_TO_GENE (1) | 1 of 1 ✔
[b8/7dd819] DENSE_WF:DENSE:TAXDUMP         | 1 of 1 ✔
[-        ] DENSE_WF:DENSE:GENERA          | 0 of 1
[-        ] DENSE_WF:DENSE:GENERA_FILTER   -
[-        ] DENSE_WF:DENSE:TRG_FNA         -
[-        ] DEN…SE:MULTIELONGATE_FOCAL_TRG -
[04/1758d3] DEN…_WF:DENSE:ELONGATE_CDS (3) | 1 of 5
[-        ] DENSE_WF:DENSE:BLAST           -
[-        ] DEN…E:TRG_LIST_BEFORE_STRATEGY -
[-        ] DENSE_WF:DENSE:BLAST_BEST_HITS -
[d7/bdbb64] DENSE_WF:DENSE:TREE_DISTANCES  | 1 of 1 ✔
[-        ] DENSE_WF:DENSE:TRG_TABLE       -
[-        ] DEN…SE:ORTHOLOGS:DIAMOND_BLAST | 0 of 5
[-        ] DEN…:DENSE:ORTHOLOGS:BEST_HITS -
[03/81dec3] DEN…ORTHOLOGS:MRNA_TO_GENE (2) | 5 of 5 ✔
[-        ] DEN…OLOGS:RECIPROCAL_BEST_HITS -
[-        ] DEN…DENSE:CHECK_SYNTENY_INPUTS -
[-        ] DENSE_WF:DENSE:CHECK_SYNTENY   -
Plus 3 more processes waiting for tasks…
The taxdump directory is /datas/ELIOTT/work/taxdump. You can use '--taxdump /datas/ELIOTT/work/taxdump'.


executor >  local (19)
[94/a6ff0a] DENSE_WF:DENSE:CHECK_INPUTS    | 1 of 1 ✔
[20/097958] DENSE_WF:DENSE:EXTRACT_CDS (1) | 5 of 5 ✔
[03/b6f7bf] DEN…_WF:DENSE:MRNA_TO_GENE (1) | 1 of 1 ✔
[b8/7dd819] DENSE_WF:DENSE:TAXDUMP         | 1 of 1 ✔
[-        ] DENSE_WF:DENSE:GENERA          | 0 of 1
[-        ] DENSE_WF:DENSE:GENERA_FILTER   -
[-        ] DENSE_WF:DENSE:TRG_FNA         -
[-        ] DEN…SE:MULTIELONGATE_FOCAL_TRG -
[74/d1032b] DEN…_WF:DENSE:ELONGATE_CDS (1) | 2 of 5
[-        ] DENSE_WF:DENSE:BLAST           -
[-        ] DEN…E:TRG_LIST_BEFORE_STRATEGY -
[-        ] DENSE_WF:DENSE:BLAST_BEST_HITS -
[d7/bdbb64] DENSE_WF:DENSE:TREE_DISTANCES  | 1 of 1 ✔
[-        ] DENSE_WF:DENSE:TRG_TABLE       -
[-        ] DEN…SE:ORTHOLOGS:DIAMOND_BLAST | 0 of 5
[-        ] DEN…:DENSE:ORTHOLOGS:BEST_HITS -
[03/81dec3] DEN…ORTHOLOGS:MRNA_TO_GENE (2) | 5 of 5 ✔
[-        ] DEN…OLOGS:RECIPROCAL_BEST_HITS -
[-        ] DEN…DENSE:CHECK_SYNTENY_INPUTS -
[-        ] DENSE_WF:DENSE:CHECK_SYNTENY   -
Plus 3 more processes waiting for tasks…
The taxdump directory is /datas/ELIOTT/work/taxdump. You can use '--taxdump /datas/ELIOTT/work/taxdump'.


executor >  local (20)
[94/a6ff0a] DENSE_WF:DENSE:CHECK_INPUTS    | 1 of 1 ✔
[20/097958] DENSE_WF:DENSE:EXTRACT_CDS (1) | 5 of 5 ✔
[03/b6f7bf] DEN…_WF:DENSE:MRNA_TO_GENE (1) | 1 of 1 ✔
[b8/7dd819] DENSE_WF:DENSE:TAXDUMP         | 1 of 1 ✔
[-        ] DENSE_WF:DENSE:GENERA          | 0 of 1
[-        ] DENSE_WF:DENSE:GENERA_FILTER   -
[-        ] DENSE_WF:DENSE:TRG_FNA         -
[-        ] DEN…SE:MULTIELONGATE_FOCAL_TRG -
[9d/22a2e7] DEN…_WF:DENSE:ELONGATE_CDS (2) | 5 of 5 ✔
[-        ] DENSE_WF:DENSE:BLAST           -
[-        ] DEN…E:TRG_LIST_BEFORE_STRATEGY -
[-        ] DENSE_WF:DENSE:BLAST_BEST_HITS -
[d7/bdbb64] DENSE_WF:DENSE:TREE_DISTANCES  | 1 of 1 ✔
[-        ] DENSE_WF:DENSE:TRG_TABLE       -
[f4/53f6a2] DEN…RTHOLOGS:DIAMOND_BLAST (1) | 0 of 5
[-        ] DEN…:DENSE:ORTHOLOGS:BEST_HITS -
[03/81dec3] DEN…ORTHOLOGS:MRNA_TO_GENE (2) | 5 of 5 ✔
[-        ] DEN…OLOGS:RECIPROCAL_BEST_HITS -
[-        ] DEN…DENSE:CHECK_SYNTENY_INPUTS -
[-        ] DENSE_WF:DENSE:CHECK_SYNTENY   -
Plus 3 more processes waiting for tasks…
The taxdump directory is /datas/ELIOTT/work/taxdump. You can use '--taxdump /datas/ELIOTT/work/taxdump'.


executor >  local (20)
[94/a6ff0a] DENSE_WF:DENSE:CHECK_INPUTS    | 1 of 1 ✔
[20/097958] DENSE_WF:DENSE:EXTRACT_CDS (1) | 5 of 5 ✔
[03/b6f7bf] DEN…_WF:DENSE:MRNA_TO_GENE (1) | 1 of 1 ✔
[b8/7dd819] DENSE_WF:DENSE:TAXDUMP         | 1 of 1 ✔
[-        ] DENSE_WF:DENSE:GENERA          | 0 of 1
[-        ] DENSE_WF:DENSE:GENERA_FILTER   -
[-        ] DENSE_WF:DENSE:TRG_FNA         -
[-        ] DEN…SE:MULTIELONGATE_FOCAL_TRG -
[9d/22a2e7] DEN…_WF:DENSE:ELONGATE_CDS (2) | 5 of 5 ✔
[-        ] DENSE_WF:DENSE:BLAST           -
[-        ] DEN…E:TRG_LIST_BEFORE_STRATEGY -
[-        ] DENSE_WF:DENSE:BLAST_BEST_HITS -
[d7/bdbb64] DENSE_WF:DENSE:TREE_DISTANCES  | 1 of 1 ✔
[-        ] DENSE_WF:DENSE:TRG_TABLE       -
[f4/53f6a2] DEN…RTHOLOGS:DIAMOND_BLAST (1) | 0 of 5
[-        ] DEN…:DENSE:ORTHOLOGS:BEST_HITS -
[03/81dec3] DEN…ORTHOLOGS:MRNA_TO_GENE (2) | 5 of 5 ✔
[-        ] DEN…OLOGS:RECIPROCAL_BEST_HITS -
[-        ] DEN…DENSE:CHECK_SYNTENY_INPUTS -
[-        ] DENSE_WF:DENSE:CHECK_SYNTENY   -
Plus 3 more processes waiting for tasks…
The taxdump directory is /datas/ELIOTT/work/taxdump. You can use '--taxdump /datas/ELIOTT/work/taxdump'.


executor >  local (21)
[94/a6ff0a] DENSE_WF:DENSE:CHECK_INPUTS    | 1 of 1 ✔
[20/097958] DENSE_WF:DENSE:EXTRACT_CDS (1) | 5 of 5 ✔
[03/b6f7bf] DEN…_WF:DENSE:MRNA_TO_GENE (1) | 1 of 1 ✔
[b8/7dd819] DENSE_WF:DENSE:TAXDUMP         | 1 of 1 ✔
[-        ] DENSE_WF:DENSE:GENERA          | 0 of 1
[-        ] DENSE_WF:DENSE:GENERA_FILTER   -
[-        ] DENSE_WF:DENSE:TRG_FNA         -
[-        ] DEN…SE:MULTIELONGATE_FOCAL_TRG -
[9d/22a2e7] DEN…_WF:DENSE:ELONGATE_CDS (2) | 5 of 5 ✔
[-        ] DENSE_WF:DENSE:BLAST           -
[-        ] DEN…E:TRG_LIST_BEFORE_STRATEGY -
[-        ] DENSE_WF:DENSE:BLAST_BEST_HITS -
[d7/bdbb64] DENSE_WF:DENSE:TREE_DISTANCES  | 1 of 1 ✔
[-        ] DENSE_WF:DENSE:TRG_TABLE       -
[f4/53f6a2] DEN…RTHOLOGS:DIAMOND_BLAST (1) | 1 of 5
[-        ] DEN…:DENSE:ORTHOLOGS:BEST_HITS | 0 of 1
[03/81dec3] DEN…ORTHOLOGS:MRNA_TO_GENE (2) | 5 of 5 ✔
[-        ] DEN…OLOGS:RECIPROCAL_BEST_HITS -
[-        ] DEN…DENSE:CHECK_SYNTENY_INPUTS -
[-        ] DENSE_WF:DENSE:CHECK_SYNTENY   -
Plus 3 more processes waiting for tasks…
The taxdump directory is /datas/ELIOTT/work/taxdump. You can use '--taxdump /datas/ELIOTT/work/taxdump'.


executor >  local (22)
[94/a6ff0a] DENSE_WF:DENSE:CHECK_INPUTS    | 1 of 1 ✔
[20/097958] DENSE_WF:DENSE:EXTRACT_CDS (1) | 5 of 5 ✔
[03/b6f7bf] DEN…_WF:DENSE:MRNA_TO_GENE (1) | 1 of 1 ✔
[b8/7dd819] DENSE_WF:DENSE:TAXDUMP         | 1 of 1 ✔
[-        ] DENSE_WF:DENSE:GENERA          | 0 of 1
[-        ] DENSE_WF:DENSE:GENERA_FILTER   -
[-        ] DENSE_WF:DENSE:TRG_FNA         -
[-        ] DEN…SE:MULTIELONGATE_FOCAL_TRG -
[9d/22a2e7] DEN…_WF:DENSE:ELONGATE_CDS (2) | 5 of 5 ✔
[-        ] DENSE_WF:DENSE:BLAST           -
[-        ] DEN…E:TRG_LIST_BEFORE_STRATEGY -
[-        ] DENSE_WF:DENSE:BLAST_BEST_HITS -
[d7/bdbb64] DENSE_WF:DENSE:TREE_DISTANCES  | 1 of 1 ✔
[-        ] DENSE_WF:DENSE:TRG_TABLE       -
[eb/89684e] DEN…RTHOLOGS:DIAMOND_BLAST (4) | 2 of 5
[-        ] DEN…:DENSE:ORTHOLOGS:BEST_HITS | 0 of 2
[03/81dec3] DEN…ORTHOLOGS:MRNA_TO_GENE (2) | 5 of 5 ✔
[-        ] DEN…OLOGS:RECIPROCAL_BEST_HITS -
[-        ] DEN…DENSE:CHECK_SYNTENY_INPUTS -
[-        ] DENSE_WF:DENSE:CHECK_SYNTENY   -
Plus 3 more processes waiting for tasks…



executor >  local (23)
[94/a6ff0a] DENSE_WF:DENSE:CHECK_INPUTS    | 1 of 1 ✔
[20/097958] DENSE_WF:DENSE:EXTRACT_CDS (1) | 5 of 5 ✔
[03/b6f7bf] DEN…_WF:DENSE:MRNA_TO_GENE (1) | 1 of 1 ✔
[b8/7dd819] DENSE_WF:DENSE:TAXDUMP         | 1 of 1 ✔
[-        ] DENSE_WF:DENSE:GENERA          | 0 of 1
[-        ] DENSE_WF:DENSE:GENERA_FILTER   -
[-        ] DENSE_WF:DENSE:TRG_FNA         -
[-        ] DEN…SE:MULTIELONGATE_FOCAL_TRG -
[9d/22a2e7] DEN…_WF:DENSE:ELONGATE_CDS (2) | 5 of 5 ✔
[-        ] DENSE_WF:DENSE:BLAST           -
[-        ] DEN…E:TRG_LIST_BEFORE_STRATEGY -
[-        ] DENSE_WF:DENSE:BLAST_BEST_HITS -
[d7/bdbb64] DENSE_WF:DENSE:TREE_DISTANCES  | 1 of 1 ✔
[-        ] DENSE_WF:DENSE:TRG_TABLE       -
[e9/0f0975] DEN…RTHOLOGS:DIAMOND_BLAST (3) | 3 of 5
[-        ] DEN…:DENSE:ORTHOLOGS:BEST_HITS | 0 of 3
[03/81dec3] DEN…ORTHOLOGS:MRNA_TO_GENE (2) | 5 of 5 ✔
[-        ] DEN…OLOGS:RECIPROCAL_BEST_HITS -
[-        ] DEN…DENSE:CHECK_SYNTENY_INPUTS -
[-        ] DENSE_WF:DENSE:CHECK_SYNTENY   -
Plus 3 more processes waiting for tasks…



executor >  local (24)
[94/a6ff0a] DENSE_WF:DENSE:CHECK_INPUTS    | 1 of 1 ✔
[20/097958] DENSE_WF:DENSE:EXTRACT_CDS (1) | 5 of 5 ✔
[03/b6f7bf] DEN…_WF:DENSE:MRNA_TO_GENE (1) | 1 of 1 ✔
[b8/7dd819] DENSE_WF:DENSE:TAXDUMP         | 1 of 1 ✔
[-        ] DENSE_WF:DENSE:GENERA          | 0 of 1
[-        ] DENSE_WF:DENSE:GENERA_FILTER   -
[-        ] DENSE_WF:DENSE:TRG_FNA         -
[-        ] DEN…SE:MULTIELONGATE_FOCAL_TRG -
[9d/22a2e7] DEN…_WF:DENSE:ELONGATE_CDS (2) | 5 of 5 ✔
[-        ] DENSE_WF:DENSE:BLAST           -
[-        ] DEN…E:TRG_LIST_BEFORE_STRATEGY -
[-        ] DENSE_WF:DENSE:BLAST_BEST_HITS -
[d7/bdbb64] DENSE_WF:DENSE:TREE_DISTANCES  | 1 of 1 ✔
[-        ] DENSE_WF:DENSE:TRG_TABLE       -
[e9/0f0975] DEN…RTHOLOGS:DIAMOND_BLAST (3) | 4 of 5
[-        ] DEN…:DENSE:ORTHOLOGS:BEST_HITS | 0 of 4
[03/81dec3] DEN…ORTHOLOGS:MRNA_TO_GENE (2) | 5 of 5 ✔
[-        ] DEN…OLOGS:RECIPROCAL_BEST_HITS -
[-        ] DEN…DENSE:CHECK_SYNTENY_INPUTS -
[-        ] DENSE_WF:DENSE:CHECK_SYNTENY   -
Plus 3 more processes waiting for tasks…

executor >  local (25)
[94/a6ff0a] DENSE_WF:DENSE:CHECK_INPUTS    | 1 of 1 ✔
[20/097958] DENSE_WF:DENSE:EXTRACT_CDS (1) | 5 of 5 ✔
[03/b6f7bf] DEN…_WF:DENSE:MRNA_TO_GENE (1) | 1 of 1 ✔
[b8/7dd819] DENSE_WF:DENSE:TAXDUMP         | 1 of 1 ✔
[3b/4a2e6e] DEN…GENERA (phylostratigraphy) | 0 of 1
[-        ] DENSE_WF:DENSE:GENERA_FILTER   -
[-        ] DENSE_WF:DENSE:TRG_FNA         -
[-        ] DEN…SE:MULTIELONGATE_FOCAL_TRG -
[9d/22a2e7] DEN…_WF:DENSE:ELONGATE_CDS (2) | 5 of 5 ✔
[-        ] DENSE_WF:DENSE:BLAST           -
[-        ] DEN…E:TRG_LIST_BEFORE_STRATEGY -
[-        ] DENSE_WF:DENSE:BLAST_BEST_HITS -
[d7/bdbb64] DENSE_WF:DENSE:TREE_DISTANCES  | 1 of 1 ✔
[-        ] DENSE_WF:DENSE:TRG_TABLE       -
[70/ce311d] DEN…RTHOLOGS:DIAMOND_BLAST (5) | 5 of 5 ✔
[-        ] DEN…:DENSE:ORTHOLOGS:BEST_HITS | 0 of 5
[03/81dec3] DEN…ORTHOLOGS:MRNA_TO_GENE (2) | 5 of 5 ✔
[-        ] DEN…OLOGS:RECIPROCAL_BEST_HITS -
[-        ] DEN…DENSE:CHECK_SYNTENY_INPUTS -
[-        ] DENSE_WF:DENSE:CHECK_SYNTENY   -
Plus 3 more processes waiting for tasks…

executor >  local (25)
[94/a6ff0a] DENSE_WF:DENSE:CHECK_INPUTS    | 1 of 1 ✔
[20/097958] DENSE_WF:DENSE:EXTRACT_CDS (1) | 5 of 5 ✔
[03/b6f7bf] DEN…_WF:DENSE:MRNA_TO_GENE (1) | 1 of 1 ✔
[b8/7dd819] DENSE_WF:DENSE:TAXDUMP         | 1 of 1 ✔
[3b/4a2e6e] DEN…GENERA (phylostratigraphy) | 1 of 1 ✔
[-        ] DENSE_WF:DENSE:GENERA_FILTER   | 0 of 1
[-        ] DENSE_WF:DENSE:TRG_FNA         -
[-        ] DEN…SE:MULTIELONGATE_FOCAL_TRG -
[9d/22a2e7] DEN…_WF:DENSE:ELONGATE_CDS (2) | 5 of 5 ✔
[-        ] DENSE_WF:DENSE:BLAST           -
[-        ] DEN…E:TRG_LIST_BEFORE_STRATEGY -
[-        ] DENSE_WF:DENSE:BLAST_BEST_HITS -
[d7/bdbb64] DENSE_WF:DENSE:TREE_DISTANCES  | 1 of 1 ✔
[-        ] DENSE_WF:DENSE:TRG_TABLE       -
[70/ce311d] DEN…RTHOLOGS:DIAMOND_BLAST (5) | 5 of 5 ✔
[-        ] DEN…:DENSE:ORTHOLOGS:BEST_HITS | 0 of 5
[03/81dec3] DEN…ORTHOLOGS:MRNA_TO_GENE (2) | 5 of 5 ✔
[-        ] DEN…OLOGS:RECIPROCAL_BEST_HITS -
[-        ] DEN…DENSE:CHECK_SYNTENY_INPUTS -
[-        ] DENSE_WF:DENSE:CHECK_SYNTENY   -
Plus 3 more processes waiting for tasks…

executor >  local (31)
[94/a6ff0a] DENSE_WF:DENSE:CHECK_INPUTS    | 1 of 1 ✔
[20/097958] DENSE_WF:DENSE:EXTRACT_CDS (1) | 5 of 5 ✔
[03/b6f7bf] DEN…_WF:DENSE:MRNA_TO_GENE (1) | 1 of 1 ✔
[b8/7dd819] DENSE_WF:DENSE:TAXDUMP         | 1 of 1 ✔
[3b/4a2e6e] DEN…GENERA (phylostratigraphy) | 1 of 1 ✔
[02/64f552] DEN…WF:DENSE:GENERA_FILTER (1) | 0 of 1
[-        ] DENSE_WF:DENSE:TRG_FNA         -
[-        ] DEN…SE:MULTIELONGATE_FOCAL_TRG -
[9d/22a2e7] DEN…_WF:DENSE:ELONGATE_CDS (2) | 5 of 5 ✔
[-        ] DENSE_WF:DENSE:BLAST           -
[-        ] DEN…E:TRG_LIST_BEFORE_STRATEGY -
[-        ] DENSE_WF:DENSE:BLAST_BEST_HITS -
[d7/bdbb64] DENSE_WF:DENSE:TREE_DISTANCES  | 1 of 1 ✔
[-        ] DENSE_WF:DENSE:TRG_TABLE       -
[70/ce311d] DEN…RTHOLOGS:DIAMOND_BLAST (5) | 5 of 5 ✔
[04/d8d1fb] DEN…SE:ORTHOLOGS:BEST_HITS (5) | 0 of 5
[03/81dec3] DEN…ORTHOLOGS:MRNA_TO_GENE (2) | 5 of 5 ✔
[-        ] DEN…OLOGS:RECIPROCAL_BEST_HITS -
[-        ] DEN…DENSE:CHECK_SYNTENY_INPUTS -
[-        ] DENSE_WF:DENSE:CHECK_SYNTENY   -
Plus 3 more processes waiting for tasks…

executor >  local (35)
[94/a6ff0a] DENSE_WF:DENSE:CHECK_INPUTS    | 1 of 1 ✔
[20/097958] DENSE_WF:DENSE:EXTRACT_CDS (1) | 5 of 5 ✔
[03/b6f7bf] DEN…_WF:DENSE:MRNA_TO_GENE (1) | 1 of 1 ✔
[b8/7dd819] DENSE_WF:DENSE:TAXDUMP         | 1 of 1 ✔
[3b/4a2e6e] DEN…GENERA (phylostratigraphy) | 1 of 1 ✔
[02/64f552] DEN…WF:DENSE:GENERA_FILTER (1) | 0 of 1
[-        ] DENSE_WF:DENSE:TRG_FNA         -
[-        ] DEN…SE:MULTIELONGATE_FOCAL_TRG -
[9d/22a2e7] DEN…_WF:DENSE:ELONGATE_CDS (2) | 5 of 5 ✔
[-        ] DENSE_WF:DENSE:BLAST           -
[-        ] DEN…E:TRG_LIST_BEFORE_STRATEGY -
[-        ] DENSE_WF:DENSE:BLAST_BEST_HITS -
[d7/bdbb64] DENSE_WF:DENSE:TREE_DISTANCES  | 1 of 1 ✔
[-        ] DENSE_WF:DENSE:TRG_TABLE       -
[70/ce311d] DEN…RTHOLOGS:DIAMOND_BLAST (5) | 5 of 5 ✔
[0e/91cd20] DEN…SE:ORTHOLOGS:BEST_HITS (4) | 4 of 5
[03/81dec3] DEN…ORTHOLOGS:MRNA_TO_GENE (2) | 5 of 5 ✔
[7b/12f287] DEN…S:RECIPROCAL_BEST_HITS (4) | 0 of 4
[-        ] DEN…DENSE:CHECK_SYNTENY_INPUTS -
[-        ] DENSE_WF:DENSE:CHECK_SYNTENY   -
Plus 3 more processes waiting for tasks…

executor >  local (36)
[94/a6ff0a] DENSE_WF:DENSE:CHECK_INPUTS    | 1 of 1 ✔
[20/097958] DENSE_WF:DENSE:EXTRACT_CDS (1) | 5 of 5 ✔
[03/b6f7bf] DEN…_WF:DENSE:MRNA_TO_GENE (1) | 1 of 1 ✔
[b8/7dd819] DENSE_WF:DENSE:TAXDUMP         | 1 of 1 ✔
[3b/4a2e6e] DEN…GENERA (phylostratigraphy) | 1 of 1 ✔
[02/64f552] DEN…WF:DENSE:GENERA_FILTER (1) | 0 of 1
[-        ] DENSE_WF:DENSE:TRG_FNA         -
[-        ] DEN…SE:MULTIELONGATE_FOCAL_TRG -
[9d/22a2e7] DEN…_WF:DENSE:ELONGATE_CDS (2) | 5 of 5 ✔
[-        ] DENSE_WF:DENSE:BLAST           -
[-        ] DEN…E:TRG_LIST_BEFORE_STRATEGY -
[-        ] DENSE_WF:DENSE:BLAST_BEST_HITS -
[d7/bdbb64] DENSE_WF:DENSE:TREE_DISTANCES  | 1 of 1 ✔
[-        ] DENSE_WF:DENSE:TRG_TABLE       -
[70/ce311d] DEN…RTHOLOGS:DIAMOND_BLAST (5) | 5 of 5 ✔
[9e/3d0d64] DEN…SE:ORTHOLOGS:BEST_HITS (3) | 5 of 5 ✔
[03/81dec3] DEN…ORTHOLOGS:MRNA_TO_GENE (2) | 5 of 5 ✔
[10/25a3d0] DEN…S:RECIPROCAL_BEST_HITS (5) | 0 of 5
[-        ] DEN…DENSE:CHECK_SYNTENY_INPUTS -
[-        ] DENSE_WF:DENSE:CHECK_SYNTENY   -
Plus 3 more processes waiting for tasks…

executor >  local (37)
[94/a6ff0a] DENSE_WF:DENSE:CHECK_INPUTS    | 1 of 1 ✔
[20/097958] DENSE_WF:DENSE:EXTRACT_CDS (1) | 5 of 5 ✔
[03/b6f7bf] DEN…_WF:DENSE:MRNA_TO_GENE (1) | 1 of 1 ✔
[b8/7dd819] DENSE_WF:DENSE:TAXDUMP         | 1 of 1 ✔
[3b/4a2e6e] DEN…GENERA (phylostratigraphy) | 1 of 1 ✔
[02/64f552] DEN…WF:DENSE:GENERA_FILTER (1) | 1 of 1 ✔
[a2/3a7358] DENSE_WF:DENSE:TRG_FNA (1)     | 0 of 1
[-        ] DEN…SE:MULTIELONGATE_FOCAL_TRG -
[9d/22a2e7] DEN…_WF:DENSE:ELONGATE_CDS (2) | 5 of 5 ✔
[-        ] DENSE_WF:DENSE:BLAST           -
[-        ] DEN…E:TRG_LIST_BEFORE_STRATEGY -
[-        ] DENSE_WF:DENSE:BLAST_BEST_HITS -
[d7/bdbb64] DENSE_WF:DENSE:TREE_DISTANCES  | 1 of 1 ✔
[-        ] DENSE_WF:DENSE:TRG_TABLE       -
[70/ce311d] DEN…RTHOLOGS:DIAMOND_BLAST (5) | 5 of 5 ✔
[9e/3d0d64] DEN…SE:ORTHOLOGS:BEST_HITS (3) | 5 of 5 ✔
[03/81dec3] DEN…ORTHOLOGS:MRNA_TO_GENE (2) | 5 of 5 ✔
[10/25a3d0] DEN…S:RECIPROCAL_BEST_HITS (5) | 0 of 5
[-        ] DEN…DENSE:CHECK_SYNTENY_INPUTS -
[-        ] DENSE_WF:DENSE:CHECK_SYNTENY   -
Plus 3 more processes waiting for tasks…

executor >  local (37)
[94/a6ff0a] DENSE_WF:DENSE:CHECK_INPUTS    | 1 of 1 ✔
[20/097958] DENSE_WF:DENSE:EXTRACT_CDS (1) | 5 of 5 ✔
[03/b6f7bf] DEN…_WF:DENSE:MRNA_TO_GENE (1) | 1 of 1 ✔
[b8/7dd819] DENSE_WF:DENSE:TAXDUMP         | 1 of 1 ✔
[3b/4a2e6e] DEN…GENERA (phylostratigraphy) | 1 of 1 ✔
[02/64f552] DEN…WF:DENSE:GENERA_FILTER (1) | 1 of 1 ✔
[a2/3a7358] DENSE_WF:DENSE:TRG_FNA (1)     | 0 of 1
[-        ] DEN…SE:MULTIELONGATE_FOCAL_TRG -
[9d/22a2e7] DEN…_WF:DENSE:ELONGATE_CDS (2) | 5 of 5 ✔
[-        ] DENSE_WF:DENSE:BLAST           -
[-        ] DEN…E:TRG_LIST_BEFORE_STRATEGY -
[-        ] DENSE_WF:DENSE:BLAST_BEST_HITS -
[d7/bdbb64] DENSE_WF:DENSE:TREE_DISTANCES  | 1 of 1 ✔
[-        ] DENSE_WF:DENSE:TRG_TABLE       -
[70/ce311d] DEN…RTHOLOGS:DIAMOND_BLAST (5) | 5 of 5 ✔
[9e/3d0d64] DEN…SE:ORTHOLOGS:BEST_HITS (3) | 5 of 5 ✔
[03/81dec3] DEN…ORTHOLOGS:MRNA_TO_GENE (2) | 5 of 5 ✔
[b2/ba6845] DEN…S:RECIPROCAL_BEST_HITS (3) | 3 of 5
[-        ] DEN…DENSE:CHECK_SYNTENY_INPUTS -
[-        ] DENSE_WF:DENSE:CHECK_SYNTENY   -
Plus 3 more processes waiting for tasks…

executor >  local (37)
[94/a6ff0a] DENSE_WF:DENSE:CHECK_INPUTS    | 1 of 1 ✔
[20/097958] DENSE_WF:DENSE:EXTRACT_CDS (1) | 5 of 5 ✔
[03/b6f7bf] DEN…_WF:DENSE:MRNA_TO_GENE (1) | 1 of 1 ✔
[b8/7dd819] DENSE_WF:DENSE:TAXDUMP         | 1 of 1 ✔
[3b/4a2e6e] DEN…GENERA (phylostratigraphy) | 1 of 1 ✔
[02/64f552] DEN…WF:DENSE:GENERA_FILTER (1) | 1 of 1 ✔
[a2/3a7358] DENSE_WF:DENSE:TRG_FNA (1)     | 0 of 1
[-        ] DEN…SE:MULTIELONGATE_FOCAL_TRG -
[9d/22a2e7] DEN…_WF:DENSE:ELONGATE_CDS (2) | 5 of 5 ✔
[-        ] DENSE_WF:DENSE:BLAST           -
[-        ] DEN…E:TRG_LIST_BEFORE_STRATEGY -
[-        ] DENSE_WF:DENSE:BLAST_BEST_HITS -
[d7/bdbb64] DENSE_WF:DENSE:TREE_DISTANCES  | 1 of 1 ✔
[-        ] DENSE_WF:DENSE:TRG_TABLE       -
[70/ce311d] DEN…RTHOLOGS:DIAMOND_BLAST (5) | 5 of 5 ✔
[9e/3d0d64] DEN…SE:ORTHOLOGS:BEST_HITS (3) | 5 of 5 ✔
[03/81dec3] DEN…ORTHOLOGS:MRNA_TO_GENE (2) | 5 of 5 ✔
[7b/12f287] DEN…S:RECIPROCAL_BEST_HITS (4) | 5 of 5 ✔
[-        ] DEN…DENSE:CHECK_SYNTENY_INPUTS -
[-        ] DENSE_WF:DENSE:CHECK_SYNTENY   -
Plus 3 more processes waiting for tasks…

executor >  local (38)
[94/a6ff0a] DENSE_WF:DENSE:CHECK_INPUTS    | 1 of 1 ✔
[20/097958] DENSE_WF:DENSE:EXTRACT_CDS (1) | 5 of 5 ✔
[03/b6f7bf] DEN…_WF:DENSE:MRNA_TO_GENE (1) | 1 of 1 ✔
[b8/7dd819] DENSE_WF:DENSE:TAXDUMP         | 1 of 1 ✔
[3b/4a2e6e] DEN…GENERA (phylostratigraphy) | 1 of 1 ✔
[02/64f552] DEN…WF:DENSE:GENERA_FILTER (1) | 1 of 1 ✔
[a2/3a7358] DENSE_WF:DENSE:TRG_FNA (1)     | 1 of 1 ✔
[5c/d98cd0] DEN…ULTIELONGATE_FOCAL_TRG (1) | 0 of 1
[9d/22a2e7] DEN…_WF:DENSE:ELONGATE_CDS (2) | 5 of 5 ✔
[-        ] DENSE_WF:DENSE:BLAST           -
[-        ] DEN…E:TRG_LIST_BEFORE_STRATEGY -
[-        ] DENSE_WF:DENSE:BLAST_BEST_HITS -
[d7/bdbb64] DENSE_WF:DENSE:TREE_DISTANCES  | 1 of 1 ✔
[-        ] DENSE_WF:DENSE:TRG_TABLE       -
[70/ce311d] DEN…RTHOLOGS:DIAMOND_BLAST (5) | 5 of 5 ✔
[9e/3d0d64] DEN…SE:ORTHOLOGS:BEST_HITS (3) | 5 of 5 ✔
[03/81dec3] DEN…ORTHOLOGS:MRNA_TO_GENE (2) | 5 of 5 ✔
[7b/12f287] DEN…S:RECIPROCAL_BEST_HITS (4) | 5 of 5 ✔
[-        ] DEN…DENSE:CHECK_SYNTENY_INPUTS -
[-        ] DENSE_WF:DENSE:CHECK_SYNTENY   -
Plus 3 more processes waiting for tasks…

executor >  local (39)
[94/a6ff0a] DENSE_WF:DENSE:CHECK_INPUTS    | 1 of 1 ✔
[20/097958] DENSE_WF:DENSE:EXTRACT_CDS (1) | 5 of 5 ✔
[03/b6f7bf] DEN…_WF:DENSE:MRNA_TO_GENE (1) | 1 of 1 ✔
[b8/7dd819] DENSE_WF:DENSE:TAXDUMP         | 1 of 1 ✔
[3b/4a2e6e] DEN…GENERA (phylostratigraphy) | 1 of 1 ✔
[02/64f552] DEN…WF:DENSE:GENERA_FILTER (1) | 1 of 1 ✔
[a2/3a7358] DENSE_WF:DENSE:TRG_FNA (1)     | 1 of 1 ✔
[5c/d98cd0] DEN…ULTIELONGATE_FOCAL_TRG (1) | 1 of 1 ✔
[9d/22a2e7] DEN…_WF:DENSE:ELONGATE_CDS (2) | 5 of 5 ✔
[22/354b79] DENSE_WF:DENSE:BLAST (3)       | 0 of 5
[-        ] DEN…E:TRG_LIST_BEFORE_STRATEGY -
[-        ] DENSE_WF:DENSE:BLAST_BEST_HITS -
[d7/bdbb64] DENSE_WF:DENSE:TREE_DISTANCES  | 1 of 1 ✔
[-        ] DENSE_WF:DENSE:TRG_TABLE       -
[70/ce311d] DEN…RTHOLOGS:DIAMOND_BLAST (5) | 5 of 5 ✔
[9e/3d0d64] DEN…SE:ORTHOLOGS:BEST_HITS (3) | 5 of 5 ✔
[03/81dec3] DEN…ORTHOLOGS:MRNA_TO_GENE (2) | 5 of 5 ✔
[7b/12f287] DEN…S:RECIPROCAL_BEST_HITS (4) | 5 of 5 ✔
[-        ] DEN…DENSE:CHECK_SYNTENY_INPUTS -
[-        ] DENSE_WF:DENSE:CHECK_SYNTENY   -
Plus 3 more processes waiting for tasks…

executor >  local (40)
[94/a6ff0a] DENSE_WF:DENSE:CHECK_INPUTS    | 1 of 1 ✔
[20/097958] DENSE_WF:DENSE:EXTRACT_CDS (1) | 5 of 5 ✔
[03/b6f7bf] DEN…_WF:DENSE:MRNA_TO_GENE (1) | 1 of 1 ✔
[b8/7dd819] DENSE_WF:DENSE:TAXDUMP         | 1 of 1 ✔
[3b/4a2e6e] DEN…GENERA (phylostratigraphy) | 1 of 1 ✔
[02/64f552] DEN…WF:DENSE:GENERA_FILTER (1) | 1 of 1 ✔
[a2/3a7358] DENSE_WF:DENSE:TRG_FNA (1)     | 1 of 1 ✔
[5c/d98cd0] DEN…ULTIELONGATE_FOCAL_TRG (1) | 1 of 1 ✔
[9d/22a2e7] DEN…_WF:DENSE:ELONGATE_CDS (2) | 5 of 5 ✔
[97/43c292] DENSE_WF:DENSE:BLAST (4)       | 1 of 5
[-        ] DEN…E:TRG_LIST_BEFORE_STRATEGY | 0 of 1
[-        ] DENSE_WF:DENSE:BLAST_BEST_HITS | 0 of 1
[d7/bdbb64] DENSE_WF:DENSE:TREE_DISTANCES  | 1 of 1 ✔
[-        ] DENSE_WF:DENSE:TRG_TABLE       -
[70/ce311d] DEN…RTHOLOGS:DIAMOND_BLAST (5) | 5 of 5 ✔
[9e/3d0d64] DEN…SE:ORTHOLOGS:BEST_HITS (3) | 5 of 5 ✔
[03/81dec3] DEN…ORTHOLOGS:MRNA_TO_GENE (2) | 5 of 5 ✔
[7b/12f287] DEN…S:RECIPROCAL_BEST_HITS (4) | 5 of 5 ✔
[-        ] DEN…DENSE:CHECK_SYNTENY_INPUTS -
[-        ] DENSE_WF:DENSE:CHECK_SYNTENY   -
Plus 3 more processes waiting for tasks…

executor >  local (40)
[94/a6ff0a] DENSE_WF:DENSE:CHECK_INPUTS    | 1 of 1 ✔
[20/097958] DENSE_WF:DENSE:EXTRACT_CDS (1) | 5 of 5 ✔
[03/b6f7bf] DEN…_WF:DENSE:MRNA_TO_GENE (1) | 1 of 1 ✔
[b8/7dd819] DENSE_WF:DENSE:TAXDUMP         | 1 of 1 ✔
[3b/4a2e6e] DEN…GENERA (phylostratigraphy) | 1 of 1 ✔
[02/64f552] DEN…WF:DENSE:GENERA_FILTER (1) | 1 of 1 ✔
[a2/3a7358] DENSE_WF:DENSE:TRG_FNA (1)     | 1 of 1 ✔
[5c/d98cd0] DEN…ULTIELONGATE_FOCAL_TRG (1) | 1 of 1 ✔
[9d/22a2e7] DEN…_WF:DENSE:ELONGATE_CDS (2) | 5 of 5 ✔
[97/43c292] DENSE_WF:DENSE:BLAST (4)       | 1 of 5
[-        ] DEN…E:TRG_LIST_BEFORE_STRATEGY | 0 of 1
[-        ] DENSE_WF:DENSE:BLAST_BEST_HITS | 0 of 1
[d7/bdbb64] DENSE_WF:DENSE:TREE_DISTANCES  | 1 of 1 ✔
[-        ] DENSE_WF:DENSE:TRG_TABLE       -
[70/ce311d] DEN…RTHOLOGS:DIAMOND_BLAST (5) | 5 of 5 ✔
[9e/3d0d64] DEN…SE:ORTHOLOGS:BEST_HITS (3) | 5 of 5 ✔
[03/81dec3] DEN…ORTHOLOGS:MRNA_TO_GENE (2) | 5 of 5 ✔
[7b/12f287] DEN…S:RECIPROCAL_BEST_HITS (4) | 5 of 5 ✔
[-        ] DEN…DENSE:CHECK_SYNTENY_INPUTS -
[-        ] DENSE_WF:DENSE:CHECK_SYNTENY   -
Plus 3 more processes waiting for tasks…

executor >  local (41)
[94/a6ff0a] DENSE_WF:DENSE:CHECK_INPUTS    | 1 of 1 ✔
[20/097958] DENSE_WF:DENSE:EXTRACT_CDS (1) | 5 of 5 ✔
[03/b6f7bf] DEN…_WF:DENSE:MRNA_TO_GENE (1) | 1 of 1 ✔
[b8/7dd819] DENSE_WF:DENSE:TAXDUMP         | 1 of 1 ✔
[3b/4a2e6e] DEN…GENERA (phylostratigraphy) | 1 of 1 ✔
[02/64f552] DEN…WF:DENSE:GENERA_FILTER (1) | 1 of 1 ✔
[a2/3a7358] DENSE_WF:DENSE:TRG_FNA (1)     | 1 of 1 ✔
[5c/d98cd0] DEN…ULTIELONGATE_FOCAL_TRG (1) | 1 of 1 ✔
[9d/22a2e7] DEN…_WF:DENSE:ELONGATE_CDS (2) | 5 of 5 ✔
[d9/e3291f] DENSE_WF:DENSE:BLAST (5)       | 2 of 5
[-        ] DEN…E:TRG_LIST_BEFORE_STRATEGY | 0 of 1
[-        ] DENSE_WF:DENSE:BLAST_BEST_HITS | 0 of 2
[d7/bdbb64] DENSE_WF:DENSE:TREE_DISTANCES  | 1 of 1 ✔
[-        ] DENSE_WF:DENSE:TRG_TABLE       -
[70/ce311d] DEN…RTHOLOGS:DIAMOND_BLAST (5) | 5 of 5 ✔
[9e/3d0d64] DEN…SE:ORTHOLOGS:BEST_HITS (3) | 5 of 5 ✔
[03/81dec3] DEN…ORTHOLOGS:MRNA_TO_GENE (2) | 5 of 5 ✔
[7b/12f287] DEN…S:RECIPROCAL_BEST_HITS (4) | 5 of 5 ✔
[-        ] DEN…DENSE:CHECK_SYNTENY_INPUTS -
[-        ] DENSE_WF:DENSE:CHECK_SYNTENY   -
Plus 3 more processes waiting for tasks…

executor >  local (42)
[94/a6ff0a] DENSE_WF:DENSE:CHECK_INPUTS    | 1 of 1 ✔
[20/097958] DENSE_WF:DENSE:EXTRACT_CDS (1) | 5 of 5 ✔
[03/b6f7bf] DEN…_WF:DENSE:MRNA_TO_GENE (1) | 1 of 1 ✔
[b8/7dd819] DENSE_WF:DENSE:TAXDUMP         | 1 of 1 ✔
[3b/4a2e6e] DEN…GENERA (phylostratigraphy) | 1 of 1 ✔
[02/64f552] DEN…WF:DENSE:GENERA_FILTER (1) | 1 of 1 ✔
[a2/3a7358] DENSE_WF:DENSE:TRG_FNA (1)     | 1 of 1 ✔
[5c/d98cd0] DEN…ULTIELONGATE_FOCAL_TRG (1) | 1 of 1 ✔
[9d/22a2e7] DEN…_WF:DENSE:ELONGATE_CDS (2) | 5 of 5 ✔
[65/17c908] DENSE_WF:DENSE:BLAST (1)       | 3 of 5
[-        ] DEN…E:TRG_LIST_BEFORE_STRATEGY | 0 of 1
[-        ] DENSE_WF:DENSE:BLAST_BEST_HITS | 0 of 3
[d7/bdbb64] DENSE_WF:DENSE:TREE_DISTANCES  | 1 of 1 ✔
[-        ] DENSE_WF:DENSE:TRG_TABLE       -
[70/ce311d] DEN…RTHOLOGS:DIAMOND_BLAST (5) | 5 of 5 ✔
[9e/3d0d64] DEN…SE:ORTHOLOGS:BEST_HITS (3) | 5 of 5 ✔
[03/81dec3] DEN…ORTHOLOGS:MRNA_TO_GENE (2) | 5 of 5 ✔
[7b/12f287] DEN…S:RECIPROCAL_BEST_HITS (4) | 5 of 5 ✔
[-        ] DEN…DENSE:CHECK_SYNTENY_INPUTS -
[-        ] DENSE_WF:DENSE:CHECK_SYNTENY   -
Plus 3 more processes waiting for tasks…

executor >  local (43)
[94/a6ff0a] DENSE_WF:DENSE:CHECK_INPUTS    | 1 of 1 ✔
[20/097958] DENSE_WF:DENSE:EXTRACT_CDS (1) | 5 of 5 ✔
[03/b6f7bf] DEN…_WF:DENSE:MRNA_TO_GENE (1) | 1 of 1 ✔
[b8/7dd819] DENSE_WF:DENSE:TAXDUMP         | 1 of 1 ✔
[3b/4a2e6e] DEN…GENERA (phylostratigraphy) | 1 of 1 ✔
[02/64f552] DEN…WF:DENSE:GENERA_FILTER (1) | 1 of 1 ✔
[a2/3a7358] DENSE_WF:DENSE:TRG_FNA (1)     | 1 of 1 ✔
[5c/d98cd0] DEN…ULTIELONGATE_FOCAL_TRG (1) | 1 of 1 ✔
[9d/22a2e7] DEN…_WF:DENSE:ELONGATE_CDS (2) | 5 of 5 ✔
[c6/9fc116] DENSE_WF:DENSE:BLAST (2)       | 4 of 5
[-        ] DEN…E:TRG_LIST_BEFORE_STRATEGY | 0 of 1
[-        ] DENSE_WF:DENSE:BLAST_BEST_HITS | 0 of 4
[d7/bdbb64] DENSE_WF:DENSE:TREE_DISTANCES  | 1 of 1 ✔
[-        ] DENSE_WF:DENSE:TRG_TABLE       -
[70/ce311d] DEN…RTHOLOGS:DIAMOND_BLAST (5) | 5 of 5 ✔
[9e/3d0d64] DEN…SE:ORTHOLOGS:BEST_HITS (3) | 5 of 5 ✔
[03/81dec3] DEN…ORTHOLOGS:MRNA_TO_GENE (2) | 5 of 5 ✔
[7b/12f287] DEN…S:RECIPROCAL_BEST_HITS (4) | 5 of 5 ✔
[-        ] DEN…DENSE:CHECK_SYNTENY_INPUTS -
[-        ] DENSE_WF:DENSE:CHECK_SYNTENY   -
Plus 3 more processes waiting for tasks…

executor >  local (49)
[94/a6ff0a] DENSE_WF:DENSE:CHECK_INPUTS    | 1 of 1 ✔
[20/097958] DENSE_WF:DENSE:EXTRACT_CDS (1) | 5 of 5 ✔
[03/b6f7bf] DEN…_WF:DENSE:MRNA_TO_GENE (1) | 1 of 1 ✔
[b8/7dd819] DENSE_WF:DENSE:TAXDUMP         | 1 of 1 ✔
[3b/4a2e6e] DEN…GENERA (phylostratigraphy) | 1 of 1 ✔
[02/64f552] DEN…WF:DENSE:GENERA_FILTER (1) | 1 of 1 ✔
[a2/3a7358] DENSE_WF:DENSE:TRG_FNA (1)     | 1 of 1 ✔
[5c/d98cd0] DEN…ULTIELONGATE_FOCAL_TRG (1) | 1 of 1 ✔
[9d/22a2e7] DEN…_WF:DENSE:ELONGATE_CDS (2) | 5 of 5 ✔
[c6/9fc116] DENSE_WF:DENSE:BLAST (2)       | 5 of 5 ✔
[0f/4a159b] DEN…E:TRG_LIST_BEFORE_STRATEGY | 0 of 1
[f4/662ad9] DEN…:DENSE:BLAST_BEST_HITS (5) | 0 of 5
[d7/bdbb64] DENSE_WF:DENSE:TREE_DISTANCES  | 1 of 1 ✔
[-        ] DENSE_WF:DENSE:TRG_TABLE       -
[70/ce311d] DEN…RTHOLOGS:DIAMOND_BLAST (5) | 5 of 5 ✔
[9e/3d0d64] DEN…SE:ORTHOLOGS:BEST_HITS (3) | 5 of 5 ✔
[03/81dec3] DEN…ORTHOLOGS:MRNA_TO_GENE (2) | 5 of 5 ✔
[7b/12f287] DEN…S:RECIPROCAL_BEST_HITS (4) | 5 of 5 ✔
[-        ] DEN…DENSE:CHECK_SYNTENY_INPUTS -
[-        ] DENSE_WF:DENSE:CHECK_SYNTENY   -
Plus 3 more processes waiting for tasks…

executor >  local (49)
[94/a6ff0a] DENSE_WF:DENSE:CHECK_INPUTS    | 1 of 1 ✔
[20/097958] DENSE_WF:DENSE:EXTRACT_CDS (1) | 5 of 5 ✔
[03/b6f7bf] DEN…_WF:DENSE:MRNA_TO_GENE (1) | 1 of 1 ✔
[b8/7dd819] DENSE_WF:DENSE:TAXDUMP         | 1 of 1 ✔
[3b/4a2e6e] DEN…GENERA (phylostratigraphy) | 1 of 1 ✔
[02/64f552] DEN…WF:DENSE:GENERA_FILTER (1) | 1 of 1 ✔
[a2/3a7358] DENSE_WF:DENSE:TRG_FNA (1)     | 1 of 1 ✔
[5c/d98cd0] DEN…ULTIELONGATE_FOCAL_TRG (1) | 1 of 1 ✔
[9d/22a2e7] DEN…_WF:DENSE:ELONGATE_CDS (2) | 5 of 5 ✔
[c6/9fc116] DENSE_WF:DENSE:BLAST (2)       | 5 of 5 ✔
[0f/4a159b] DEN…E:TRG_LIST_BEFORE_STRATEGY | 1 of 1 ✔
[f4/662ad9] DEN…:DENSE:BLAST_BEST_HITS (5) | 0 of 5
[d7/bdbb64] DENSE_WF:DENSE:TREE_DISTANCES  | 1 of 1 ✔
[-        ] DENSE_WF:DENSE:TRG_TABLE       -
[70/ce311d] DEN…RTHOLOGS:DIAMOND_BLAST (5) | 5 of 5 ✔
[9e/3d0d64] DEN…SE:ORTHOLOGS:BEST_HITS (3) | 5 of 5 ✔
[03/81dec3] DEN…ORTHOLOGS:MRNA_TO_GENE (2) | 5 of 5 ✔
[7b/12f287] DEN…S:RECIPROCAL_BEST_HITS (4) | 5 of 5 ✔
[-        ] DEN…DENSE:CHECK_SYNTENY_INPUTS -
[-        ] DENSE_WF:DENSE:CHECK_SYNTENY   -
Plus 3 more processes waiting for tasks…

executor >  local (53)
[94/a6ff0a] DENSE_WF:DENSE:CHECK_INPUTS    | 1 of 1 ✔
[20/097958] DENSE_WF:DENSE:EXTRACT_CDS (1) | 5 of 5 ✔
[03/b6f7bf] DEN…_WF:DENSE:MRNA_TO_GENE (1) | 1 of 1 ✔
[b8/7dd819] DENSE_WF:DENSE:TAXDUMP         | 1 of 1 ✔
[3b/4a2e6e] DEN…GENERA (phylostratigraphy) | 1 of 1 ✔
[02/64f552] DEN…WF:DENSE:GENERA_FILTER (1) | 1 of 1 ✔
[a2/3a7358] DENSE_WF:DENSE:TRG_FNA (1)     | 1 of 1 ✔
[5c/d98cd0] DEN…ULTIELONGATE_FOCAL_TRG (1) | 1 of 1 ✔
[9d/22a2e7] DEN…_WF:DENSE:ELONGATE_CDS (2) | 5 of 5 ✔
[c6/9fc116] DENSE_WF:DENSE:BLAST (2)       | 5 of 5 ✔
[0f/4a159b] DEN…E:TRG_LIST_BEFORE_STRATEGY | 1 of 1 ✔
[f4/662ad9] DEN…:DENSE:BLAST_BEST_HITS (5) | 4 of 5
[d7/bdbb64] DENSE_WF:DENSE:TREE_DISTANCES  | 1 of 1 ✔
[-        ] DENSE_WF:DENSE:TRG_TABLE       -
[70/ce311d] DEN…RTHOLOGS:DIAMOND_BLAST (5) | 5 of 5 ✔
[9e/3d0d64] DEN…SE:ORTHOLOGS:BEST_HITS (3) | 5 of 5 ✔
[03/81dec3] DEN…ORTHOLOGS:MRNA_TO_GENE (2) | 5 of 5 ✔
[7b/12f287] DEN…S:RECIPROCAL_BEST_HITS (4) | 5 of 5 ✔
[26/b5a400] DEN…E:CHECK_SYNTENY_INPUTS (4) | 0 of 4
[-        ] DENSE_WF:DENSE:CHECK_SYNTENY   -
Plus 3 more processes waiting for tasks…

executor >  local (54)
[94/a6ff0a] DENSE_WF:DENSE:CHECK_INPUTS    | 1 of 1 ✔
[20/097958] DENSE_WF:DENSE:EXTRACT_CDS (1) | 5 of 5 ✔
[03/b6f7bf] DEN…_WF:DENSE:MRNA_TO_GENE (1) | 1 of 1 ✔
[b8/7dd819] DENSE_WF:DENSE:TAXDUMP         | 1 of 1 ✔
[3b/4a2e6e] DEN…GENERA (phylostratigraphy) | 1 of 1 ✔
[02/64f552] DEN…WF:DENSE:GENERA_FILTER (1) | 1 of 1 ✔
[a2/3a7358] DENSE_WF:DENSE:TRG_FNA (1)     | 1 of 1 ✔
[5c/d98cd0] DEN…ULTIELONGATE_FOCAL_TRG (1) | 1 of 1 ✔
[9d/22a2e7] DEN…_WF:DENSE:ELONGATE_CDS (2) | 5 of 5 ✔
[c6/9fc116] DENSE_WF:DENSE:BLAST (2)       | 5 of 5 ✔
[0f/4a159b] DEN…E:TRG_LIST_BEFORE_STRATEGY | 1 of 1 ✔
[9b/e844ed] DEN…:DENSE:BLAST_BEST_HITS (3) | 5 of 5 ✔
[d7/bdbb64] DENSE_WF:DENSE:TREE_DISTANCES  | 1 of 1 ✔
[-        ] DENSE_WF:DENSE:TRG_TABLE       -
[70/ce311d] DEN…RTHOLOGS:DIAMOND_BLAST (5) | 5 of 5 ✔
[9e/3d0d64] DEN…SE:ORTHOLOGS:BEST_HITS (3) | 5 of 5 ✔
[03/81dec3] DEN…ORTHOLOGS:MRNA_TO_GENE (2) | 5 of 5 ✔
[7b/12f287] DEN…S:RECIPROCAL_BEST_HITS (4) | 5 of 5 ✔
[ba/279dfd] DEN…E:CHECK_SYNTENY_INPUTS (5) | 0 of 5
[-        ] DENSE_WF:DENSE:CHECK_SYNTENY   -
Plus 3 more processes waiting for tasks…

executor >  local (55)
[94/a6ff0a] DENSE_WF:DENSE:CHECK_INPUTS    | 1 of 1 ✔
[20/097958] DENSE_WF:DENSE:EXTRACT_CDS (1) | 5 of 5 ✔
[03/b6f7bf] DEN…_WF:DENSE:MRNA_TO_GENE (1) | 1 of 1 ✔
[b8/7dd819] DENSE_WF:DENSE:TAXDUMP         | 1 of 1 ✔
[3b/4a2e6e] DEN…GENERA (phylostratigraphy) | 1 of 1 ✔
[02/64f552] DEN…WF:DENSE:GENERA_FILTER (1) | 1 of 1 ✔
[a2/3a7358] DENSE_WF:DENSE:TRG_FNA (1)     | 1 of 1 ✔
[5c/d98cd0] DEN…ULTIELONGATE_FOCAL_TRG (1) | 1 of 1 ✔
[9d/22a2e7] DEN…_WF:DENSE:ELONGATE_CDS (2) | 5 of 5 ✔
[c6/9fc116] DENSE_WF:DENSE:BLAST (2)       | 5 of 5 ✔
[0f/4a159b] DEN…E:TRG_LIST_BEFORE_STRATEGY | 1 of 1 ✔
[9b/e844ed] DEN…:DENSE:BLAST_BEST_HITS (3) | 5 of 5 ✔
[d7/bdbb64] DENSE_WF:DENSE:TREE_DISTANCES  | 1 of 1 ✔
[71/bf147b] DENSE_WF:DENSE:TRG_TABLE       | 0 of 1
[70/ce311d] DEN…RTHOLOGS:DIAMOND_BLAST (5) | 5 of 5 ✔
[9e/3d0d64] DEN…SE:ORTHOLOGS:BEST_HITS (3) | 5 of 5 ✔
[03/81dec3] DEN…ORTHOLOGS:MRNA_TO_GENE (2) | 5 of 5 ✔
[7b/12f287] DEN…S:RECIPROCAL_BEST_HITS (4) | 5 of 5 ✔
[ba/279dfd] DEN…E:CHECK_SYNTENY_INPUTS (5) | 0 of 5
[-        ] DENSE_WF:DENSE:CHECK_SYNTENY   -
Plus 3 more processes waiting for tasks…

executor >  local (59)
[94/a6ff0a] DENSE_WF:DENSE:CHECK_INPUTS    | 1 of 1 ✔
[20/097958] DENSE_WF:DENSE:EXTRACT_CDS (1) | 5 of 5 ✔
[03/b6f7bf] DEN…_WF:DENSE:MRNA_TO_GENE (1) | 1 of 1 ✔
[b8/7dd819] DENSE_WF:DENSE:TAXDUMP         | 1 of 1 ✔
[3b/4a2e6e] DEN…GENERA (phylostratigraphy) | 1 of 1 ✔
[02/64f552] DEN…WF:DENSE:GENERA_FILTER (1) | 1 of 1 ✔
[a2/3a7358] DENSE_WF:DENSE:TRG_FNA (1)     | 1 of 1 ✔
[5c/d98cd0] DEN…ULTIELONGATE_FOCAL_TRG (1) | 1 of 1 ✔
[9d/22a2e7] DEN…_WF:DENSE:ELONGATE_CDS (2) | 5 of 5 ✔
[c6/9fc116] DENSE_WF:DENSE:BLAST (2)       | 5 of 5 ✔
[0f/4a159b] DEN…E:TRG_LIST_BEFORE_STRATEGY | 1 of 1 ✔
[9b/e844ed] DEN…:DENSE:BLAST_BEST_HITS (3) | 5 of 5 ✔
[d7/bdbb64] DENSE_WF:DENSE:TREE_DISTANCES  | 1 of 1 ✔
[71/bf147b] DENSE_WF:DENSE:TRG_TABLE       | 0 of 1
[70/ce311d] DEN…RTHOLOGS:DIAMOND_BLAST (5) | 5 of 5 ✔
[9e/3d0d64] DEN…SE:ORTHOLOGS:BEST_HITS (3) | 5 of 5 ✔
[03/81dec3] DEN…ORTHOLOGS:MRNA_TO_GENE (2) | 5 of 5 ✔
[7b/12f287] DEN…S:RECIPROCAL_BEST_HITS (4) | 5 of 5 ✔
[2d/0c79b5] DEN…E:CHECK_SYNTENY_INPUTS (2) | 4 of 5
[8e/86bd6f] DEN…WF:DENSE:CHECK_SYNTENY (4) | 0 of 4
Plus 3 more processes waiting for tasks…

executor >  local (60)
[94/a6ff0a] DENSE_WF:DENSE:CHECK_INPUTS    | 1 of 1 ✔
[20/097958] DENSE_WF:DENSE:EXTRACT_CDS (1) | 5 of 5 ✔
[03/b6f7bf] DEN…_WF:DENSE:MRNA_TO_GENE (1) | 1 of 1 ✔
[b8/7dd819] DENSE_WF:DENSE:TAXDUMP         | 1 of 1 ✔
[3b/4a2e6e] DEN…GENERA (phylostratigraphy) | 1 of 1 ✔
[02/64f552] DEN…WF:DENSE:GENERA_FILTER (1) | 1 of 1 ✔
[a2/3a7358] DENSE_WF:DENSE:TRG_FNA (1)     | 1 of 1 ✔
[5c/d98cd0] DEN…ULTIELONGATE_FOCAL_TRG (1) | 1 of 1 ✔
[9d/22a2e7] DEN…_WF:DENSE:ELONGATE_CDS (2) | 5 of 5 ✔
[c6/9fc116] DENSE_WF:DENSE:BLAST (2)       | 5 of 5 ✔
[0f/4a159b] DEN…E:TRG_LIST_BEFORE_STRATEGY | 1 of 1 ✔
[9b/e844ed] DEN…:DENSE:BLAST_BEST_HITS (3) | 5 of 5 ✔
[d7/bdbb64] DENSE_WF:DENSE:TREE_DISTANCES  | 1 of 1 ✔
[71/bf147b] DENSE_WF:DENSE:TRG_TABLE       | 1 of 1 ✔
[70/ce311d] DEN…RTHOLOGS:DIAMOND_BLAST (5) | 5 of 5 ✔
[9e/3d0d64] DEN…SE:ORTHOLOGS:BEST_HITS (3) | 5 of 5 ✔
[03/81dec3] DEN…ORTHOLOGS:MRNA_TO_GENE (2) | 5 of 5 ✔
[7b/12f287] DEN…S:RECIPROCAL_BEST_HITS (4) | 5 of 5 ✔
[ba/279dfd] DEN…E:CHECK_SYNTENY_INPUTS (5) | 5 of 5 ✔
[1f/50ddd8] DEN…WF:DENSE:CHECK_SYNTENY (5) | 0 of 5
Plus 3 more processes waiting for tasks…

executor >  local (60)
[94/a6ff0a] DENSE_WF:DENSE:CHECK_INPUTS    | 1 of 1 ✔
[20/097958] DENSE_WF:DENSE:EXTRACT_CDS (1) | 5 of 5 ✔
[03/b6f7bf] DEN…_WF:DENSE:MRNA_TO_GENE (1) | 1 of 1 ✔
[b8/7dd819] DENSE_WF:DENSE:TAXDUMP         | 1 of 1 ✔
[3b/4a2e6e] DEN…GENERA (phylostratigraphy) | 1 of 1 ✔
[02/64f552] DEN…WF:DENSE:GENERA_FILTER (1) | 1 of 1 ✔
[a2/3a7358] DENSE_WF:DENSE:TRG_FNA (1)     | 1 of 1 ✔
[5c/d98cd0] DEN…ULTIELONGATE_FOCAL_TRG (1) | 1 of 1 ✔
[9d/22a2e7] DEN…_WF:DENSE:ELONGATE_CDS (2) | 5 of 5 ✔
[c6/9fc116] DENSE_WF:DENSE:BLAST (2)       | 5 of 5 ✔
[0f/4a159b] DEN…E:TRG_LIST_BEFORE_STRATEGY | 1 of 1 ✔
[9b/e844ed] DEN…:DENSE:BLAST_BEST_HITS (3) | 5 of 5 ✔
[d7/bdbb64] DENSE_WF:DENSE:TREE_DISTANCES  | 1 of 1 ✔
[71/bf147b] DENSE_WF:DENSE:TRG_TABLE       | 1 of 1 ✔
[70/ce311d] DEN…RTHOLOGS:DIAMOND_BLAST (5) | 5 of 5 ✔
[9e/3d0d64] DEN…SE:ORTHOLOGS:BEST_HITS (3) | 5 of 5 ✔
[03/81dec3] DEN…ORTHOLOGS:MRNA_TO_GENE (2) | 5 of 5 ✔
[7b/12f287] DEN…S:RECIPROCAL_BEST_HITS (4) | 5 of 5 ✔
[ba/279dfd] DEN…E:CHECK_SYNTENY_INPUTS (5) | 5 of 5 ✔
[1f/50ddd8] DEN…WF:DENSE:CHECK_SYNTENY (5) | 1 of 5
Plus 3 more processes waiting for tasks…

executor >  local (60)
[94/a6ff0a] DENSE_WF:DENSE:CHECK_INPUTS    | 1 of 1 ✔
[20/097958] DENSE_WF:DENSE:EXTRACT_CDS (1) | 5 of 5 ✔
[03/b6f7bf] DEN…_WF:DENSE:MRNA_TO_GENE (1) | 1 of 1 ✔
[b8/7dd819] DENSE_WF:DENSE:TAXDUMP         | 1 of 1 ✔
[3b/4a2e6e] DEN…GENERA (phylostratigraphy) | 1 of 1 ✔
[02/64f552] DEN…WF:DENSE:GENERA_FILTER (1) | 1 of 1 ✔
[a2/3a7358] DENSE_WF:DENSE:TRG_FNA (1)     | 1 of 1 ✔
[5c/d98cd0] DEN…ULTIELONGATE_FOCAL_TRG (1) | 1 of 1 ✔
[9d/22a2e7] DEN…_WF:DENSE:ELONGATE_CDS (2) | 5 of 5 ✔
[c6/9fc116] DENSE_WF:DENSE:BLAST (2)       | 5 of 5 ✔
[0f/4a159b] DEN…E:TRG_LIST_BEFORE_STRATEGY | 1 of 1 ✔
[9b/e844ed] DEN…:DENSE:BLAST_BEST_HITS (3) | 5 of 5 ✔
[d7/bdbb64] DENSE_WF:DENSE:TREE_DISTANCES  | 1 of 1 ✔
[71/bf147b] DENSE_WF:DENSE:TRG_TABLE       | 1 of 1 ✔
[70/ce311d] DEN…RTHOLOGS:DIAMOND_BLAST (5) | 5 of 5 ✔
[9e/3d0d64] DEN…SE:ORTHOLOGS:BEST_HITS (3) | 5 of 5 ✔
[03/81dec3] DEN…ORTHOLOGS:MRNA_TO_GENE (2) | 5 of 5 ✔
[7b/12f287] DEN…S:RECIPROCAL_BEST_HITS (4) | 5 of 5 ✔
[ba/279dfd] DEN…E:CHECK_SYNTENY_INPUTS (5) | 5 of 5 ✔
[93/b5af6f] DEN…WF:DENSE:CHECK_SYNTENY (3) | 2 of 5
Plus 3 more processes waiting for tasks…

executor >  local (60)
[94/a6ff0a] DENSE_WF:DENSE:CHECK_INPUTS    | 1 of 1 ✔
[20/097958] DENSE_WF:DENSE:EXTRACT_CDS (1) | 5 of 5 ✔
[03/b6f7bf] DEN…_WF:DENSE:MRNA_TO_GENE (1) | 1 of 1 ✔
[b8/7dd819] DENSE_WF:DENSE:TAXDUMP         | 1 of 1 ✔
[3b/4a2e6e] DEN…GENERA (phylostratigraphy) | 1 of 1 ✔
[02/64f552] DEN…WF:DENSE:GENERA_FILTER (1) | 1 of 1 ✔
[a2/3a7358] DENSE_WF:DENSE:TRG_FNA (1)     | 1 of 1 ✔
[5c/d98cd0] DEN…ULTIELONGATE_FOCAL_TRG (1) | 1 of 1 ✔
[9d/22a2e7] DEN…_WF:DENSE:ELONGATE_CDS (2) | 5 of 5 ✔
[c6/9fc116] DENSE_WF:DENSE:BLAST (2)       | 5 of 5 ✔
[0f/4a159b] DEN…E:TRG_LIST_BEFORE_STRATEGY | 1 of 1 ✔
[9b/e844ed] DEN…:DENSE:BLAST_BEST_HITS (3) | 5 of 5 ✔
[d7/bdbb64] DENSE_WF:DENSE:TREE_DISTANCES  | 1 of 1 ✔
[71/bf147b] DENSE_WF:DENSE:TRG_TABLE       | 1 of 1 ✔
[70/ce311d] DEN…RTHOLOGS:DIAMOND_BLAST (5) | 5 of 5 ✔
[9e/3d0d64] DEN…SE:ORTHOLOGS:BEST_HITS (3) | 5 of 5 ✔
[03/81dec3] DEN…ORTHOLOGS:MRNA_TO_GENE (2) | 5 of 5 ✔
[7b/12f287] DEN…S:RECIPROCAL_BEST_HITS (4) | 5 of 5 ✔
[ba/279dfd] DEN…E:CHECK_SYNTENY_INPUTS (5) | 5 of 5 ✔
[b4/2c35c5] DEN…WF:DENSE:CHECK_SYNTENY (1) | 3 of 5
Plus 3 more processes waiting for tasks…

executor >  local (60)
[94/a6ff0a] DENSE_WF:DENSE:CHECK_INPUTS    | 1 of 1 ✔
[20/097958] DENSE_WF:DENSE:EXTRACT_CDS (1) | 5 of 5 ✔
[03/b6f7bf] DEN…_WF:DENSE:MRNA_TO_GENE (1) | 1 of 1 ✔
[b8/7dd819] DENSE_WF:DENSE:TAXDUMP         | 1 of 1 ✔
[3b/4a2e6e] DEN…GENERA (phylostratigraphy) | 1 of 1 ✔
[02/64f552] DEN…WF:DENSE:GENERA_FILTER (1) | 1 of 1 ✔
[a2/3a7358] DENSE_WF:DENSE:TRG_FNA (1)     | 1 of 1 ✔
[5c/d98cd0] DEN…ULTIELONGATE_FOCAL_TRG (1) | 1 of 1 ✔
[9d/22a2e7] DEN…_WF:DENSE:ELONGATE_CDS (2) | 5 of 5 ✔
[c6/9fc116] DENSE_WF:DENSE:BLAST (2)       | 5 of 5 ✔
[0f/4a159b] DEN…E:TRG_LIST_BEFORE_STRATEGY | 1 of 1 ✔
[9b/e844ed] DEN…:DENSE:BLAST_BEST_HITS (3) | 5 of 5 ✔
[d7/bdbb64] DENSE_WF:DENSE:TREE_DISTANCES  | 1 of 1 ✔
[71/bf147b] DENSE_WF:DENSE:TRG_TABLE       | 1 of 1 ✔
[70/ce311d] DEN…RTHOLOGS:DIAMOND_BLAST (5) | 5 of 5 ✔
[9e/3d0d64] DEN…SE:ORTHOLOGS:BEST_HITS (3) | 5 of 5 ✔
[03/81dec3] DEN…ORTHOLOGS:MRNA_TO_GENE (2) | 5 of 5 ✔
[7b/12f287] DEN…S:RECIPROCAL_BEST_HITS (4) | 5 of 5 ✔
[ba/279dfd] DEN…E:CHECK_SYNTENY_INPUTS (5) | 5 of 5 ✔
[8e/86bd6f] DEN…WF:DENSE:CHECK_SYNTENY (4) | 4 of 5
Plus 3 more processes waiting for tasks…

executor >  local (61)
[94/a6ff0a] DENSE_WF:DENSE:CHECK_INPUTS    | 1 of 1 ✔
[20/097958] DENSE_WF:DENSE:EXTRACT_CDS (1) | 5 of 5 ✔
[03/b6f7bf] DEN…_WF:DENSE:MRNA_TO_GENE (1) | 1 of 1 ✔
[b8/7dd819] DENSE_WF:DENSE:TAXDUMP         | 1 of 1 ✔
[3b/4a2e6e] DEN…GENERA (phylostratigraphy) | 1 of 1 ✔
[02/64f552] DEN…WF:DENSE:GENERA_FILTER (1) | 1 of 1 ✔
[a2/3a7358] DENSE_WF:DENSE:TRG_FNA (1)     | 1 of 1 ✔
[5c/d98cd0] DEN…ULTIELONGATE_FOCAL_TRG (1) | 1 of 1 ✔
[9d/22a2e7] DEN…_WF:DENSE:ELONGATE_CDS (2) | 5 of 5 ✔
[c6/9fc116] DENSE_WF:DENSE:BLAST (2)       | 5 of 5 ✔
[0f/4a159b] DEN…E:TRG_LIST_BEFORE_STRATEGY | 1 of 1 ✔
[9b/e844ed] DEN…:DENSE:BLAST_BEST_HITS (3) | 5 of 5 ✔
[d7/bdbb64] DENSE_WF:DENSE:TREE_DISTANCES  | 1 of 1 ✔
[71/bf147b] DENSE_WF:DENSE:TRG_TABLE       | 1 of 1 ✔
[70/ce311d] DEN…RTHOLOGS:DIAMOND_BLAST (5) | 5 of 5 ✔
[9e/3d0d64] DEN…SE:ORTHOLOGS:BEST_HITS (3) | 5 of 5 ✔
[03/81dec3] DEN…ORTHOLOGS:MRNA_TO_GENE (2) | 5 of 5 ✔
[7b/12f287] DEN…S:RECIPROCAL_BEST_HITS (4) | 5 of 5 ✔
[ba/279dfd] DEN…E:CHECK_SYNTENY_INPUTS (5) | 5 of 5 ✔
[b5/724abf] DEN…WF:DENSE:CHECK_SYNTENY (2) | 5 of 5 ✔
[26/397151] DEN…_WF:DENSE:SYNTENY_TO_TABLE | 0 of 1
Plus 2 more processes waiting for tasks…

executor >  local (62)
[94/a6ff0a] DENSE_WF:DENSE:CHECK_INPUTS    | 1 of 1 ✔
[20/097958] DENSE_WF:DENSE:EXTRACT_CDS (1) | 5 of 5 ✔
[03/b6f7bf] DEN…_WF:DENSE:MRNA_TO_GENE (1) | 1 of 1 ✔
[b8/7dd819] DENSE_WF:DENSE:TAXDUMP         | 1 of 1 ✔
[3b/4a2e6e] DEN…GENERA (phylostratigraphy) | 1 of 1 ✔
[02/64f552] DEN…WF:DENSE:GENERA_FILTER (1) | 1 of 1 ✔
[a2/3a7358] DENSE_WF:DENSE:TRG_FNA (1)     | 1 of 1 ✔
[5c/d98cd0] DEN…ULTIELONGATE_FOCAL_TRG (1) | 1 of 1 ✔
[9d/22a2e7] DEN…_WF:DENSE:ELONGATE_CDS (2) | 5 of 5 ✔
[c6/9fc116] DENSE_WF:DENSE:BLAST (2)       | 5 of 5 ✔
[0f/4a159b] DEN…E:TRG_LIST_BEFORE_STRATEGY | 1 of 1 ✔
[9b/e844ed] DEN…:DENSE:BLAST_BEST_HITS (3) | 5 of 5 ✔
[d7/bdbb64] DENSE_WF:DENSE:TREE_DISTANCES  | 1 of 1 ✔
[71/bf147b] DENSE_WF:DENSE:TRG_TABLE       | 1 of 1 ✔
[70/ce311d] DEN…RTHOLOGS:DIAMOND_BLAST (5) | 5 of 5 ✔
[9e/3d0d64] DEN…SE:ORTHOLOGS:BEST_HITS (3) | 5 of 5 ✔
[03/81dec3] DEN…ORTHOLOGS:MRNA_TO_GENE (2) | 5 of 5 ✔
[7b/12f287] DEN…S:RECIPROCAL_BEST_HITS (4) | 5 of 5 ✔
[ba/279dfd] DEN…E:CHECK_SYNTENY_INPUTS (5) | 5 of 5 ✔
[b5/724abf] DEN…WF:DENSE:CHECK_SYNTENY (2) | 5 of 5 ✔
[26/397151] DEN…_WF:DENSE:SYNTENY_TO_TABLE | 1 of 1 ✔
[8e/a9cd9a] DEN…:TRG_TABLE_TO_MATCH_MATRIX | 0 of 1
Plus 1 more processes waiting for tasks…

executor >  local (62)
[94/a6ff0a] DENSE_WF:DENSE:CHECK_INPUTS    | 1 of 1 ✔
[20/097958] DENSE_WF:DENSE:EXTRACT_CDS (1) | 5 of 5 ✔
[03/b6f7bf] DEN…_WF:DENSE:MRNA_TO_GENE (1) | 1 of 1 ✔
[b8/7dd819] DENSE_WF:DENSE:TAXDUMP         | 1 of 1 ✔
[3b/4a2e6e] DEN…GENERA (phylostratigraphy) | 1 of 1 ✔
[02/64f552] DEN…WF:DENSE:GENERA_FILTER (1) | 1 of 1 ✔
[a2/3a7358] DENSE_WF:DENSE:TRG_FNA (1)     | 1 of 1 ✔
[5c/d98cd0] DEN…ULTIELONGATE_FOCAL_TRG (1) | 1 of 1 ✔
[9d/22a2e7] DEN…_WF:DENSE:ELONGATE_CDS (2) | 5 of 5 ✔
[c6/9fc116] DENSE_WF:DENSE:BLAST (2)       | 5 of 5 ✔
[0f/4a159b] DEN…E:TRG_LIST_BEFORE_STRATEGY | 1 of 1 ✔
[9b/e844ed] DEN…:DENSE:BLAST_BEST_HITS (3) | 5 of 5 ✔
[d7/bdbb64] DENSE_WF:DENSE:TREE_DISTANCES  | 1 of 1 ✔
[71/bf147b] DENSE_WF:DENSE:TRG_TABLE       | 1 of 1 ✔
[70/ce311d] DEN…RTHOLOGS:DIAMOND_BLAST (5) | 5 of 5 ✔
[9e/3d0d64] DEN…SE:ORTHOLOGS:BEST_HITS (3) | 5 of 5 ✔
[03/81dec3] DEN…ORTHOLOGS:MRNA_TO_GENE (2) | 5 of 5 ✔
[7b/12f287] DEN…S:RECIPROCAL_BEST_HITS (4) | 5 of 5 ✔
[ba/279dfd] DEN…E:CHECK_SYNTENY_INPUTS (5) | 5 of 5 ✔
[b5/724abf] DEN…WF:DENSE:CHECK_SYNTENY (2) | 5 of 5 ✔
[26/397151] DEN…_WF:DENSE:SYNTENY_TO_TABLE | 1 of 1 ✔
[8e/a9cd9a] DEN…:TRG_TABLE_TO_MATCH_MATRIX | 0 of 1
Plus 1 more processes waiting for tasks…

executor >  local (63)
[94/a6ff0a] DENSE_WF:DENSE:CHECK_INPUTS    | 1 of 1 ✔
[20/097958] DENSE_WF:DENSE:EXTRACT_CDS (1) | 5 of 5 ✔
[03/b6f7bf] DEN…_WF:DENSE:MRNA_TO_GENE (1) | 1 of 1 ✔
[b8/7dd819] DENSE_WF:DENSE:TAXDUMP         | 1 of 1 ✔
[3b/4a2e6e] DEN…GENERA (phylostratigraphy) | 1 of 1 ✔
[02/64f552] DEN…WF:DENSE:GENERA_FILTER (1) | 1 of 1 ✔
[a2/3a7358] DENSE_WF:DENSE:TRG_FNA (1)     | 1 of 1 ✔
[5c/d98cd0] DEN…ULTIELONGATE_FOCAL_TRG (1) | 1 of 1 ✔
[9d/22a2e7] DEN…_WF:DENSE:ELONGATE_CDS (2) | 5 of 5 ✔
[c6/9fc116] DENSE_WF:DENSE:BLAST (2)       | 5 of 5 ✔
[0f/4a159b] DEN…E:TRG_LIST_BEFORE_STRATEGY | 1 of 1 ✔
[9b/e844ed] DEN…:DENSE:BLAST_BEST_HITS (3) | 5 of 5 ✔
[d7/bdbb64] DENSE_WF:DENSE:TREE_DISTANCES  | 1 of 1 ✔
[71/bf147b] DENSE_WF:DENSE:TRG_TABLE       | 1 of 1 ✔
[70/ce311d] DEN…RTHOLOGS:DIAMOND_BLAST (5) | 5 of 5 ✔
[9e/3d0d64] DEN…SE:ORTHOLOGS:BEST_HITS (3) | 5 of 5 ✔
[03/81dec3] DEN…ORTHOLOGS:MRNA_TO_GENE (2) | 5 of 5 ✔
[7b/12f287] DEN…S:RECIPROCAL_BEST_HITS (4) | 5 of 5 ✔
[ba/279dfd] DEN…E:CHECK_SYNTENY_INPUTS (5) | 5 of 5 ✔
[b5/724abf] DEN…WF:DENSE:CHECK_SYNTENY (2) | 5 of 5 ✔
[26/397151] DEN…_WF:DENSE:SYNTENY_TO_TABLE | 1 of 1 ✔
[8e/a9cd9a] DEN…:TRG_TABLE_TO_MATCH_MATRIX | 1 of 1 ✔
[bc/77dfc5] DEN…CH_MATRIX_TO_DE_NOVO_GENES | 0 of 1

executor >  local (63)
[94/a6ff0a] DENSE_WF:DENSE:CHECK_INPUTS    | 1 of 1 ✔
[20/097958] DENSE_WF:DENSE:EXTRACT_CDS (1) | 5 of 5 ✔
[03/b6f7bf] DEN…_WF:DENSE:MRNA_TO_GENE (1) | 1 of 1 ✔
[b8/7dd819] DENSE_WF:DENSE:TAXDUMP         | 1 of 1 ✔
[3b/4a2e6e] DEN…GENERA (phylostratigraphy) | 1 of 1 ✔
[02/64f552] DEN…WF:DENSE:GENERA_FILTER (1) | 1 of 1 ✔
[a2/3a7358] DENSE_WF:DENSE:TRG_FNA (1)     | 1 of 1 ✔
[5c/d98cd0] DEN…ULTIELONGATE_FOCAL_TRG (1) | 1 of 1 ✔
[9d/22a2e7] DEN…_WF:DENSE:ELONGATE_CDS (2) | 5 of 5 ✔
[c6/9fc116] DENSE_WF:DENSE:BLAST (2)       | 5 of 5 ✔
[0f/4a159b] DEN…E:TRG_LIST_BEFORE_STRATEGY | 1 of 1 ✔
[9b/e844ed] DEN…:DENSE:BLAST_BEST_HITS (3) | 5 of 5 ✔
[d7/bdbb64] DENSE_WF:DENSE:TREE_DISTANCES  | 1 of 1 ✔
[71/bf147b] DENSE_WF:DENSE:TRG_TABLE       | 1 of 1 ✔
[70/ce311d] DEN…RTHOLOGS:DIAMOND_BLAST (5) | 5 of 5 ✔
[9e/3d0d64] DEN…SE:ORTHOLOGS:BEST_HITS (3) | 5 of 5 ✔
[03/81dec3] DEN…ORTHOLOGS:MRNA_TO_GENE (2) | 5 of 5 ✔
[7b/12f287] DEN…S:RECIPROCAL_BEST_HITS (4) | 5 of 5 ✔
[ba/279dfd] DEN…E:CHECK_SYNTENY_INPUTS (5) | 5 of 5 ✔
[b5/724abf] DEN…WF:DENSE:CHECK_SYNTENY (2) | 5 of 5 ✔
[26/397151] DEN…_WF:DENSE:SYNTENY_TO_TABLE | 1 of 1 ✔
[8e/a9cd9a] DEN…:TRG_TABLE_TO_MATCH_MATRIX | 1 of 1 ✔
[bc/77dfc5] DEN…CH_MATRIX_TO_DE_NOVO_GENES | 1 of 1 ✔

executor >  local (63)
[94/a6ff0a] DENSE_WF:DENSE:CHECK_INPUTS    | 1 of 1 ✔
[20/097958] DENSE_WF:DENSE:EXTRACT_CDS (1) | 5 of 5 ✔
[03/b6f7bf] DEN…_WF:DENSE:MRNA_TO_GENE (1) | 1 of 1 ✔
[b8/7dd819] DENSE_WF:DENSE:TAXDUMP         | 1 of 1 ✔
[3b/4a2e6e] DEN…GENERA (phylostratigraphy) | 1 of 1 ✔
[02/64f552] DEN…WF:DENSE:GENERA_FILTER (1) | 1 of 1 ✔
[a2/3a7358] DENSE_WF:DENSE:TRG_FNA (1)     | 1 of 1 ✔
[5c/d98cd0] DEN…ULTIELONGATE_FOCAL_TRG (1) | 1 of 1 ✔
[9d/22a2e7] DEN…_WF:DENSE:ELONGATE_CDS (2) | 5 of 5 ✔
[c6/9fc116] DENSE_WF:DENSE:BLAST (2)       | 5 of 5 ✔
[0f/4a159b] DEN…E:TRG_LIST_BEFORE_STRATEGY | 1 of 1 ✔
[9b/e844ed] DEN…:DENSE:BLAST_BEST_HITS (3) | 5 of 5 ✔
[d7/bdbb64] DENSE_WF:DENSE:TREE_DISTANCES  | 1 of 1 ✔
[71/bf147b] DENSE_WF:DENSE:TRG_TABLE       | 1 of 1 ✔
[70/ce311d] DEN…RTHOLOGS:DIAMOND_BLAST (5) | 5 of 5 ✔
[9e/3d0d64] DEN…SE:ORTHOLOGS:BEST_HITS (3) | 5 of 5 ✔
[03/81dec3] DEN…ORTHOLOGS:MRNA_TO_GENE (2) | 5 of 5 ✔
[7b/12f287] DEN…S:RECIPROCAL_BEST_HITS (4) | 5 of 5 ✔
[ba/279dfd] DEN…E:CHECK_SYNTENY_INPUTS (5) | 5 of 5 ✔
[b5/724abf] DEN…WF:DENSE:CHECK_SYNTENY (2) | 5 of 5 ✔
[26/397151] DEN…_WF:DENSE:SYNTENY_TO_TABLE | 1 of 1 ✔
[8e/a9cd9a] DEN…:TRG_TABLE_TO_MATCH_MATRIX | 1 of 1 ✔
[bc/77dfc5] DEN…CH_MATRIX_TO_DE_NOVO_GENES | 1 of 1 ✔
Completed at: 29-Jan-2025 16:19:38
Duration    : 4h 24m 5s
CPU hours   : 139.6
Succeeded   : 63


Deactivating conda environment
Job completed successfully
