grep: /datas/ELIOTT/archaea_data/reannotated_CDS/GCA_000007305@Pyrococcus_furiosus_DSM_3638_CDS.faa : No such file or directory
cat: '/datas/ELIOTT/archaea_data/reannotated_CDS/GCA_000007305@Pyrococcus_furiosus_DSM_3638_CDS.faa ': No such file or directory
grep: /datas/ELIOTT/archaea_data/reannotated_CDS/GCA_000011105@Pyrococcus_horikoshii_OT3_CDS.faa : No such file or directory
cat: '/datas/ELIOTT/archaea_data/reannotated_CDS/GCA_000011105@Pyrococcus_horikoshii_OT3_CDS.faa ': No such file or directory
grep: /datas/ELIOTT/archaea_data/reannotated_CDS/GCA_000018365@Thermococcus_onnurineus_NA1_CDS.faa : No such file or directory
cat: '/datas/ELIOTT/archaea_data/reannotated_CDS/GCA_000018365@Thermococcus_onnurineus_NA1_CDS.faa ': No such file or directory
grep: /datas/ELIOTT/archaea_data/reannotated_CDS/GCA_000022365@Thermococcus_gammatolerans_EJ3_CDS.faa : No such file or directory
cat: '/datas/ELIOTT/archaea_data/reannotated_CDS/GCA_000022365@Thermococcus_gammatolerans_EJ3_CDS.faa ': No such file or directory
grep: /datas/ELIOTT/archaea_data/reannotated_CDS/GCA_000022545@Thermococcus_sibiricus_MM_739_CDS.faa : No such file or directory
cat: '/datas/ELIOTT/archaea_data/reannotated_CDS/GCA_000022545@Thermococcus_sibiricus_MM_739_CDS.faa ': No such file or directory
grep: /datas/ELIOTT/archaea_data/reannotated_CDS/GCA_000151105@Thermococcus_barophilus_MP_CDS.faa : No such file or directory
cat: '/datas/ELIOTT/archaea_data/reannotated_CDS/GCA_000151105@Thermococcus_barophilus_MP_CDS.faa ': No such file or directory
grep: /datas/ELIOTT/archaea_data/reannotated_CDS/GCA_000151205@Thermococcus_sp_AM4_CDS.faa : No such file or directory
cat: '/datas/ELIOTT/archaea_data/reannotated_CDS/GCA_000151205@Thermococcus_sp_AM4_CDS.faa ': No such file or directory
grep: /datas/ELIOTT/archaea_data/reannotated_CDS/GCA_000195935@Pyrococcus_abyssi_GE5_CDS.faa : No such file or directory
cat: '/datas/ELIOTT/archaea_data/reannotated_CDS/GCA_000195935@Pyrococcus_abyssi_GE5_CDS.faa ': No such file or directory
grep: /datas/ELIOTT/archaea_data/reannotated_CDS/GCA_000211475@Pyrococcus_sp_NA2_CDS.faa : No such file or directory
cat: '/datas/ELIOTT/archaea_data/reannotated_CDS/GCA_000211475@Pyrococcus_sp_NA2_CDS.faa ': No such file or directory
grep: /datas/ELIOTT/archaea_data/reannotated_CDS/GCA_000215995@Pyrococcus_yayanosii_CH1_CDS.faa : No such file or directory
cat: '/datas/ELIOTT/archaea_data/reannotated_CDS/GCA_000215995@Pyrococcus_yayanosii_CH1_CDS.faa ': No such file or directory
grep: /datas/ELIOTT/archaea_data/reannotated_CDS/GCA_000221185@Thermococcus_sp_4557_CDS.faa : No such file or directory
cat: '/datas/ELIOTT/archaea_data/reannotated_CDS/GCA_000221185@Thermococcus_sp_4557_CDS.faa ': No such file or directory
grep: /datas/ELIOTT/archaea_data/reannotated_CDS/GCA_000246985@Thermococcus_litoralis_DSM_5473_CDS.faa : No such file or directory
cat: '/datas/ELIOTT/archaea_data/reannotated_CDS/GCA_000246985@Thermococcus_litoralis_DSM_5473_CDS.faa ': No such file or directory
grep: /datas/ELIOTT/archaea_data/reannotated_CDS/GCA_000258515@Thermococcus_zilligii_AN1_CDS.faa : No such file or directory
cat: '/datas/ELIOTT/archaea_data/reannotated_CDS/GCA_000258515@Thermococcus_zilligii_AN1_CDS.faa ': No such file or directory
grep: /datas/ELIOTT/archaea_data/reannotated_CDS/GCA_000263735@Pyrococcus_sp_ST04_CDS.faa : No such file or directory
cat: '/datas/ELIOTT/archaea_data/reannotated_CDS/GCA_000263735@Pyrococcus_sp_ST04_CDS.faa ': No such file or directory
grep: /datas/ELIOTT/archaea_data/reannotated_CDS/GCA_000265525@Thermococcus_cleftensis_CL1_CDS.faa : No such file or directory
cat: '/datas/ELIOTT/archaea_data/reannotated_CDS/GCA_000265525@Thermococcus_cleftensis_CL1_CDS.faa ': No such file or directory
grep: /datas/ELIOTT/archaea_data/reannotated_CDS/GCA_000275605@Pyrococcus_furiosus_COM1_CDS.faa : No such file or directory
cat: '/datas/ELIOTT/archaea_data/reannotated_CDS/GCA_000275605@Pyrococcus_furiosus_COM1_CDS.faa ': No such file or directory
grep: /datas/ELIOTT/archaea_data/reannotated_CDS/GCA_000517445@Thermococcus_paralvinellae_ES1_CDS.faa : No such file or directory
cat: '/datas/ELIOTT/archaea_data/reannotated_CDS/GCA_000517445@Thermococcus_paralvinellae_ES1_CDS.faa ': No such file or directory
grep: /datas/ELIOTT/archaea_data/reannotated_CDS/GCA_000585495@Thermococcus_nautili_30_1_CDS.faa : No such file or directory
cat: '/datas/ELIOTT/archaea_data/reannotated_CDS/GCA_000585495@Thermococcus_nautili_30_1_CDS.faa ': No such file or directory
grep: /datas/ELIOTT/archaea_data/reannotated_CDS/GCA_000725425@Palaeococcus_pacificus_DY20341_CDS.faa : No such file or directory
cat: '/datas/ELIOTT/archaea_data/reannotated_CDS/GCA_000725425@Palaeococcus_pacificus_DY20341_CDS.faa ': No such file or directory
grep: /datas/ELIOTT/archaea_data/reannotated_CDS/GCA_000769655@Thermococcus_eurythermalis_A501_CDS.faa : No such file or directory
cat: '/datas/ELIOTT/archaea_data/reannotated_CDS/GCA_000769655@Thermococcus_eurythermalis_A501_CDS.faa ': No such file or directory
grep: /datas/ELIOTT/archaea_data/reannotated_CDS/GCA_000816105@Thermococcus_guaymasensis_DSM_11113_CDS.faa : No such file or directory
cat: '/datas/ELIOTT/archaea_data/reannotated_CDS/GCA_000816105@Thermococcus_guaymasensis_DSM_11113_CDS.faa ': No such file or directory
grep: /datas/ELIOTT/archaea_data/reannotated_CDS/GCA_001433455@Thermococcus_barophilus_CH5_CDS.faa : No such file or directory
cat: '/datas/ELIOTT/archaea_data/reannotated_CDS/GCA_001433455@Thermococcus_barophilus_CH5_CDS.faa ': No such file or directory
grep: /datas/ELIOTT/archaea_data/reannotated_CDS/GCA_001484685@Thermococcus_sp_2319x1_CDS.faa : No such file or directory
cat: '/datas/ELIOTT/archaea_data/reannotated_CDS/GCA_001484685@Thermococcus_sp_2319x1_CDS.faa ': No such file or directory
grep: /datas/ELIOTT/archaea_data/reannotated_CDS/GCA_001577775@Pyrococcus_kukulkanii_NCB100_CDS.faa : No such file or directory
cat: '/datas/ELIOTT/archaea_data/reannotated_CDS/GCA_001577775@Pyrococcus_kukulkanii_NCB100_CDS.faa ': No such file or directory
grep: /datas/ELIOTT/archaea_data/reannotated_CDS/GCA_001592435@Thermococcus_peptonophilus_OG_1_CDS.faa : No such file or directory
cat: '/datas/ELIOTT/archaea_data/reannotated_CDS/GCA_001592435@Thermococcus_peptonophilus_OG_1_CDS.faa ': No such file or directory
grep: /datas/ELIOTT/archaea_data/reannotated_CDS/GCA_001647085@Thermococcus_piezophilus_CDGS_CDS.faa : No such file or directory
cat: '/datas/ELIOTT/archaea_data/reannotated_CDS/GCA_001647085@Thermococcus_piezophilus_CDGS_CDS.faa ': No such file or directory
grep: /datas/ELIOTT/archaea_data/reannotated_CDS/GCA_002197185@Thermococcus_sp_5_4_CDS.faa : No such file or directory
cat: '/datas/ELIOTT/archaea_data/reannotated_CDS/GCA_002197185@Thermococcus_sp_5_4_CDS.faa ': No such file or directory
grep: /datas/ELIOTT/archaea_data/reannotated_CDS/GCA_002214365@Thermococcus_celer_Vu_13_CDS.faa : No such file or directory
cat: '/datas/ELIOTT/archaea_data/reannotated_CDS/GCA_002214365@Thermococcus_celer_Vu_13_CDS.faa ': No such file or directory
grep: /datas/ELIOTT/archaea_data/reannotated_CDS/GCA_002214385@Thermococcus_gorgonarius_W_12_CDS.faa : No such file or directory
cat: '/datas/ELIOTT/archaea_data/reannotated_CDS/GCA_002214385@Thermococcus_gorgonarius_W_12_CDS.faa ': No such file or directory
grep: /datas/ELIOTT/archaea_data/reannotated_CDS/GCA_002214465@Thermococcus_barossii_SHCK_94_CDS.faa : No such file or directory
cat: '/datas/ELIOTT/archaea_data/reannotated_CDS/GCA_002214465@Thermococcus_barossii_SHCK_94_CDS.faa ': No such file or directory
grep: /datas/ELIOTT/archaea_data/reannotated_CDS/GCA_002214485@Thermococcus_pacificus_P4_CDS.faa : No such file or directory
cat: '/datas/ELIOTT/archaea_data/reannotated_CDS/GCA_002214485@Thermococcus_pacificus_P4_CDS.faa ': No such file or directory
grep: /datas/ELIOTT/archaea_data/reannotated_CDS/GCA_002214505@Thermococcus_siculi_RG_20_CDS.faa : No such file or directory
cat: '/datas/ELIOTT/archaea_data/reannotated_CDS/GCA_002214505@Thermococcus_siculi_RG_20_CDS.faa ': No such file or directory
grep: /datas/ELIOTT/archaea_data/reannotated_CDS/GCA_002214525@Thermococcus_sp_P6_CDS.faa : No such file or directory
cat: '/datas/ELIOTT/archaea_data/reannotated_CDS/GCA_002214525@Thermococcus_sp_P6_CDS.faa ': No such file or directory
grep: /datas/ELIOTT/archaea_data/reannotated_CDS/GCA_002214545@Thermococcus_thioreducens_OGL_20P_CDS.faa : No such file or directory
cat: '/datas/ELIOTT/archaea_data/reannotated_CDS/GCA_002214545@Thermococcus_thioreducens_OGL_20P_CDS.faa ': No such file or directory
grep: /datas/ELIOTT/archaea_data/reannotated_CDS/GCA_002214565@Thermococcus_radiotolerans_EJ2_CDS.faa : No such file or directory
cat: '/datas/ELIOTT/archaea_data/reannotated_CDS/GCA_002214565@Thermococcus_radiotolerans_EJ2_CDS.faa ': No such file or directory
grep: /datas/ELIOTT/archaea_data/reannotated_CDS/GCA_002214585@Thermococcus_profundus_DT_5432_CDS.faa : No such file or directory
cat: '/datas/ELIOTT/archaea_data/reannotated_CDS/GCA_002214585@Thermococcus_profundus_DT_5432_CDS.faa ': No such file or directory
grep: /datas/ELIOTT/archaea_data/reannotated_CDS/GCA_002214605@Thermococcus_chitonophagus_CDS.faa : No such file or directory
cat: '/datas/ELIOTT/archaea_data/reannotated_CDS/GCA_002214605@Thermococcus_chitonophagus_CDS.faa ': No such file or directory
grep: /datas/ELIOTT/archaea_data/reannotated_CDS/GCA_006274605@Thermococcus_indicus_IOH1_CDS.faa : No such file or directory
cat: '/datas/ELIOTT/archaea_data/reannotated_CDS/GCA_006274605@Thermococcus_indicus_IOH1_CDS.faa ': No such file or directory
grep: /datas/ELIOTT/archaea_data/reannotated_CDS/GCA_008152015@Thermococcus_aciditolerans_SY113_CDS.faa : No such file or directory
cat: '/datas/ELIOTT/archaea_data/reannotated_CDS/GCA_008152015@Thermococcus_aciditolerans_SY113_CDS.faa ': No such file or directory
grep: /datas/ELIOTT/archaea_data/reannotated_CDS/GCA_008245085@Pyrococcus_furiosus_DSM_3638_Reg_CDS.faa : No such file or directory
cat: '/datas/ELIOTT/archaea_data/reannotated_CDS/GCA_008245085@Pyrococcus_furiosus_DSM_3638_Reg_CDS.faa ': No such file or directory
grep: /datas/ELIOTT/archaea_data/reannotated_CDS/GCA_020386975@Thermococcus_bergensis_T7324_CDS.faa : No such file or directory
cat: '/datas/ELIOTT/archaea_data/reannotated_CDS/GCA_020386975@Thermococcus_bergensis_T7324_CDS.faa ': No such file or directory
grep: /datas/ELIOTT/archaea_data/reannotated_CDS/GCA_023746595@Thermococcus_argininiproducens_IOH2_CDS.faa : No such file or directory
cat: '/datas/ELIOTT/archaea_data/reannotated_CDS/GCA_023746595@Thermococcus_argininiproducens_IOH2_CDS.faa ': No such file or directory
grep: /datas/ELIOTT/archaea_data/reannotated_CDS/GCA_024022995@Thermococcus_aggregans_TY_CDS.faa : No such file or directory
cat: '/datas/ELIOTT/archaea_data/reannotated_CDS/GCA_024022995@Thermococcus_aggregans_TY_CDS.faa ': No such file or directory
grep: /datas/ELIOTT/archaea_data/reannotated_CDS/GCA_024707485@Thermococcus_sp_813A4_CDS.faa : No such file or directory
cat: '/datas/ELIOTT/archaea_data/reannotated_CDS/GCA_024707485@Thermococcus_sp_813A4_CDS.faa ': No such file or directory
grep: /datas/ELIOTT/archaea_data/reannotated_CDS/GCA_028471785@Thermococcus_kodakarensis_TS900_CDS.faa : No such file or directory
cat: '/datas/ELIOTT/archaea_data/reannotated_CDS/GCA_028471785@Thermococcus_kodakarensis_TS900_CDS.faa ': No such file or directory
grep: /datas/ELIOTT/archaea_data/reannotated_CDS/GCA_028471865@Thermococcus_kodakarensis_TS901_CDS.faa : No such file or directory
cat: '/datas/ELIOTT/archaea_data/reannotated_CDS/GCA_028471865@Thermococcus_kodakarensis_TS901_CDS.faa ': No such file or directory
grep: /datas/ELIOTT/archaea_data/reannotated_CDS/GCA_035621495@Thermococcus_sp_SY098_CDS.faa : No such file or directory
cat: '/datas/ELIOTT/archaea_data/reannotated_CDS/GCA_035621495@Thermococcus_sp_SY098_CDS.faa ': No such file or directory
grep: /datas/ELIOTT/archaea_data/reannotated_CDS/GCA_900012635@Thermococcus_chitonophagus_isolate_1_CDS.faa : No such file or directory
cat: '/datas/ELIOTT/archaea_data/reannotated_CDS/GCA_900012635@Thermococcus_chitonophagus_isolate_1_CDS.faa ': No such file or directory
grep: /datas/ELIOTT/archaea_data/reannotated_CDS/GCA_900198835@Thermococcus_henrietii_EXT12c_CDS.faa : No such file or directory
cat: '/datas/ELIOTT/archaea_data/reannotated_CDS/GCA_900198835@Thermococcus_henrietii_EXT12c_CDS.faa ': No such file or directory
grep: /datas/ELIOTT/archaea_data/reannotated_CDS/GCA_902813195@Thermococcus_sp_2319x1_Essen_CDS.faa : No such file or directory
cat: '/datas/ELIOTT/archaea_data/reannotated_CDS/GCA_902813195@Thermococcus_sp_2319x1_Essen_CDS.faa ': No such file or directory
grep: /datas/ELIOTT/archaea_data/reannotated_CDS/GCA_904067545@Thermococcus_camini_IRI35c_CDS.faa : No such file or directory
cat: '/datas/ELIOTT/archaea_data/reannotated_CDS/GCA_904067545@Thermococcus_camini_IRI35c_CDS.faa ': No such file or directory
grep: /datas/ELIOTT/archaea_data/reannotated_CDS/Palaeococcus_helgesoni_DSM_15127_CDS.faa : No such file or directory
cat: '/datas/ELIOTT/archaea_data/reannotated_CDS/Palaeococcus_helgesoni_DSM_15127_CDS.faa ': No such file or directory
grep: /datas/ELIOTT/archaea_data/reannotated_CDS/Pyrococcus_31_3_CDS.faa : No such file or directory
cat: '/datas/ELIOTT/archaea_data/reannotated_CDS/Pyrococcus_31_3_CDS.faa ': No such file or directory
grep: /datas/ELIOTT/archaea_data/reannotated_CDS/Pyrococcus_32_1_CDS.faa : No such file or directory
cat: '/datas/ELIOTT/archaea_data/reannotated_CDS/Pyrococcus_32_1_CDS.faa ': No such file or directory
grep: /datas/ELIOTT/archaea_data/reannotated_CDS/Pyrococcus_abyssi_GE2_CDS.faa : No such file or directory
cat: '/datas/ELIOTT/archaea_data/reannotated_CDS/Pyrococcus_abyssi_GE2_CDS.faa ': No such file or directory
grep: /datas/ELIOTT/archaea_data/reannotated_CDS/Pyrococcus_endeavori_ES4_CDS.faa : No such file or directory
cat: '/datas/ELIOTT/archaea_data/reannotated_CDS/Pyrococcus_endeavori_ES4_CDS.faa ': No such file or directory
grep: /datas/ELIOTT/archaea_data/reannotated_CDS/Pyrococcus_EXT16_CDS.faa : No such file or directory
cat: '/datas/ELIOTT/archaea_data/reannotated_CDS/Pyrococcus_EXT16_CDS.faa ': No such file or directory
grep: /datas/ELIOTT/archaea_data/reannotated_CDS/Pyrococcus_sp_32_3_CDS.faa : No such file or directory
cat: '/datas/ELIOTT/archaea_data/reannotated_CDS/Pyrococcus_sp_32_3_CDS.faa ': No such file or directory
grep: /datas/ELIOTT/archaea_data/reannotated_CDS/Pyrococcus_sp_32_4_CDS.faa : No such file or directory
cat: '/datas/ELIOTT/archaea_data/reannotated_CDS/Pyrococcus_sp_32_4_CDS.faa ': No such file or directory
grep: /datas/ELIOTT/archaea_data/reannotated_CDS/Pyrococcus_sp_EXT_15c_CDS.faa : No such file or directory
cat: '/datas/ELIOTT/archaea_data/reannotated_CDS/Pyrococcus_sp_EXT_15c_CDS.faa ': No such file or directory
grep: /datas/ELIOTT/archaea_data/reannotated_CDS/Pyrococcus_sp_GE_23_CDS.faa : No such file or directory
cat: '/datas/ELIOTT/archaea_data/reannotated_CDS/Pyrococcus_sp_GE_23_CDS.faa ': No such file or directory
grep: /datas/ELIOTT/archaea_data/reannotated_CDS/Pyrococcus_sp_IRI_42C_CDS.faa : No such file or directory
cat: '/datas/ELIOTT/archaea_data/reannotated_CDS/Pyrococcus_sp_IRI_42C_CDS.faa ': No such file or directory
grep: /datas/ELIOTT/archaea_data/reannotated_CDS/Thermococcus_15_2_CDS.faa : No such file or directory
cat: '/datas/ELIOTT/archaea_data/reannotated_CDS/Thermococcus_15_2_CDS.faa ': No such file or directory
grep: /datas/ELIOTT/archaea_data/reannotated_CDS/Thermococcus_23_2_CDS.faa : No such file or directory
cat: '/datas/ELIOTT/archaea_data/reannotated_CDS/Thermococcus_23_2_CDS.faa ': No such file or directory
grep: /datas/ELIOTT/archaea_data/reannotated_CDS/Thermococcus_29_3_CDS.faa : No such file or directory
cat: '/datas/ELIOTT/archaea_data/reannotated_CDS/Thermococcus_29_3_CDS.faa ': No such file or directory
grep: /datas/ELIOTT/archaea_data/reannotated_CDS/Thermococcus_31_3_CDS.faa : No such file or directory
cat: '/datas/ELIOTT/archaea_data/reannotated_CDS/Thermococcus_31_3_CDS.faa ': No such file or directory
grep: /datas/ELIOTT/archaea_data/reannotated_CDS/Thermococcus_aegaeus_DSM_12767_CDS.faa : No such file or directory
cat: '/datas/ELIOTT/archaea_data/reannotated_CDS/Thermococcus_aegaeus_DSM_12767_CDS.faa ': No such file or directory
grep: /datas/ELIOTT/archaea_data/reannotated_CDS/Thermococcus_aggregans_DSM_12819_CDS.faa : No such file or directory
cat: '/datas/ELIOTT/archaea_data/reannotated_CDS/Thermococcus_aggregans_DSM_12819_CDS.faa ': No such file or directory
grep: /datas/ELIOTT/archaea_data/reannotated_CDS/Thermococcus_alcaliphilus_DSM_10322_CDS.faa : No such file or directory
cat: '/datas/ELIOTT/archaea_data/reannotated_CDS/Thermococcus_alcaliphilus_DSM_10322_CDS.faa ': No such file or directory
grep: /datas/ELIOTT/archaea_data/reannotated_CDS/Thermococcus_AMTc11_CDS.faa : No such file or directory
cat: '/datas/ELIOTT/archaea_data/reannotated_CDS/Thermococcus_AMTc11_CDS.faa ': No such file or directory
grep: /datas/ELIOTT/archaea_data/reannotated_CDS/Thermococcus_AMTc30_CDS.faa : No such file or directory
cat: '/datas/ELIOTT/archaea_data/reannotated_CDS/Thermococcus_AMTc30_CDS.faa ': No such file or directory
grep: /datas/ELIOTT/archaea_data/reannotated_CDS/Thermococcus_AMTc51_CDS.faa : No such file or directory
cat: '/datas/ELIOTT/archaea_data/reannotated_CDS/Thermococcus_AMTc51_CDS.faa ': No such file or directory
grep: /datas/ELIOTT/archaea_data/reannotated_CDS/Thermococcus_AMTc85_CDS.faa : No such file or directory
cat: '/datas/ELIOTT/archaea_data/reannotated_CDS/Thermococcus_AMTc85_CDS.faa ': No such file or directory
grep: /datas/ELIOTT/archaea_data/reannotated_CDS/Thermococcus_atlanticus_DSM_15226_CDS.faa : No such file or directory
cat: '/datas/ELIOTT/archaea_data/reannotated_CDS/Thermococcus_atlanticus_DSM_15226_CDS.faa ': No such file or directory
grep: /datas/ELIOTT/archaea_data/reannotated_CDS/Thermococcus_barophilus_423_3_23_CDS.faa : No such file or directory
cat: '/datas/ELIOTT/archaea_data/reannotated_CDS/Thermococcus_barophilus_423_3_23_CDS.faa ': No such file or directory
grep: /datas/ELIOTT/archaea_data/reannotated_CDS/Thermococcus_barophilus_CH1_CDS.faa : No such file or directory
cat: '/datas/ELIOTT/archaea_data/reannotated_CDS/Thermococcus_barophilus_CH1_CDS.faa ': No such file or directory
grep: /datas/ELIOTT/archaea_data/reannotated_CDS/Thermococcus_barophilus_DT4_CDS.faa : No such file or directory
cat: '/datas/ELIOTT/archaea_data/reannotated_CDS/Thermococcus_barophilus_DT4_CDS.faa ': No such file or directory
grep: /datas/ELIOTT/archaea_data/reannotated_CDS/Thermococcus_coalescens_TS1_CDS.faa : No such file or directory
cat: '/datas/ELIOTT/archaea_data/reannotated_CDS/Thermococcus_coalescens_TS1_CDS.faa ': No such file or directory
grep: /datas/ELIOTT/archaea_data/reannotated_CDS/Thermococcus_E15P35_CDS.faa : No such file or directory
cat: '/datas/ELIOTT/archaea_data/reannotated_CDS/Thermococcus_E15P35_CDS.faa ': No such file or directory
grep: /datas/ELIOTT/archaea_data/reannotated_CDS/Thermococcus_EXT11c_CDS.faa : No such file or directory
cat: '/datas/ELIOTT/archaea_data/reannotated_CDS/Thermococcus_EXT11c_CDS.faa ': No such file or directory
grep: /datas/ELIOTT/archaea_data/reannotated_CDS/Thermococcus_fumicolans_ST557_CDS.faa : No such file or directory
cat: '/datas/ELIOTT/archaea_data/reannotated_CDS/Thermococcus_fumicolans_ST557_CDS.faa ': No such file or directory
grep: /datas/ELIOTT/archaea_data/reannotated_CDS/Thermococcus_IRI_06c_CDS.faa : No such file or directory
cat: '/datas/ELIOTT/archaea_data/reannotated_CDS/Thermococcus_IRI_06c_CDS.faa ': No such file or directory
grep: /datas/ELIOTT/archaea_data/reannotated_CDS/Thermococcus_IRI15c_CDS.faa : No such file or directory
cat: '/datas/ELIOTT/archaea_data/reannotated_CDS/Thermococcus_IRI15c_CDS.faa ': No such file or directory
grep: /datas/ELIOTT/archaea_data/reannotated_CDS/Thermococcus_marinus_DSM_15227_CDS.faa : No such file or directory
cat: '/datas/ELIOTT/archaea_data/reannotated_CDS/Thermococcus_marinus_DSM_15227_CDS.faa ': No such file or directory
grep: /datas/ELIOTT/archaea_data/reannotated_CDS/Thermococcus_prieuri_Col3_CDS.faa : No such file or directory
cat: '/datas/ELIOTT/archaea_data/reannotated_CDS/Thermococcus_prieuri_Col3_CDS.faa ': No such file or directory
grep: /datas/ELIOTT/archaea_data/reannotated_CDS/Thermococcus_profundus_DSM_9503_CDS.faa : No such file or directory
cat: '/datas/ELIOTT/archaea_data/reannotated_CDS/Thermococcus_profundus_DSM_9503_CDS.faa ': No such file or directory
grep: /datas/ELIOTT/archaea_data/reannotated_CDS/Thermococcus_sp_23_4_CDS.faa : No such file or directory
cat: '/datas/ELIOTT/archaea_data/reannotated_CDS/Thermococcus_sp_23_4_CDS.faa ': No such file or directory
grep: /datas/ELIOTT/archaea_data/reannotated_CDS/Thermococcus_sp_26_2_CDS.faa : No such file or directory
cat: '/datas/ELIOTT/archaea_data/reannotated_CDS/Thermococcus_sp_26_2_CDS.faa ': No such file or directory
grep: /datas/ELIOTT/archaea_data/reannotated_CDS/Thermococcus_sp_33_3_CDS.faa : No such file or directory
cat: '/datas/ELIOTT/archaea_data/reannotated_CDS/Thermococcus_sp_33_3_CDS.faa ': No such file or directory
grep: /datas/ELIOTT/archaea_data/reannotated_CDS/Thermococcus_sp_9_3_CDS.faa : No such file or directory
cat: '/datas/ELIOTT/archaea_data/reannotated_CDS/Thermococcus_sp_9_3_CDS.faa ': No such file or directory
grep: /datas/ELIOTT/archaea_data/reannotated_CDS/Thermococcus_sp_AMTc09_CDS.faa : No such file or directory
cat: '/datas/ELIOTT/archaea_data/reannotated_CDS/Thermococcus_sp_AMTc09_CDS.faa ': No such file or directory
grep: /datas/ELIOTT/archaea_data/reannotated_CDS/Thermococcus_sp_AMTc102_CDS.faa : No such file or directory
cat: '/datas/ELIOTT/archaea_data/reannotated_CDS/Thermococcus_sp_AMTc102_CDS.faa ': No such file or directory
grep: /datas/ELIOTT/archaea_data/reannotated_CDS/Thermococcus_sp_AMTc71_CDS.faa : No such file or directory
cat: '/datas/ELIOTT/archaea_data/reannotated_CDS/Thermococcus_sp_AMTc71_CDS.faa ': No such file or directory
grep: /datas/ELIOTT/archaea_data/reannotated_CDS/Thermococcus_sp_AMTc72_CDS.faa : No such file or directory
cat: '/datas/ELIOTT/archaea_data/reannotated_CDS/Thermococcus_sp_AMTc72_CDS.faa ': No such file or directory
grep: /datas/ELIOTT/archaea_data/reannotated_CDS/Thermococcus_sp_AMTc79_CDS.faa : No such file or directory
cat: '/datas/ELIOTT/archaea_data/reannotated_CDS/Thermococcus_sp_AMTc79_CDS.faa ': No such file or directory
grep: /datas/ELIOTT/archaea_data/reannotated_CDS/Thermococcus_sp_AMTc94_CDS.faa : No such file or directory
cat: '/datas/ELIOTT/archaea_data/reannotated_CDS/Thermococcus_sp_AMTc94_CDS.faa ': No such file or directory
grep: /datas/ELIOTT/archaea_data/reannotated_CDS/Thermococcus_sp_CIR_03a_CDS.faa : No such file or directory
cat: '/datas/ELIOTT/archaea_data/reannotated_CDS/Thermococcus_sp_CIR_03a_CDS.faa ': No such file or directory
grep: /datas/ELIOTT/archaea_data/reannotated_CDS/Thermococcus_sp_CIR_10a_CDS.faa : No such file or directory
cat: '/datas/ELIOTT/archaea_data/reannotated_CDS/Thermococcus_sp_CIR_10a_CDS.faa ': No such file or directory
grep: /datas/ELIOTT/archaea_data/reannotated_CDS/Thermococcus_sp_DS1_CDS.faa : No such file or directory
cat: '/datas/ELIOTT/archaea_data/reannotated_CDS/Thermococcus_sp_DS1_CDS.faa ': No such file or directory
grep: /datas/ELIOTT/archaea_data/reannotated_CDS/Thermococcus_sp_E10P11_CDS.faa : No such file or directory
cat: '/datas/ELIOTT/archaea_data/reannotated_CDS/Thermococcus_sp_E10P11_CDS.faa ': No such file or directory
grep: /datas/ELIOTT/archaea_data/reannotated_CDS/Thermococcus_sp_E10P8_CDS.faa : No such file or directory
cat: '/datas/ELIOTT/archaea_data/reannotated_CDS/Thermococcus_sp_E10P8_CDS.faa ': No such file or directory
grep: /datas/ELIOTT/archaea_data/reannotated_CDS/Thermococcus_sp_E15p33_CDS.faa : No such file or directory
cat: '/datas/ELIOTT/archaea_data/reannotated_CDS/Thermococcus_sp_E15p33_CDS.faa ': No such file or directory
grep: /datas/ELIOTT/archaea_data/reannotated_CDS/Thermococcus_sp_EXT09c_CDS.faa : No such file or directory
cat: '/datas/ELIOTT/archaea_data/reannotated_CDS/Thermococcus_sp_EXT09c_CDS.faa ': No such file or directory
grep: /datas/ELIOTT/archaea_data/reannotated_CDS/Thermococcus_sp_IRI_05c_CDS.faa : No such file or directory
cat: '/datas/ELIOTT/archaea_data/reannotated_CDS/Thermococcus_sp_IRI_05c_CDS.faa ': No such file or directory
grep: /datas/ELIOTT/archaea_data/reannotated_CDS/Thermococcus_sp_IRI_33c_CDS.faa : No such file or directory
cat: '/datas/ELIOTT/archaea_data/reannotated_CDS/Thermococcus_sp_IRI_33c_CDS.faa ': No such file or directory
grep: /datas/ELIOTT/archaea_data/reannotated_CDS/Thermococcus_sp_IRI10c_CDS.faa : No such file or directory
cat: '/datas/ELIOTT/archaea_data/reannotated_CDS/Thermococcus_sp_IRI10c_CDS.faa ': No such file or directory
grep: /datas/ELIOTT/archaea_data/reannotated_CDS/Thermococcus_sp_IRI14c_CDS.faa : No such file or directory
cat: '/datas/ELIOTT/archaea_data/reannotated_CDS/Thermococcus_sp_IRI14c_CDS.faa ': No such file or directory
grep: /datas/ELIOTT/archaea_data/reannotated_CDS/Thermococcus_sp_IRI24c_CDS.faa : No such file or directory
cat: '/datas/ELIOTT/archaea_data/reannotated_CDS/Thermococcus_sp_IRI24c_CDS.faa ': No such file or directory
grep: /datas/ELIOTT/archaea_data/reannotated_CDS/Thermococcus_sp_IRI25c_CDS.faa : No such file or directory
cat: '/datas/ELIOTT/archaea_data/reannotated_CDS/Thermococcus_sp_IRI25c_CDS.faa ': No such file or directory
grep: /datas/ELIOTT/archaea_data/reannotated_CDS/Thermococcus_sp_IRI27c2_CDS.faa : No such file or directory
cat: '/datas/ELIOTT/archaea_data/reannotated_CDS/Thermococcus_sp_IRI27c2_CDS.faa ': No such file or directory
grep: /datas/ELIOTT/archaea_data/reannotated_CDS/Thermococcus_sp_IRI29c_CDS.faa : No such file or directory
cat: '/datas/ELIOTT/archaea_data/reannotated_CDS/Thermococcus_sp_IRI29c_CDS.faa ': No such file or directory
grep: /datas/ELIOTT/archaea_data/reannotated_CDS/Thermococcus_sp_TPV_CDS.faa : No such file or directory
cat: '/datas/ELIOTT/archaea_data/reannotated_CDS/Thermococcus_sp_TPV_CDS.faa ': No such file or directory
grep: /datas/ELIOTT/archaea_data/reannotated_CDS/Thermococcus_sp_unknown_CDS.faa : No such file or directory
cat: '/datas/ELIOTT/archaea_data/reannotated_CDS/Thermococcus_sp_unknown_CDS.faa ': No such file or directory
grep: /datas/ELIOTT/archaea_data/reannotated_CDS/Thermococcus_stetteri_DSM_5262_CDS.faa : No such file or directory
cat: '/datas/ELIOTT/archaea_data/reannotated_CDS/Thermococcus_stetteri_DSM_5262_CDS.faa ': No such file or directory
grep: /datas/ELIOTT/archaea_data/reannotated_CDS/Thermococcus_waiotapuensis_WT1_CDS.faa : No such file or directory
cat: '/datas/ELIOTT/archaea_data/reannotated_CDS/Thermococcus_waiotapuensis_WT1_CDS.faa ': No such file or directory
Error: Error detecting input file format. First line seems to be blank.

Error opening file /datas/ELIOTT/scripts/tmp_1609559_23567/tmp_custom_database: No such file or directory
awk: fatal: cannot open file `/datas/ELIOTT/scripts/tmp_1609559_23567/1609559_custom_DB.bout' for reading: No such file or directory
paste: /datas/ELIOTT/scripts/tmp_1609559_23567/1609559_custom_DB.bout: No such file or directory
rm: cannot remove '/datas/ELIOTT/scripts/tmp_1609559_23567/1609559_custom_DB.bout': No such file or directory
[mclIO] writing </datas/ELIOTT/scripts/tmp_1609559_23567/tmp_1609559.mci>
.......................................
[mclIO] wrote native interchange 2079x2079 matrix with 6125 entries to stream </datas/ELIOTT/scripts/tmp_1609559_23567/tmp_1609559.mci>
[mclIO] wrote 2079 tab entries to stream </datas/ELIOTT/scripts/tmp_1609559_23567/tmp_1609559.tab>
[mcxload] tab has 2079 entries
[mclIO] reading </datas/ELIOTT/scripts/tmp_1609559_23567/tmp_1609559.mcl>
.......................................
[mclIO] read native interchange 2079x1439 matrix with 2079 entries
