
GCA_000022545@Thermococcus_sibiricus_MM_739
Indexing /datas/ELIOTT/archaea_data/test/genome/GCA_000022545@Thermococcus_sibiricus_MM_739.fa...
Extracting CDS...
Discarding CDS missing terminal stop codon...
done!
GCA_000151105@Thermococcus_barophilus_MP
Indexing /datas/ELIOTT/archaea_data/test/genome/GCA_000151105@Thermococcus_barophilus_MP.fa...
Extracting CDS...
Discarding CDS missing terminal stop codon...
done!
GCA_000246985@Thermococcus_litoralis_DSM_5473
Indexing /datas/ELIOTT/archaea_data/test/genome/GCA_000246985@Thermococcus_litoralis_DSM_5473.fa...
Extracting CDS...
Discarding CDS missing terminal stop codon...
done!
GCA_000517445@Thermococcus_paralvinellae_ES1
Indexing /datas/ELIOTT/archaea_data/test/genome/GCA_000517445@Thermococcus_paralvinellae_ES1.fa...
Extracting CDS...
Discarding CDS missing terminal stop codon...
done!
GCA_001433455@Thermococcus_barophilus_CH5
Indexing /datas/ELIOTT/archaea_data/test/genome/GCA_001433455@Thermococcus_barophilus_CH5.fa...
Extracting CDS...
Discarding CDS missing terminal stop codon...
done!
GCA_001484685@Thermococcus_sp_2319x1
Indexing /datas/ELIOTT/archaea_data/test/genome/GCA_001484685@Thermococcus_sp_2319x1.fa...
Extracting CDS...
Discarding CDS missing terminal stop codon...
done!
GCA_020386975@Thermococcus_bergensis_T7324
Indexing /datas/ELIOTT/archaea_data/test/genome/GCA_020386975@Thermococcus_bergensis_T7324.fa...
Extracting CDS...
Discarding CDS missing terminal stop codon...
done!
GCA_023746595@Thermococcus_argininiproducens_IOH2
Indexing /datas/ELIOTT/archaea_data/test/genome/GCA_023746595@Thermococcus_argininiproducens_IOH2.fa...
Extracting CDS...
Discarding CDS missing terminal stop codon...
done!
GCA_024022995@Thermococcus_aggregans_TY
Indexing /datas/ELIOTT/archaea_data/test/genome/GCA_024022995@Thermococcus_aggregans_TY.fa...
Extracting CDS...
Discarding CDS missing terminal stop codon...
done!
Thermococcus_aegaeus_DSM_12767
Indexing /datas/ELIOTT/archaea_data/test/genome/Thermococcus_aegaeus_DSM_12767.fa...
Extracting CDS...
Discarding CDS missing terminal stop codon...
done!
Thermococcus_aggregans_DSM_12819
Indexing /datas/ELIOTT/archaea_data/test/genome/Thermococcus_aggregans_DSM_12819.fa...
Extracting CDS...
Discarding CDS missing terminal stop codon...
done!
Thermococcus_alcaliphilus_DSM_10322
Indexing /datas/ELIOTT/archaea_data/test/genome/Thermococcus_alcaliphilus_DSM_10322.fa...
Extracting CDS...
Discarding CDS missing terminal stop codon...
done!
Thermococcus_barophilus_423_3_23
Indexing /datas/ELIOTT/archaea_data/test/genome/Thermococcus_barophilus_423_3_23.fa...
Extracting CDS...
Discarding CDS missing terminal stop codon...
done!
Thermococcus_barophilus_CH1
Indexing /datas/ELIOTT/archaea_data/test/genome/Thermococcus_barophilus_CH1.fa...
Extracting CDS...
Discarding CDS missing terminal stop codon...
done!
Thermococcus_barophilus_DT4
Indexing /datas/ELIOTT/archaea_data/test/genome/Thermococcus_barophilus_DT4.fa...
Extracting CDS...
Discarding CDS missing terminal stop codon...
done!
Thermococcus_sp_CIR_10a
Indexing /datas/ELIOTT/archaea_data/test/genome/Thermococcus_sp_CIR_10a.fa...
Extracting CDS...
Discarding CDS missing terminal stop codon...
done!
