/home/eliott.tempez/miniconda3/envs/phylostrat/lib/python3.8/site-packages/ncbitax2lin/data_io.py:20: DtypeWarning: Columns (16) have mixed types. Specify dtype option on import or set low_memory=False.
  df_data = pd.read_csv(
/home/eliott.tempez/miniconda3/envs/phylostrat/lib/python3.8/site-packages/ncbitax2lin/data_io.py:20: ParserWarning: Length of header or names does not match length of data. This leads to a loss of data with index_col=False.
  df_data = pd.read_csv(
2025-02-06 13:42:44,898|INFO|time spent on load_nodes: 0:00:03.092845
2025-02-06 13:42:49,909|INFO|time spent on load_names: 0:00:05.009774
2025-02-06 13:42:52,073|INFO|# of tax ids: 2,644,736
2025-02-06 13:42:52,375|INFO|df.info:
<class 'pandas.core.frame.DataFrame'>
RangeIndex: 2644736 entries, 0 to 2644735
Data columns (total 4 columns):
 #   Column         Dtype 
---  ------         ----- 
 0   tax_id         int64 
 1   parent_tax_id  int64 
 2   rank           object
 3   rank_name      object
dtypes: int64(2), object(2)
memory usage: 410.6 MB

2025-02-06 13:42:52,375|INFO|Generating a dictionary of taxonomy: tax_id => tax_unit ...
2025-02-06 13:42:58,179|INFO|size of taxonomy_dict: ~80 MB
2025-02-06 13:42:58,236|INFO|Finding all lineages ...
2025-02-06 13:42:58,236|INFO|will use 6 processes to find lineages for all 2,644,736 tax ids
2025-02-06 13:42:58,236|INFO|chunk_size = 440790
2025-02-06 13:42:58,246|INFO|chunked sizes: [440790, 440790, 440790, 440790, 440790, 440786]
2025-02-06 13:42:58,247|INFO|Starting 6 processes ...
2025-02-06 13:42:58,426|INFO|Joining 6 processes ...
2025-02-06 13:43:08,443|INFO|adding lineages from /var/tmp/pbs.2206340.pbsserver/tmp399v1z04_ncbitax2lin/_lineages_0.pkl ...
2025-02-06 13:43:11,689|INFO|adding lineages from /var/tmp/pbs.2206340.pbsserver/tmp399v1z04_ncbitax2lin/_lineages_1.pkl ...
2025-02-06 13:43:14,288|INFO|adding lineages from /var/tmp/pbs.2206340.pbsserver/tmp399v1z04_ncbitax2lin/_lineages_2.pkl ...
2025-02-06 13:43:16,912|INFO|adding lineages from /var/tmp/pbs.2206340.pbsserver/tmp399v1z04_ncbitax2lin/_lineages_3.pkl ...
2025-02-06 13:43:19,223|INFO|adding lineages from /var/tmp/pbs.2206340.pbsserver/tmp399v1z04_ncbitax2lin/_lineages_4.pkl ...
2025-02-06 13:43:22,043|INFO|adding lineages from /var/tmp/pbs.2206340.pbsserver/tmp399v1z04_ncbitax2lin/_lineages_5.pkl ...
2025-02-06 13:43:25,124|INFO|Preparings all lineages into a dataframe to be written to disk ...
2025-02-06 13:44:07,159|INFO|Writing lineages to ncbi_lineages_2025-02-06.csv.gz ...
grep: /datas/ELIOTT/archaea_data/genera/CDS/GCA_000009965@Thermococcus_kodakarensis_KOD1_CDS.faa : No such file or directory
cat: '/datas/ELIOTT/archaea_data/genera/CDS/GCA_000009965@Thermococcus_kodakarensis_KOD1_CDS.faa ': No such file or directory
grep: /datas/ELIOTT/archaea_data/genera/CDS/GCA_000011105@Pyrococcus_horikoshii_OT3_CDS.faa : No such file or directory
cat: '/datas/ELIOTT/archaea_data/genera/CDS/GCA_000011105@Pyrococcus_horikoshii_OT3_CDS.faa ': No such file or directory
grep: /datas/ELIOTT/archaea_data/genera/CDS/GCA_000018365@Thermococcus_onnurineus_NA1_CDS.faa : No such file or directory
cat: '/datas/ELIOTT/archaea_data/genera/CDS/GCA_000018365@Thermococcus_onnurineus_NA1_CDS.faa ': No such file or directory
grep: /datas/ELIOTT/archaea_data/genera/CDS/GCA_000022365@Thermococcus_gammatolerans_EJ3_CDS.faa : No such file or directory
cat: '/datas/ELIOTT/archaea_data/genera/CDS/GCA_000022365@Thermococcus_gammatolerans_EJ3_CDS.faa ': No such file or directory
grep: /datas/ELIOTT/archaea_data/genera/CDS/GCA_000022545@Thermococcus_sibiricus_MM_739_CDS.faa : No such file or directory
cat: '/datas/ELIOTT/archaea_data/genera/CDS/GCA_000022545@Thermococcus_sibiricus_MM_739_CDS.faa ': No such file or directory
grep: /datas/ELIOTT/archaea_data/genera/CDS/GCA_000151105@Thermococcus_barophilus_MP_CDS.faa : No such file or directory
cat: '/datas/ELIOTT/archaea_data/genera/CDS/GCA_000151105@Thermococcus_barophilus_MP_CDS.faa ': No such file or directory
grep: /datas/ELIOTT/archaea_data/genera/CDS/GCA_000151205@Thermococcus_sp_AM4_CDS.faa : No such file or directory
cat: '/datas/ELIOTT/archaea_data/genera/CDS/GCA_000151205@Thermococcus_sp_AM4_CDS.faa ': No such file or directory
grep: /datas/ELIOTT/archaea_data/genera/CDS/GCA_000195935@Pyrococcus_abyssi_GE5_CDS.faa : No such file or directory
cat: '/datas/ELIOTT/archaea_data/genera/CDS/GCA_000195935@Pyrococcus_abyssi_GE5_CDS.faa ': No such file or directory
grep: /datas/ELIOTT/archaea_data/genera/CDS/GCA_000211475@Pyrococcus_sp_NA2_CDS.faa : No such file or directory
cat: '/datas/ELIOTT/archaea_data/genera/CDS/GCA_000211475@Pyrococcus_sp_NA2_CDS.faa ': No such file or directory
grep: /datas/ELIOTT/archaea_data/genera/CDS/GCA_000215995@Pyrococcus_yayanosii_CH1_CDS.faa : No such file or directory
cat: '/datas/ELIOTT/archaea_data/genera/CDS/GCA_000215995@Pyrococcus_yayanosii_CH1_CDS.faa ': No such file or directory
grep: /datas/ELIOTT/archaea_data/genera/CDS/GCA_000221185@Thermococcus_sp_4557_CDS.faa : No such file or directory
cat: '/datas/ELIOTT/archaea_data/genera/CDS/GCA_000221185@Thermococcus_sp_4557_CDS.faa ': No such file or directory
grep: /datas/ELIOTT/archaea_data/genera/CDS/GCA_000246985@Thermococcus_litoralis_DSM_5473_CDS.faa : No such file or directory
cat: '/datas/ELIOTT/archaea_data/genera/CDS/GCA_000246985@Thermococcus_litoralis_DSM_5473_CDS.faa ': No such file or directory
grep: /datas/ELIOTT/archaea_data/genera/CDS/GCA_000258515@Thermococcus_zilligii_AN1_CDS.faa : No such file or directory
cat: '/datas/ELIOTT/archaea_data/genera/CDS/GCA_000258515@Thermococcus_zilligii_AN1_CDS.faa ': No such file or directory
grep: /datas/ELIOTT/archaea_data/genera/CDS/GCA_000263735@Pyrococcus_sp_ST04_CDS.faa : No such file or directory
cat: '/datas/ELIOTT/archaea_data/genera/CDS/GCA_000263735@Pyrococcus_sp_ST04_CDS.faa ': No such file or directory
grep: /datas/ELIOTT/archaea_data/genera/CDS/GCA_000265525@Thermococcus_cleftensis_CL1_CDS.faa : No such file or directory
cat: '/datas/ELIOTT/archaea_data/genera/CDS/GCA_000265525@Thermococcus_cleftensis_CL1_CDS.faa ': No such file or directory
grep: /datas/ELIOTT/archaea_data/genera/CDS/GCA_000275605@Pyrococcus_furiosus_COM1_CDS.faa : No such file or directory
cat: '/datas/ELIOTT/archaea_data/genera/CDS/GCA_000275605@Pyrococcus_furiosus_COM1_CDS.faa ': No such file or directory
grep: /datas/ELIOTT/archaea_data/genera/CDS/GCA_000517445@Thermococcus_paralvinellae_ES1_CDS.faa : No such file or directory
cat: '/datas/ELIOTT/archaea_data/genera/CDS/GCA_000517445@Thermococcus_paralvinellae_ES1_CDS.faa ': No such file or directory
grep: /datas/ELIOTT/archaea_data/genera/CDS/GCA_000585495@Thermococcus_nautili_30_1_CDS.faa : No such file or directory
cat: '/datas/ELIOTT/archaea_data/genera/CDS/GCA_000585495@Thermococcus_nautili_30_1_CDS.faa ': No such file or directory
grep: /datas/ELIOTT/archaea_data/genera/CDS/GCA_000725425@Palaeococcus_pacificus_DY20341_CDS.faa : No such file or directory
cat: '/datas/ELIOTT/archaea_data/genera/CDS/GCA_000725425@Palaeococcus_pacificus_DY20341_CDS.faa ': No such file or directory
grep: /datas/ELIOTT/archaea_data/genera/CDS/GCA_000769655@Thermococcus_eurythermalis_A501_CDS.faa : No such file or directory
cat: '/datas/ELIOTT/archaea_data/genera/CDS/GCA_000769655@Thermococcus_eurythermalis_A501_CDS.faa ': No such file or directory
grep: /datas/ELIOTT/archaea_data/genera/CDS/GCA_000816105@Thermococcus_guaymasensis_DSM_11113_CDS.faa : No such file or directory
cat: '/datas/ELIOTT/archaea_data/genera/CDS/GCA_000816105@Thermococcus_guaymasensis_DSM_11113_CDS.faa ': No such file or directory
grep: /datas/ELIOTT/archaea_data/genera/CDS/GCA_001433455@Thermococcus_barophilus_CH5_CDS.faa : No such file or directory
cat: '/datas/ELIOTT/archaea_data/genera/CDS/GCA_001433455@Thermococcus_barophilus_CH5_CDS.faa ': No such file or directory
grep: /datas/ELIOTT/archaea_data/genera/CDS/GCA_001484685@Thermococcus_sp_2319x1_CDS.faa : No such file or directory
cat: '/datas/ELIOTT/archaea_data/genera/CDS/GCA_001484685@Thermococcus_sp_2319x1_CDS.faa ': No such file or directory
grep: /datas/ELIOTT/archaea_data/genera/CDS/GCA_001577775@Pyrococcus_kukulkanii_NCB100_CDS.faa : No such file or directory
cat: '/datas/ELIOTT/archaea_data/genera/CDS/GCA_001577775@Pyrococcus_kukulkanii_NCB100_CDS.faa ': No such file or directory
grep: /datas/ELIOTT/archaea_data/genera/CDS/GCA_001592435@Thermococcus_peptonophilus_OG_1_CDS.faa : No such file or directory
cat: '/datas/ELIOTT/archaea_data/genera/CDS/GCA_001592435@Thermococcus_peptonophilus_OG_1_CDS.faa ': No such file or directory
grep: /datas/ELIOTT/archaea_data/genera/CDS/GCA_001647085@Thermococcus_piezophilus_CDGS_CDS.faa : No such file or directory
cat: '/datas/ELIOTT/archaea_data/genera/CDS/GCA_001647085@Thermococcus_piezophilus_CDGS_CDS.faa ': No such file or directory
grep: /datas/ELIOTT/archaea_data/genera/CDS/GCA_002197185@Thermococcus_sp_5_4_CDS.faa : No such file or directory
cat: '/datas/ELIOTT/archaea_data/genera/CDS/GCA_002197185@Thermococcus_sp_5_4_CDS.faa ': No such file or directory
grep: /datas/ELIOTT/archaea_data/genera/CDS/GCA_002214365@Thermococcus_celer_Vu_13_CDS.faa : No such file or directory
cat: '/datas/ELIOTT/archaea_data/genera/CDS/GCA_002214365@Thermococcus_celer_Vu_13_CDS.faa ': No such file or directory
grep: /datas/ELIOTT/archaea_data/genera/CDS/GCA_002214385@Thermococcus_gorgonarius_W_12_CDS.faa : No such file or directory
cat: '/datas/ELIOTT/archaea_data/genera/CDS/GCA_002214385@Thermococcus_gorgonarius_W_12_CDS.faa ': No such file or directory
grep: /datas/ELIOTT/archaea_data/genera/CDS/GCA_002214465@Thermococcus_barossii_SHCK_94_CDS.faa : No such file or directory
cat: '/datas/ELIOTT/archaea_data/genera/CDS/GCA_002214465@Thermococcus_barossii_SHCK_94_CDS.faa ': No such file or directory
grep: /datas/ELIOTT/archaea_data/genera/CDS/GCA_002214485@Thermococcus_pacificus_P4_CDS.faa : No such file or directory
cat: '/datas/ELIOTT/archaea_data/genera/CDS/GCA_002214485@Thermococcus_pacificus_P4_CDS.faa ': No such file or directory
grep: /datas/ELIOTT/archaea_data/genera/CDS/GCA_002214505@Thermococcus_siculi_RG_20_CDS.faa : No such file or directory
cat: '/datas/ELIOTT/archaea_data/genera/CDS/GCA_002214505@Thermococcus_siculi_RG_20_CDS.faa ': No such file or directory
grep: /datas/ELIOTT/archaea_data/genera/CDS/GCA_002214525@Thermococcus_sp_P6_CDS.faa : No such file or directory
cat: '/datas/ELIOTT/archaea_data/genera/CDS/GCA_002214525@Thermococcus_sp_P6_CDS.faa ': No such file or directory
grep: /datas/ELIOTT/archaea_data/genera/CDS/GCA_002214545@Thermococcus_thioreducens_OGL_20P_CDS.faa : No such file or directory
cat: '/datas/ELIOTT/archaea_data/genera/CDS/GCA_002214545@Thermococcus_thioreducens_OGL_20P_CDS.faa ': No such file or directory
grep: /datas/ELIOTT/archaea_data/genera/CDS/GCA_002214565@Thermococcus_radiotolerans_EJ2_CDS.faa : No such file or directory
cat: '/datas/ELIOTT/archaea_data/genera/CDS/GCA_002214565@Thermococcus_radiotolerans_EJ2_CDS.faa ': No such file or directory
grep: /datas/ELIOTT/archaea_data/genera/CDS/GCA_002214585@Thermococcus_profundus_DT_5432_CDS.faa : No such file or directory
cat: '/datas/ELIOTT/archaea_data/genera/CDS/GCA_002214585@Thermococcus_profundus_DT_5432_CDS.faa ': No such file or directory
grep: /datas/ELIOTT/archaea_data/genera/CDS/GCA_002214605@Thermococcus_chitonophagus_CDS.faa : No such file or directory
cat: '/datas/ELIOTT/archaea_data/genera/CDS/GCA_002214605@Thermococcus_chitonophagus_CDS.faa ': No such file or directory
grep: /datas/ELIOTT/archaea_data/genera/CDS/GCA_006274605@Thermococcus_indicus_IOH1_CDS.faa : No such file or directory
cat: '/datas/ELIOTT/archaea_data/genera/CDS/GCA_006274605@Thermococcus_indicus_IOH1_CDS.faa ': No such file or directory
grep: /datas/ELIOTT/archaea_data/genera/CDS/GCA_008152015@Thermococcus_aciditolerans_SY113_CDS.faa : No such file or directory
cat: '/datas/ELIOTT/archaea_data/genera/CDS/GCA_008152015@Thermococcus_aciditolerans_SY113_CDS.faa ': No such file or directory
grep: /datas/ELIOTT/archaea_data/genera/CDS/GCA_008245085@Pyrococcus_furiosus_DSM_3638_Reg_CDS.faa : No such file or directory
cat: '/datas/ELIOTT/archaea_data/genera/CDS/GCA_008245085@Pyrococcus_furiosus_DSM_3638_Reg_CDS.faa ': No such file or directory
grep: /datas/ELIOTT/archaea_data/genera/CDS/GCA_023746595@Thermococcus_argininiproducens_IOH2_CDS.faa : No such file or directory
cat: '/datas/ELIOTT/archaea_data/genera/CDS/GCA_023746595@Thermococcus_argininiproducens_IOH2_CDS.faa ': No such file or directory
grep: /datas/ELIOTT/archaea_data/genera/CDS/GCA_024022995@Thermococcus_aggregans_TY_CDS.faa : No such file or directory
cat: '/datas/ELIOTT/archaea_data/genera/CDS/GCA_024022995@Thermococcus_aggregans_TY_CDS.faa ': No such file or directory
grep: /datas/ELIOTT/archaea_data/genera/CDS/GCA_024707485@Thermococcus_sp_813A4_CDS.faa : No such file or directory
cat: '/datas/ELIOTT/archaea_data/genera/CDS/GCA_024707485@Thermococcus_sp_813A4_CDS.faa ': No such file or directory
grep: /datas/ELIOTT/archaea_data/genera/CDS/GCA_028471785@Thermococcus_kodakarensis_TS900_CDS.faa : No such file or directory
cat: '/datas/ELIOTT/archaea_data/genera/CDS/GCA_028471785@Thermococcus_kodakarensis_TS900_CDS.faa ': No such file or directory
grep: /datas/ELIOTT/archaea_data/genera/CDS/GCA_028471865@Thermococcus_kodakarensis_TS901_CDS.faa : No such file or directory
cat: '/datas/ELIOTT/archaea_data/genera/CDS/GCA_028471865@Thermococcus_kodakarensis_TS901_CDS.faa ': No such file or directory
grep: /datas/ELIOTT/archaea_data/genera/CDS/GCA_900012635@Thermococcus_chitonophagus_isolate_1_CDS.faa : No such file or directory
cat: '/datas/ELIOTT/archaea_data/genera/CDS/GCA_900012635@Thermococcus_chitonophagus_isolate_1_CDS.faa ': No such file or directory
grep: /datas/ELIOTT/archaea_data/genera/CDS/GCA_900198835@Thermococcus_henrietii_EXT12c_CDS.faa : No such file or directory
cat: '/datas/ELIOTT/archaea_data/genera/CDS/GCA_900198835@Thermococcus_henrietii_EXT12c_CDS.faa ': No such file or directory
grep: /datas/ELIOTT/archaea_data/genera/CDS/GCA_904067545@Thermococcus_camini_IRI35c_CDS.faa : No such file or directory
cat: '/datas/ELIOTT/archaea_data/genera/CDS/GCA_904067545@Thermococcus_camini_IRI35c_CDS.faa ': No such file or directory
grep: /datas/ELIOTT/archaea_data/genera/CDS/Palaeococcus_helgesoni_DSM_15127_CDS.faa : No such file or directory
cat: '/datas/ELIOTT/archaea_data/genera/CDS/Palaeococcus_helgesoni_DSM_15127_CDS.faa ': No such file or directory
grep: /datas/ELIOTT/archaea_data/genera/CDS/Pyrococcus_31_3_CDS.faa : No such file or directory
cat: '/datas/ELIOTT/archaea_data/genera/CDS/Pyrococcus_31_3_CDS.faa ': No such file or directory
grep: /datas/ELIOTT/archaea_data/genera/CDS/Pyrococcus_32_1_CDS.faa : No such file or directory
cat: '/datas/ELIOTT/archaea_data/genera/CDS/Pyrococcus_32_1_CDS.faa ': No such file or directory
grep: /datas/ELIOTT/archaea_data/genera/CDS/Pyrococcus_abyssi_GE2_CDS.faa : No such file or directory
cat: '/datas/ELIOTT/archaea_data/genera/CDS/Pyrococcus_abyssi_GE2_CDS.faa ': No such file or directory
grep: /datas/ELIOTT/archaea_data/genera/CDS/Pyrococcus_endeavori_ES4_CDS.faa : No such file or directory
cat: '/datas/ELIOTT/archaea_data/genera/CDS/Pyrococcus_endeavori_ES4_CDS.faa ': No such file or directory
grep: /datas/ELIOTT/archaea_data/genera/CDS/Pyrococcus_EXT16_CDS.faa : No such file or directory
cat: '/datas/ELIOTT/archaea_data/genera/CDS/Pyrococcus_EXT16_CDS.faa ': No such file or directory
grep: /datas/ELIOTT/archaea_data/genera/CDS/Pyrococcus_sp_32_3_CDS.faa : No such file or directory
cat: '/datas/ELIOTT/archaea_data/genera/CDS/Pyrococcus_sp_32_3_CDS.faa ': No such file or directory
grep: /datas/ELIOTT/archaea_data/genera/CDS/Pyrococcus_sp_32_4_CDS.faa : No such file or directory
cat: '/datas/ELIOTT/archaea_data/genera/CDS/Pyrococcus_sp_32_4_CDS.faa ': No such file or directory
grep: /datas/ELIOTT/archaea_data/genera/CDS/Pyrococcus_sp_EXT_15c_CDS.faa : No such file or directory
cat: '/datas/ELIOTT/archaea_data/genera/CDS/Pyrococcus_sp_EXT_15c_CDS.faa ': No such file or directory
grep: /datas/ELIOTT/archaea_data/genera/CDS/Pyrococcus_sp_GE_23_CDS.faa : No such file or directory
cat: '/datas/ELIOTT/archaea_data/genera/CDS/Pyrococcus_sp_GE_23_CDS.faa ': No such file or directory
grep: /datas/ELIOTT/archaea_data/genera/CDS/Pyrococcus_sp_IRI_42C_CDS.faa : No such file or directory
cat: '/datas/ELIOTT/archaea_data/genera/CDS/Pyrococcus_sp_IRI_42C_CDS.faa ': No such file or directory
grep: /datas/ELIOTT/archaea_data/genera/CDS/Thermococcus_15_2_CDS.faa : No such file or directory
cat: '/datas/ELIOTT/archaea_data/genera/CDS/Thermococcus_15_2_CDS.faa ': No such file or directory
grep: /datas/ELIOTT/archaea_data/genera/CDS/Thermococcus_23_2_CDS.faa : No such file or directory
cat: '/datas/ELIOTT/archaea_data/genera/CDS/Thermococcus_23_2_CDS.faa ': No such file or directory
grep: /datas/ELIOTT/archaea_data/genera/CDS/Thermococcus_29_3_CDS.faa : No such file or directory
cat: '/datas/ELIOTT/archaea_data/genera/CDS/Thermococcus_29_3_CDS.faa ': No such file or directory
grep: /datas/ELIOTT/archaea_data/genera/CDS/Thermococcus_31_3_CDS.faa : No such file or directory
cat: '/datas/ELIOTT/archaea_data/genera/CDS/Thermococcus_31_3_CDS.faa ': No such file or directory
grep: /datas/ELIOTT/archaea_data/genera/CDS/Thermococcus_aegaeus_DSM_12767_CDS.faa : No such file or directory
cat: '/datas/ELIOTT/archaea_data/genera/CDS/Thermococcus_aegaeus_DSM_12767_CDS.faa ': No such file or directory
grep: /datas/ELIOTT/archaea_data/genera/CDS/Thermococcus_aggregans_DSM_12819_CDS.faa : No such file or directory
cat: '/datas/ELIOTT/archaea_data/genera/CDS/Thermococcus_aggregans_DSM_12819_CDS.faa ': No such file or directory
grep: /datas/ELIOTT/archaea_data/genera/CDS/Thermococcus_alcaliphilus_DSM_10322_CDS.faa : No such file or directory
cat: '/datas/ELIOTT/archaea_data/genera/CDS/Thermococcus_alcaliphilus_DSM_10322_CDS.faa ': No such file or directory
grep: /datas/ELIOTT/archaea_data/genera/CDS/Thermococcus_AMTc11_CDS.faa : No such file or directory
cat: '/datas/ELIOTT/archaea_data/genera/CDS/Thermococcus_AMTc11_CDS.faa ': No such file or directory
grep: /datas/ELIOTT/archaea_data/genera/CDS/Thermococcus_AMTc30_CDS.faa : No such file or directory
cat: '/datas/ELIOTT/archaea_data/genera/CDS/Thermococcus_AMTc30_CDS.faa ': No such file or directory
grep: /datas/ELIOTT/archaea_data/genera/CDS/Thermococcus_AMTc51_CDS.faa : No such file or directory
cat: '/datas/ELIOTT/archaea_data/genera/CDS/Thermococcus_AMTc51_CDS.faa ': No such file or directory
grep: /datas/ELIOTT/archaea_data/genera/CDS/Thermococcus_AMTc85_CDS.faa : No such file or directory
cat: '/datas/ELIOTT/archaea_data/genera/CDS/Thermococcus_AMTc85_CDS.faa ': No such file or directory
grep: /datas/ELIOTT/archaea_data/genera/CDS/Thermococcus_atlanticus_DSM_15226_CDS.faa : No such file or directory
cat: '/datas/ELIOTT/archaea_data/genera/CDS/Thermococcus_atlanticus_DSM_15226_CDS.faa ': No such file or directory
grep: /datas/ELIOTT/archaea_data/genera/CDS/Thermococcus_barophilus_423_3_23_CDS.faa : No such file or directory
cat: '/datas/ELIOTT/archaea_data/genera/CDS/Thermococcus_barophilus_423_3_23_CDS.faa ': No such file or directory
grep: /datas/ELIOTT/archaea_data/genera/CDS/Thermococcus_barophilus_CH1_CDS.faa : No such file or directory
cat: '/datas/ELIOTT/archaea_data/genera/CDS/Thermococcus_barophilus_CH1_CDS.faa ': No such file or directory
grep: /datas/ELIOTT/archaea_data/genera/CDS/Thermococcus_barophilus_DT4_CDS.faa : No such file or directory
cat: '/datas/ELIOTT/archaea_data/genera/CDS/Thermococcus_barophilus_DT4_CDS.faa ': No such file or directory
grep: /datas/ELIOTT/archaea_data/genera/CDS/Thermococcus_coalescens_TS1_CDS.faa : No such file or directory
cat: '/datas/ELIOTT/archaea_data/genera/CDS/Thermococcus_coalescens_TS1_CDS.faa ': No such file or directory
grep: /datas/ELIOTT/archaea_data/genera/CDS/Thermococcus_E15P35_CDS.faa : No such file or directory
cat: '/datas/ELIOTT/archaea_data/genera/CDS/Thermococcus_E15P35_CDS.faa ': No such file or directory
grep: /datas/ELIOTT/archaea_data/genera/CDS/Thermococcus_EXT11c_CDS.faa : No such file or directory
cat: '/datas/ELIOTT/archaea_data/genera/CDS/Thermococcus_EXT11c_CDS.faa ': No such file or directory
grep: /datas/ELIOTT/archaea_data/genera/CDS/Thermococcus_fumicolans_ST557_CDS.faa : No such file or directory
cat: '/datas/ELIOTT/archaea_data/genera/CDS/Thermococcus_fumicolans_ST557_CDS.faa ': No such file or directory
grep: /datas/ELIOTT/archaea_data/genera/CDS/Thermococcus_IRI_06c_CDS.faa : No such file or directory
cat: '/datas/ELIOTT/archaea_data/genera/CDS/Thermococcus_IRI_06c_CDS.faa ': No such file or directory
grep: /datas/ELIOTT/archaea_data/genera/CDS/Thermococcus_IRI15c_CDS.faa : No such file or directory
cat: '/datas/ELIOTT/archaea_data/genera/CDS/Thermococcus_IRI15c_CDS.faa ': No such file or directory
grep: /datas/ELIOTT/archaea_data/genera/CDS/Thermococcus_marinus_DSM_15227_CDS.faa : No such file or directory
cat: '/datas/ELIOTT/archaea_data/genera/CDS/Thermococcus_marinus_DSM_15227_CDS.faa ': No such file or directory
grep: /datas/ELIOTT/archaea_data/genera/CDS/Thermococcus_prieuri_Col3_CDS.faa : No such file or directory
cat: '/datas/ELIOTT/archaea_data/genera/CDS/Thermococcus_prieuri_Col3_CDS.faa ': No such file or directory
grep: /datas/ELIOTT/archaea_data/genera/CDS/Thermococcus_profundus_DSM_9503_CDS.faa : No such file or directory
cat: '/datas/ELIOTT/archaea_data/genera/CDS/Thermococcus_profundus_DSM_9503_CDS.faa ': No such file or directory
grep: /datas/ELIOTT/archaea_data/genera/CDS/Thermococcus_sp_23_4_CDS.faa : No such file or directory
cat: '/datas/ELIOTT/archaea_data/genera/CDS/Thermococcus_sp_23_4_CDS.faa ': No such file or directory
grep: /datas/ELIOTT/archaea_data/genera/CDS/Thermococcus_sp_26_2_CDS.faa : No such file or directory
cat: '/datas/ELIOTT/archaea_data/genera/CDS/Thermococcus_sp_26_2_CDS.faa ': No such file or directory
grep: /datas/ELIOTT/archaea_data/genera/CDS/Thermococcus_sp_33_3_CDS.faa : No such file or directory
cat: '/datas/ELIOTT/archaea_data/genera/CDS/Thermococcus_sp_33_3_CDS.faa ': No such file or directory
grep: /datas/ELIOTT/archaea_data/genera/CDS/Thermococcus_sp_9_3_CDS.faa : No such file or directory
cat: '/datas/ELIOTT/archaea_data/genera/CDS/Thermococcus_sp_9_3_CDS.faa ': No such file or directory
grep: /datas/ELIOTT/archaea_data/genera/CDS/Thermococcus_sp_AMTc09_CDS.faa : No such file or directory
cat: '/datas/ELIOTT/archaea_data/genera/CDS/Thermococcus_sp_AMTc09_CDS.faa ': No such file or directory
grep: /datas/ELIOTT/archaea_data/genera/CDS/Thermococcus_sp_AMTc102_CDS.faa : No such file or directory
cat: '/datas/ELIOTT/archaea_data/genera/CDS/Thermococcus_sp_AMTc102_CDS.faa ': No such file or directory
grep: /datas/ELIOTT/archaea_data/genera/CDS/Thermococcus_sp_AMTc71_CDS.faa : No such file or directory
cat: '/datas/ELIOTT/archaea_data/genera/CDS/Thermococcus_sp_AMTc71_CDS.faa ': No such file or directory
grep: /datas/ELIOTT/archaea_data/genera/CDS/Thermococcus_sp_AMTc72_CDS.faa : No such file or directory
cat: '/datas/ELIOTT/archaea_data/genera/CDS/Thermococcus_sp_AMTc72_CDS.faa ': No such file or directory
grep: /datas/ELIOTT/archaea_data/genera/CDS/Thermococcus_sp_AMTc79_CDS.faa : No such file or directory
cat: '/datas/ELIOTT/archaea_data/genera/CDS/Thermococcus_sp_AMTc79_CDS.faa ': No such file or directory
grep: /datas/ELIOTT/archaea_data/genera/CDS/Thermococcus_sp_AMTc94_CDS.faa : No such file or directory
cat: '/datas/ELIOTT/archaea_data/genera/CDS/Thermococcus_sp_AMTc94_CDS.faa ': No such file or directory
grep: /datas/ELIOTT/archaea_data/genera/CDS/Thermococcus_sp_CIR_03a_CDS.faa : No such file or directory
cat: '/datas/ELIOTT/archaea_data/genera/CDS/Thermococcus_sp_CIR_03a_CDS.faa ': No such file or directory
grep: /datas/ELIOTT/archaea_data/genera/CDS/Thermococcus_sp_CIR_10a_CDS.faa : No such file or directory
cat: '/datas/ELIOTT/archaea_data/genera/CDS/Thermococcus_sp_CIR_10a_CDS.faa ': No such file or directory
grep: /datas/ELIOTT/archaea_data/genera/CDS/Thermococcus_sp_DS1_CDS.faa : No such file or directory
cat: '/datas/ELIOTT/archaea_data/genera/CDS/Thermococcus_sp_DS1_CDS.faa ': No such file or directory
grep: /datas/ELIOTT/archaea_data/genera/CDS/Thermococcus_sp_E10P11_CDS.faa : No such file or directory
cat: '/datas/ELIOTT/archaea_data/genera/CDS/Thermococcus_sp_E10P11_CDS.faa ': No such file or directory
grep: /datas/ELIOTT/archaea_data/genera/CDS/Thermococcus_sp_E10P8_CDS.faa : No such file or directory
cat: '/datas/ELIOTT/archaea_data/genera/CDS/Thermococcus_sp_E10P8_CDS.faa ': No such file or directory
grep: /datas/ELIOTT/archaea_data/genera/CDS/Thermococcus_sp_E15p33_CDS.faa : No such file or directory
cat: '/datas/ELIOTT/archaea_data/genera/CDS/Thermococcus_sp_E15p33_CDS.faa ': No such file or directory
grep: /datas/ELIOTT/archaea_data/genera/CDS/Thermococcus_sp_EXT09c_CDS.faa : No such file or directory
cat: '/datas/ELIOTT/archaea_data/genera/CDS/Thermococcus_sp_EXT09c_CDS.faa ': No such file or directory
grep: /datas/ELIOTT/archaea_data/genera/CDS/Thermococcus_sp_IRI_05c_CDS.faa : No such file or directory
cat: '/datas/ELIOTT/archaea_data/genera/CDS/Thermococcus_sp_IRI_05c_CDS.faa ': No such file or directory
grep: /datas/ELIOTT/archaea_data/genera/CDS/Thermococcus_sp_IRI_33c_CDS.faa : No such file or directory
cat: '/datas/ELIOTT/archaea_data/genera/CDS/Thermococcus_sp_IRI_33c_CDS.faa ': No such file or directory
grep: /datas/ELIOTT/archaea_data/genera/CDS/Thermococcus_sp_IRI10c_CDS.faa : No such file or directory
cat: '/datas/ELIOTT/archaea_data/genera/CDS/Thermococcus_sp_IRI10c_CDS.faa ': No such file or directory
grep: /datas/ELIOTT/archaea_data/genera/CDS/Thermococcus_sp_IRI14c_CDS.faa : No such file or directory
cat: '/datas/ELIOTT/archaea_data/genera/CDS/Thermococcus_sp_IRI14c_CDS.faa ': No such file or directory
grep: /datas/ELIOTT/archaea_data/genera/CDS/Thermococcus_sp_IRI24c_CDS.faa : No such file or directory
cat: '/datas/ELIOTT/archaea_data/genera/CDS/Thermococcus_sp_IRI24c_CDS.faa ': No such file or directory
grep: /datas/ELIOTT/archaea_data/genera/CDS/Thermococcus_sp_IRI25c_CDS.faa : No such file or directory
cat: '/datas/ELIOTT/archaea_data/genera/CDS/Thermococcus_sp_IRI25c_CDS.faa ': No such file or directory
grep: /datas/ELIOTT/archaea_data/genera/CDS/Thermococcus_sp_IRI27c2_CDS.faa : No such file or directory
cat: '/datas/ELIOTT/archaea_data/genera/CDS/Thermococcus_sp_IRI27c2_CDS.faa ': No such file or directory
grep: /datas/ELIOTT/archaea_data/genera/CDS/Thermococcus_sp_IRI29c_CDS.faa : No such file or directory
cat: '/datas/ELIOTT/archaea_data/genera/CDS/Thermococcus_sp_IRI29c_CDS.faa ': No such file or directory
grep: /datas/ELIOTT/archaea_data/genera/CDS/Thermococcus_sp_TPV_CDS.faa : No such file or directory
cat: '/datas/ELIOTT/archaea_data/genera/CDS/Thermococcus_sp_TPV_CDS.faa ': No such file or directory
grep: /datas/ELIOTT/archaea_data/genera/CDS/Thermococcus_sp_unknown_CDS.faa : No such file or directory
cat: '/datas/ELIOTT/archaea_data/genera/CDS/Thermococcus_sp_unknown_CDS.faa ': No such file or directory
grep: /datas/ELIOTT/archaea_data/genera/CDS/Thermococcus_stetteri_DSM_5262_CDS.faa : No such file or directory
cat: '/datas/ELIOTT/archaea_data/genera/CDS/Thermococcus_stetteri_DSM_5262_CDS.faa ': No such file or directory
grep: /datas/ELIOTT/archaea_data/genera/CDS/Thermococcus_waiotapuensis_WT1_CDS.faa : No such file or directory
cat: '/datas/ELIOTT/archaea_data/genera/CDS/Thermococcus_waiotapuensis_WT1_CDS.faa ': No such file or directory
Error: Error detecting input file format. First line seems to be blank.

Error opening file /datas/ELIOTT/scripts/tmp_2689387_23676/tmp_custom_database: No such file or directory
awk: fatal: cannot open file `/datas/ELIOTT/scripts/tmp_2689387_23676/2689387_custom_DB.bout' for reading: No such file or directory
paste: /datas/ELIOTT/scripts/tmp_2689387_23676/2689387_custom_DB.bout: No such file or directory
rm: cannot remove '/datas/ELIOTT/scripts/tmp_2689387_23676/2689387_custom_DB.bout': No such file or directory
/home/eliott.tempez/miniconda3/envs/phylostrat/lib/python3.8/site-packages/ncbitax2lin/data_io.py:20: DtypeWarning: Columns (16) have mixed types. Specify dtype option on import or set low_memory=False.
  df_data = pd.read_csv(
/home/eliott.tempez/miniconda3/envs/phylostrat/lib/python3.8/site-packages/ncbitax2lin/data_io.py:20: ParserWarning: Length of header or names does not match length of data. This leads to a loss of data with index_col=False.
  df_data = pd.read_csv(
2025-02-06 16:04:00,460|INFO|time spent on load_nodes: 0:00:03.049912
2025-02-06 16:04:05,410|INFO|time spent on load_names: 0:00:04.949425
2025-02-06 16:04:07,550|INFO|# of tax ids: 2,644,736
2025-02-06 16:04:07,852|INFO|df.info:
<class 'pandas.core.frame.DataFrame'>
RangeIndex: 2644736 entries, 0 to 2644735
Data columns (total 4 columns):
 #   Column         Dtype 
---  ------         ----- 
 0   tax_id         int64 
 1   parent_tax_id  int64 
 2   rank           object
 3   rank_name      object
dtypes: int64(2), object(2)
memory usage: 410.6 MB

2025-02-06 16:04:07,852|INFO|Generating a dictionary of taxonomy: tax_id => tax_unit ...
2025-02-06 16:04:13,642|INFO|size of taxonomy_dict: ~80 MB
2025-02-06 16:04:13,697|INFO|Finding all lineages ...
2025-02-06 16:04:13,697|INFO|will use 6 processes to find lineages for all 2,644,736 tax ids
2025-02-06 16:04:13,697|INFO|chunk_size = 440790
2025-02-06 16:04:13,707|INFO|chunked sizes: [440790, 440790, 440790, 440790, 440790, 440786]
2025-02-06 16:04:13,707|INFO|Starting 6 processes ...
2025-02-06 16:04:13,861|INFO|Joining 6 processes ...
2025-02-06 16:04:23,680|INFO|adding lineages from /var/tmp/pbs.2206343.pbsserver/tmp47xlchrx_ncbitax2lin/_lineages_0.pkl ...
2025-02-06 16:04:26,852|INFO|adding lineages from /var/tmp/pbs.2206343.pbsserver/tmp47xlchrx_ncbitax2lin/_lineages_1.pkl ...
2025-02-06 16:04:29,401|INFO|adding lineages from /var/tmp/pbs.2206343.pbsserver/tmp47xlchrx_ncbitax2lin/_lineages_2.pkl ...
2025-02-06 16:04:31,956|INFO|adding lineages from /var/tmp/pbs.2206343.pbsserver/tmp47xlchrx_ncbitax2lin/_lineages_3.pkl ...
2025-02-06 16:04:34,204|INFO|adding lineages from /var/tmp/pbs.2206343.pbsserver/tmp47xlchrx_ncbitax2lin/_lineages_4.pkl ...
2025-02-06 16:04:36,930|INFO|adding lineages from /var/tmp/pbs.2206343.pbsserver/tmp47xlchrx_ncbitax2lin/_lineages_5.pkl ...
2025-02-06 16:04:39,893|INFO|Preparings all lineages into a dataframe to be written to disk ...
2025-02-06 16:05:19,727|INFO|Writing lineages to ncbi_lineages_2025-02-06.csv.gz ...
[mclIO] writing </datas/ELIOTT/scripts/tmp_2689387_23676/tmp_2689387.mci>
.......................................
[mclIO] wrote native interchange 2287x2287 matrix with 19385 entries to stream </datas/ELIOTT/scripts/tmp_2689387_23676/tmp_2689387.mci>
[mclIO] wrote 2287 tab entries to stream </datas/ELIOTT/scripts/tmp_2689387_23676/tmp_2689387.tab>
[mcxload] tab has 2287 entries
[mclIO] reading </datas/ELIOTT/scripts/tmp_2689387_23676/tmp_2689387.mcl>
......................................
[mclIO] read native interchange 2287x1401 matrix with 2287 entries
grep: /datas/ELIOTT/archaea_data/genera/CDS/GCA_000009965@Thermococcus_kodakarensis_KOD1_CDS.faa : No such file or directory
cat: '/datas/ELIOTT/archaea_data/genera/CDS/GCA_000009965@Thermococcus_kodakarensis_KOD1_CDS.faa ': No such file or directory
grep: /datas/ELIOTT/archaea_data/genera/CDS/GCA_000011105@Pyrococcus_horikoshii_OT3_CDS.faa : No such file or directory
cat: '/datas/ELIOTT/archaea_data/genera/CDS/GCA_000011105@Pyrococcus_horikoshii_OT3_CDS.faa ': No such file or directory
grep: /datas/ELIOTT/archaea_data/genera/CDS/GCA_000018365@Thermococcus_onnurineus_NA1_CDS.faa : No such file or directory
cat: '/datas/ELIOTT/archaea_data/genera/CDS/GCA_000018365@Thermococcus_onnurineus_NA1_CDS.faa ': No such file or directory
grep: /datas/ELIOTT/archaea_data/genera/CDS/GCA_000022365@Thermococcus_gammatolerans_EJ3_CDS.faa : No such file or directory
cat: '/datas/ELIOTT/archaea_data/genera/CDS/GCA_000022365@Thermococcus_gammatolerans_EJ3_CDS.faa ': No such file or directory
grep: /datas/ELIOTT/archaea_data/genera/CDS/GCA_000022545@Thermococcus_sibiricus_MM_739_CDS.faa : No such file or directory
cat: '/datas/ELIOTT/archaea_data/genera/CDS/GCA_000022545@Thermococcus_sibiricus_MM_739_CDS.faa ': No such file or directory
grep: /datas/ELIOTT/archaea_data/genera/CDS/GCA_000151105@Thermococcus_barophilus_MP_CDS.faa : No such file or directory
cat: '/datas/ELIOTT/archaea_data/genera/CDS/GCA_000151105@Thermococcus_barophilus_MP_CDS.faa ': No such file or directory
grep: /datas/ELIOTT/archaea_data/genera/CDS/GCA_000151205@Thermococcus_sp_AM4_CDS.faa : No such file or directory
cat: '/datas/ELIOTT/archaea_data/genera/CDS/GCA_000151205@Thermococcus_sp_AM4_CDS.faa ': No such file or directory
grep: /datas/ELIOTT/archaea_data/genera/CDS/GCA_000195935@Pyrococcus_abyssi_GE5_CDS.faa : No such file or directory
cat: '/datas/ELIOTT/archaea_data/genera/CDS/GCA_000195935@Pyrococcus_abyssi_GE5_CDS.faa ': No such file or directory
grep: /datas/ELIOTT/archaea_data/genera/CDS/GCA_000211475@Pyrococcus_sp_NA2_CDS.faa : No such file or directory
cat: '/datas/ELIOTT/archaea_data/genera/CDS/GCA_000211475@Pyrococcus_sp_NA2_CDS.faa ': No such file or directory
grep: /datas/ELIOTT/archaea_data/genera/CDS/GCA_000215995@Pyrococcus_yayanosii_CH1_CDS.faa : No such file or directory
cat: '/datas/ELIOTT/archaea_data/genera/CDS/GCA_000215995@Pyrococcus_yayanosii_CH1_CDS.faa ': No such file or directory
grep: /datas/ELIOTT/archaea_data/genera/CDS/GCA_000221185@Thermococcus_sp_4557_CDS.faa : No such file or directory
cat: '/datas/ELIOTT/archaea_data/genera/CDS/GCA_000221185@Thermococcus_sp_4557_CDS.faa ': No such file or directory
grep: /datas/ELIOTT/archaea_data/genera/CDS/GCA_000246985@Thermococcus_litoralis_DSM_5473_CDS.faa : No such file or directory
cat: '/datas/ELIOTT/archaea_data/genera/CDS/GCA_000246985@Thermococcus_litoralis_DSM_5473_CDS.faa ': No such file or directory
grep: /datas/ELIOTT/archaea_data/genera/CDS/GCA_000258515@Thermococcus_zilligii_AN1_CDS.faa : No such file or directory
cat: '/datas/ELIOTT/archaea_data/genera/CDS/GCA_000258515@Thermococcus_zilligii_AN1_CDS.faa ': No such file or directory
grep: /datas/ELIOTT/archaea_data/genera/CDS/GCA_000263735@Pyrococcus_sp_ST04_CDS.faa : No such file or directory
cat: '/datas/ELIOTT/archaea_data/genera/CDS/GCA_000263735@Pyrococcus_sp_ST04_CDS.faa ': No such file or directory
grep: /datas/ELIOTT/archaea_data/genera/CDS/GCA_000265525@Thermococcus_cleftensis_CL1_CDS.faa : No such file or directory
cat: '/datas/ELIOTT/archaea_data/genera/CDS/GCA_000265525@Thermococcus_cleftensis_CL1_CDS.faa ': No such file or directory
grep: /datas/ELIOTT/archaea_data/genera/CDS/GCA_000275605@Pyrococcus_furiosus_COM1_CDS.faa : No such file or directory
cat: '/datas/ELIOTT/archaea_data/genera/CDS/GCA_000275605@Pyrococcus_furiosus_COM1_CDS.faa ': No such file or directory
grep: /datas/ELIOTT/archaea_data/genera/CDS/GCA_000517445@Thermococcus_paralvinellae_ES1_CDS.faa : No such file or directory
cat: '/datas/ELIOTT/archaea_data/genera/CDS/GCA_000517445@Thermococcus_paralvinellae_ES1_CDS.faa ': No such file or directory
grep: /datas/ELIOTT/archaea_data/genera/CDS/GCA_000585495@Thermococcus_nautili_30_1_CDS.faa : No such file or directory
cat: '/datas/ELIOTT/archaea_data/genera/CDS/GCA_000585495@Thermococcus_nautili_30_1_CDS.faa ': No such file or directory
grep: /datas/ELIOTT/archaea_data/genera/CDS/GCA_000725425@Palaeococcus_pacificus_DY20341_CDS.faa : No such file or directory
cat: '/datas/ELIOTT/archaea_data/genera/CDS/GCA_000725425@Palaeococcus_pacificus_DY20341_CDS.faa ': No such file or directory
grep: /datas/ELIOTT/archaea_data/genera/CDS/GCA_000769655@Thermococcus_eurythermalis_A501_CDS.faa : No such file or directory
cat: '/datas/ELIOTT/archaea_data/genera/CDS/GCA_000769655@Thermococcus_eurythermalis_A501_CDS.faa ': No such file or directory
grep: /datas/ELIOTT/archaea_data/genera/CDS/GCA_000816105@Thermococcus_guaymasensis_DSM_11113_CDS.faa : No such file or directory
cat: '/datas/ELIOTT/archaea_data/genera/CDS/GCA_000816105@Thermococcus_guaymasensis_DSM_11113_CDS.faa ': No such file or directory
grep: /datas/ELIOTT/archaea_data/genera/CDS/GCA_001433455@Thermococcus_barophilus_CH5_CDS.faa : No such file or directory
cat: '/datas/ELIOTT/archaea_data/genera/CDS/GCA_001433455@Thermococcus_barophilus_CH5_CDS.faa ': No such file or directory
grep: /datas/ELIOTT/archaea_data/genera/CDS/GCA_001484685@Thermococcus_sp_2319x1_CDS.faa : No such file or directory
cat: '/datas/ELIOTT/archaea_data/genera/CDS/GCA_001484685@Thermococcus_sp_2319x1_CDS.faa ': No such file or directory
grep: /datas/ELIOTT/archaea_data/genera/CDS/GCA_001577775@Pyrococcus_kukulkanii_NCB100_CDS.faa : No such file or directory
cat: '/datas/ELIOTT/archaea_data/genera/CDS/GCA_001577775@Pyrococcus_kukulkanii_NCB100_CDS.faa ': No such file or directory
grep: /datas/ELIOTT/archaea_data/genera/CDS/GCA_001592435@Thermococcus_peptonophilus_OG_1_CDS.faa : No such file or directory
cat: '/datas/ELIOTT/archaea_data/genera/CDS/GCA_001592435@Thermococcus_peptonophilus_OG_1_CDS.faa ': No such file or directory
grep: /datas/ELIOTT/archaea_data/genera/CDS/GCA_001647085@Thermococcus_piezophilus_CDGS_CDS.faa : No such file or directory
cat: '/datas/ELIOTT/archaea_data/genera/CDS/GCA_001647085@Thermococcus_piezophilus_CDGS_CDS.faa ': No such file or directory
grep: /datas/ELIOTT/archaea_data/genera/CDS/GCA_002197185@Thermococcus_sp_5_4_CDS.faa : No such file or directory
cat: '/datas/ELIOTT/archaea_data/genera/CDS/GCA_002197185@Thermococcus_sp_5_4_CDS.faa ': No such file or directory
grep: /datas/ELIOTT/archaea_data/genera/CDS/GCA_002214365@Thermococcus_celer_Vu_13_CDS.faa : No such file or directory
cat: '/datas/ELIOTT/archaea_data/genera/CDS/GCA_002214365@Thermococcus_celer_Vu_13_CDS.faa ': No such file or directory
grep: /datas/ELIOTT/archaea_data/genera/CDS/GCA_002214385@Thermococcus_gorgonarius_W_12_CDS.faa : No such file or directory
cat: '/datas/ELIOTT/archaea_data/genera/CDS/GCA_002214385@Thermococcus_gorgonarius_W_12_CDS.faa ': No such file or directory
grep: /datas/ELIOTT/archaea_data/genera/CDS/GCA_002214465@Thermococcus_barossii_SHCK_94_CDS.faa : No such file or directory
cat: '/datas/ELIOTT/archaea_data/genera/CDS/GCA_002214465@Thermococcus_barossii_SHCK_94_CDS.faa ': No such file or directory
grep: /datas/ELIOTT/archaea_data/genera/CDS/GCA_002214485@Thermococcus_pacificus_P4_CDS.faa : No such file or directory
cat: '/datas/ELIOTT/archaea_data/genera/CDS/GCA_002214485@Thermococcus_pacificus_P4_CDS.faa ': No such file or directory
grep: /datas/ELIOTT/archaea_data/genera/CDS/GCA_002214505@Thermococcus_siculi_RG_20_CDS.faa : No such file or directory
cat: '/datas/ELIOTT/archaea_data/genera/CDS/GCA_002214505@Thermococcus_siculi_RG_20_CDS.faa ': No such file or directory
grep: /datas/ELIOTT/archaea_data/genera/CDS/GCA_002214525@Thermococcus_sp_P6_CDS.faa : No such file or directory
cat: '/datas/ELIOTT/archaea_data/genera/CDS/GCA_002214525@Thermococcus_sp_P6_CDS.faa ': No such file or directory
grep: /datas/ELIOTT/archaea_data/genera/CDS/GCA_002214545@Thermococcus_thioreducens_OGL_20P_CDS.faa : No such file or directory
cat: '/datas/ELIOTT/archaea_data/genera/CDS/GCA_002214545@Thermococcus_thioreducens_OGL_20P_CDS.faa ': No such file or directory
grep: /datas/ELIOTT/archaea_data/genera/CDS/GCA_002214565@Thermococcus_radiotolerans_EJ2_CDS.faa : No such file or directory
cat: '/datas/ELIOTT/archaea_data/genera/CDS/GCA_002214565@Thermococcus_radiotolerans_EJ2_CDS.faa ': No such file or directory
grep: /datas/ELIOTT/archaea_data/genera/CDS/GCA_002214585@Thermococcus_profundus_DT_5432_CDS.faa : No such file or directory
cat: '/datas/ELIOTT/archaea_data/genera/CDS/GCA_002214585@Thermococcus_profundus_DT_5432_CDS.faa ': No such file or directory
grep: /datas/ELIOTT/archaea_data/genera/CDS/GCA_002214605@Thermococcus_chitonophagus_CDS.faa : No such file or directory
cat: '/datas/ELIOTT/archaea_data/genera/CDS/GCA_002214605@Thermococcus_chitonophagus_CDS.faa ': No such file or directory
grep: /datas/ELIOTT/archaea_data/genera/CDS/GCA_006274605@Thermococcus_indicus_IOH1_CDS.faa : No such file or directory
cat: '/datas/ELIOTT/archaea_data/genera/CDS/GCA_006274605@Thermococcus_indicus_IOH1_CDS.faa ': No such file or directory
grep: /datas/ELIOTT/archaea_data/genera/CDS/GCA_008152015@Thermococcus_aciditolerans_SY113_CDS.faa : No such file or directory
cat: '/datas/ELIOTT/archaea_data/genera/CDS/GCA_008152015@Thermococcus_aciditolerans_SY113_CDS.faa ': No such file or directory
grep: /datas/ELIOTT/archaea_data/genera/CDS/GCA_008245085@Pyrococcus_furiosus_DSM_3638_Reg_CDS.faa : No such file or directory
cat: '/datas/ELIOTT/archaea_data/genera/CDS/GCA_008245085@Pyrococcus_furiosus_DSM_3638_Reg_CDS.faa ': No such file or directory
grep: /datas/ELIOTT/archaea_data/genera/CDS/GCA_020386975@Thermococcus_bergensis_T7324_CDS.faa : No such file or directory
cat: '/datas/ELIOTT/archaea_data/genera/CDS/GCA_020386975@Thermococcus_bergensis_T7324_CDS.faa ': No such file or directory
grep: /datas/ELIOTT/archaea_data/genera/CDS/GCA_023746595@Thermococcus_argininiproducens_IOH2_CDS.faa : No such file or directory
cat: '/datas/ELIOTT/archaea_data/genera/CDS/GCA_023746595@Thermococcus_argininiproducens_IOH2_CDS.faa ': No such file or directory
grep: /datas/ELIOTT/archaea_data/genera/CDS/GCA_024022995@Thermococcus_aggregans_TY_CDS.faa : No such file or directory
cat: '/datas/ELIOTT/archaea_data/genera/CDS/GCA_024022995@Thermococcus_aggregans_TY_CDS.faa ': No such file or directory
grep: /datas/ELIOTT/archaea_data/genera/CDS/GCA_024707485@Thermococcus_sp_813A4_CDS.faa : No such file or directory
cat: '/datas/ELIOTT/archaea_data/genera/CDS/GCA_024707485@Thermococcus_sp_813A4_CDS.faa ': No such file or directory
grep: /datas/ELIOTT/archaea_data/genera/CDS/GCA_028471865@Thermococcus_kodakarensis_TS901_CDS.faa : No such file or directory
cat: '/datas/ELIOTT/archaea_data/genera/CDS/GCA_028471865@Thermococcus_kodakarensis_TS901_CDS.faa ': No such file or directory
grep: /datas/ELIOTT/archaea_data/genera/CDS/GCA_900012635@Thermococcus_chitonophagus_isolate_1_CDS.faa : No such file or directory
cat: '/datas/ELIOTT/archaea_data/genera/CDS/GCA_900012635@Thermococcus_chitonophagus_isolate_1_CDS.faa ': No such file or directory
grep: /datas/ELIOTT/archaea_data/genera/CDS/GCA_900198835@Thermococcus_henrietii_EXT12c_CDS.faa : No such file or directory
cat: '/datas/ELIOTT/archaea_data/genera/CDS/GCA_900198835@Thermococcus_henrietii_EXT12c_CDS.faa ': No such file or directory
grep: /datas/ELIOTT/archaea_data/genera/CDS/GCA_904067545@Thermococcus_camini_IRI35c_CDS.faa : No such file or directory
cat: '/datas/ELIOTT/archaea_data/genera/CDS/GCA_904067545@Thermococcus_camini_IRI35c_CDS.faa ': No such file or directory
grep: /datas/ELIOTT/archaea_data/genera/CDS/Palaeococcus_helgesoni_DSM_15127_CDS.faa : No such file or directory
cat: '/datas/ELIOTT/archaea_data/genera/CDS/Palaeococcus_helgesoni_DSM_15127_CDS.faa ': No such file or directory
grep: /datas/ELIOTT/archaea_data/genera/CDS/Pyrococcus_31_3_CDS.faa : No such file or directory
cat: '/datas/ELIOTT/archaea_data/genera/CDS/Pyrococcus_31_3_CDS.faa ': No such file or directory
grep: /datas/ELIOTT/archaea_data/genera/CDS/Pyrococcus_32_1_CDS.faa : No such file or directory
cat: '/datas/ELIOTT/archaea_data/genera/CDS/Pyrococcus_32_1_CDS.faa ': No such file or directory
grep: /datas/ELIOTT/archaea_data/genera/CDS/Pyrococcus_abyssi_GE2_CDS.faa : No such file or directory
cat: '/datas/ELIOTT/archaea_data/genera/CDS/Pyrococcus_abyssi_GE2_CDS.faa ': No such file or directory
grep: /datas/ELIOTT/archaea_data/genera/CDS/Pyrococcus_endeavori_ES4_CDS.faa : No such file or directory
cat: '/datas/ELIOTT/archaea_data/genera/CDS/Pyrococcus_endeavori_ES4_CDS.faa ': No such file or directory
grep: /datas/ELIOTT/archaea_data/genera/CDS/Pyrococcus_EXT16_CDS.faa : No such file or directory
cat: '/datas/ELIOTT/archaea_data/genera/CDS/Pyrococcus_EXT16_CDS.faa ': No such file or directory
grep: /datas/ELIOTT/archaea_data/genera/CDS/Pyrococcus_sp_32_3_CDS.faa : No such file or directory
cat: '/datas/ELIOTT/archaea_data/genera/CDS/Pyrococcus_sp_32_3_CDS.faa ': No such file or directory
grep: /datas/ELIOTT/archaea_data/genera/CDS/Pyrococcus_sp_32_4_CDS.faa : No such file or directory
cat: '/datas/ELIOTT/archaea_data/genera/CDS/Pyrococcus_sp_32_4_CDS.faa ': No such file or directory
grep: /datas/ELIOTT/archaea_data/genera/CDS/Pyrococcus_sp_EXT_15c_CDS.faa : No such file or directory
cat: '/datas/ELIOTT/archaea_data/genera/CDS/Pyrococcus_sp_EXT_15c_CDS.faa ': No such file or directory
grep: /datas/ELIOTT/archaea_data/genera/CDS/Pyrococcus_sp_GE_23_CDS.faa : No such file or directory
cat: '/datas/ELIOTT/archaea_data/genera/CDS/Pyrococcus_sp_GE_23_CDS.faa ': No such file or directory
grep: /datas/ELIOTT/archaea_data/genera/CDS/Pyrococcus_sp_IRI_42C_CDS.faa : No such file or directory
cat: '/datas/ELIOTT/archaea_data/genera/CDS/Pyrococcus_sp_IRI_42C_CDS.faa ': No such file or directory
grep: /datas/ELIOTT/archaea_data/genera/CDS/Thermococcus_15_2_CDS.faa : No such file or directory
cat: '/datas/ELIOTT/archaea_data/genera/CDS/Thermococcus_15_2_CDS.faa ': No such file or directory
grep: /datas/ELIOTT/archaea_data/genera/CDS/Thermococcus_23_2_CDS.faa : No such file or directory
cat: '/datas/ELIOTT/archaea_data/genera/CDS/Thermococcus_23_2_CDS.faa ': No such file or directory
grep: /datas/ELIOTT/archaea_data/genera/CDS/Thermococcus_29_3_CDS.faa : No such file or directory
cat: '/datas/ELIOTT/archaea_data/genera/CDS/Thermococcus_29_3_CDS.faa ': No such file or directory
grep: /datas/ELIOTT/archaea_data/genera/CDS/Thermococcus_31_3_CDS.faa : No such file or directory
cat: '/datas/ELIOTT/archaea_data/genera/CDS/Thermococcus_31_3_CDS.faa ': No such file or directory
grep: /datas/ELIOTT/archaea_data/genera/CDS/Thermococcus_aegaeus_DSM_12767_CDS.faa : No such file or directory
cat: '/datas/ELIOTT/archaea_data/genera/CDS/Thermococcus_aegaeus_DSM_12767_CDS.faa ': No such file or directory
grep: /datas/ELIOTT/archaea_data/genera/CDS/Thermococcus_aggregans_DSM_12819_CDS.faa : No such file or directory
cat: '/datas/ELIOTT/archaea_data/genera/CDS/Thermococcus_aggregans_DSM_12819_CDS.faa ': No such file or directory
grep: /datas/ELIOTT/archaea_data/genera/CDS/Thermococcus_alcaliphilus_DSM_10322_CDS.faa : No such file or directory
cat: '/datas/ELIOTT/archaea_data/genera/CDS/Thermococcus_alcaliphilus_DSM_10322_CDS.faa ': No such file or directory
grep: /datas/ELIOTT/archaea_data/genera/CDS/Thermococcus_AMTc11_CDS.faa : No such file or directory
cat: '/datas/ELIOTT/archaea_data/genera/CDS/Thermococcus_AMTc11_CDS.faa ': No such file or directory
grep: /datas/ELIOTT/archaea_data/genera/CDS/Thermococcus_AMTc30_CDS.faa : No such file or directory
cat: '/datas/ELIOTT/archaea_data/genera/CDS/Thermococcus_AMTc30_CDS.faa ': No such file or directory
grep: /datas/ELIOTT/archaea_data/genera/CDS/Thermococcus_AMTc51_CDS.faa : No such file or directory
cat: '/datas/ELIOTT/archaea_data/genera/CDS/Thermococcus_AMTc51_CDS.faa ': No such file or directory
grep: /datas/ELIOTT/archaea_data/genera/CDS/Thermococcus_AMTc85_CDS.faa : No such file or directory
cat: '/datas/ELIOTT/archaea_data/genera/CDS/Thermococcus_AMTc85_CDS.faa ': No such file or directory
grep: /datas/ELIOTT/archaea_data/genera/CDS/Thermococcus_atlanticus_DSM_15226_CDS.faa : No such file or directory
cat: '/datas/ELIOTT/archaea_data/genera/CDS/Thermococcus_atlanticus_DSM_15226_CDS.faa ': No such file or directory
grep: /datas/ELIOTT/archaea_data/genera/CDS/Thermococcus_barophilus_423_3_23_CDS.faa : No such file or directory
cat: '/datas/ELIOTT/archaea_data/genera/CDS/Thermococcus_barophilus_423_3_23_CDS.faa ': No such file or directory
grep: /datas/ELIOTT/archaea_data/genera/CDS/Thermococcus_barophilus_CH1_CDS.faa : No such file or directory
cat: '/datas/ELIOTT/archaea_data/genera/CDS/Thermococcus_barophilus_CH1_CDS.faa ': No such file or directory
grep: /datas/ELIOTT/archaea_data/genera/CDS/Thermococcus_barophilus_DT4_CDS.faa : No such file or directory
cat: '/datas/ELIOTT/archaea_data/genera/CDS/Thermococcus_barophilus_DT4_CDS.faa ': No such file or directory
grep: /datas/ELIOTT/archaea_data/genera/CDS/Thermococcus_coalescens_TS1_CDS.faa : No such file or directory
cat: '/datas/ELIOTT/archaea_data/genera/CDS/Thermococcus_coalescens_TS1_CDS.faa ': No such file or directory
grep: /datas/ELIOTT/archaea_data/genera/CDS/Thermococcus_E15P35_CDS.faa : No such file or directory
cat: '/datas/ELIOTT/archaea_data/genera/CDS/Thermococcus_E15P35_CDS.faa ': No such file or directory
grep: /datas/ELIOTT/archaea_data/genera/CDS/Thermococcus_EXT11c_CDS.faa : No such file or directory
cat: '/datas/ELIOTT/archaea_data/genera/CDS/Thermococcus_EXT11c_CDS.faa ': No such file or directory
grep: /datas/ELIOTT/archaea_data/genera/CDS/Thermococcus_fumicolans_ST557_CDS.faa : No such file or directory
cat: '/datas/ELIOTT/archaea_data/genera/CDS/Thermococcus_fumicolans_ST557_CDS.faa ': No such file or directory
grep: /datas/ELIOTT/archaea_data/genera/CDS/Thermococcus_IRI_06c_CDS.faa : No such file or directory
cat: '/datas/ELIOTT/archaea_data/genera/CDS/Thermococcus_IRI_06c_CDS.faa ': No such file or directory
grep: /datas/ELIOTT/archaea_data/genera/CDS/Thermococcus_IRI15c_CDS.faa : No such file or directory
cat: '/datas/ELIOTT/archaea_data/genera/CDS/Thermococcus_IRI15c_CDS.faa ': No such file or directory
grep: /datas/ELIOTT/archaea_data/genera/CDS/Thermococcus_marinus_DSM_15227_CDS.faa : No such file or directory
cat: '/datas/ELIOTT/archaea_data/genera/CDS/Thermococcus_marinus_DSM_15227_CDS.faa ': No such file or directory
grep: /datas/ELIOTT/archaea_data/genera/CDS/Thermococcus_prieuri_Col3_CDS.faa : No such file or directory
cat: '/datas/ELIOTT/archaea_data/genera/CDS/Thermococcus_prieuri_Col3_CDS.faa ': No such file or directory
grep: /datas/ELIOTT/archaea_data/genera/CDS/Thermococcus_profundus_DSM_9503_CDS.faa : No such file or directory
cat: '/datas/ELIOTT/archaea_data/genera/CDS/Thermococcus_profundus_DSM_9503_CDS.faa ': No such file or directory
grep: /datas/ELIOTT/archaea_data/genera/CDS/Thermococcus_sp_23_4_CDS.faa : No such file or directory
cat: '/datas/ELIOTT/archaea_data/genera/CDS/Thermococcus_sp_23_4_CDS.faa ': No such file or directory
grep: /datas/ELIOTT/archaea_data/genera/CDS/Thermococcus_sp_26_2_CDS.faa : No such file or directory
cat: '/datas/ELIOTT/archaea_data/genera/CDS/Thermococcus_sp_26_2_CDS.faa ': No such file or directory
grep: /datas/ELIOTT/archaea_data/genera/CDS/Thermococcus_sp_33_3_CDS.faa : No such file or directory
cat: '/datas/ELIOTT/archaea_data/genera/CDS/Thermococcus_sp_33_3_CDS.faa ': No such file or directory
grep: /datas/ELIOTT/archaea_data/genera/CDS/Thermococcus_sp_9_3_CDS.faa : No such file or directory
cat: '/datas/ELIOTT/archaea_data/genera/CDS/Thermococcus_sp_9_3_CDS.faa ': No such file or directory
grep: /datas/ELIOTT/archaea_data/genera/CDS/Thermococcus_sp_AMTc09_CDS.faa : No such file or directory
cat: '/datas/ELIOTT/archaea_data/genera/CDS/Thermococcus_sp_AMTc09_CDS.faa ': No such file or directory
grep: /datas/ELIOTT/archaea_data/genera/CDS/Thermococcus_sp_AMTc102_CDS.faa : No such file or directory
cat: '/datas/ELIOTT/archaea_data/genera/CDS/Thermococcus_sp_AMTc102_CDS.faa ': No such file or directory
grep: /datas/ELIOTT/archaea_data/genera/CDS/Thermococcus_sp_AMTc71_CDS.faa : No such file or directory
cat: '/datas/ELIOTT/archaea_data/genera/CDS/Thermococcus_sp_AMTc71_CDS.faa ': No such file or directory
grep: /datas/ELIOTT/archaea_data/genera/CDS/Thermococcus_sp_AMTc72_CDS.faa : No such file or directory
cat: '/datas/ELIOTT/archaea_data/genera/CDS/Thermococcus_sp_AMTc72_CDS.faa ': No such file or directory
grep: /datas/ELIOTT/archaea_data/genera/CDS/Thermococcus_sp_AMTc79_CDS.faa : No such file or directory
cat: '/datas/ELIOTT/archaea_data/genera/CDS/Thermococcus_sp_AMTc79_CDS.faa ': No such file or directory
grep: /datas/ELIOTT/archaea_data/genera/CDS/Thermococcus_sp_AMTc94_CDS.faa : No such file or directory
cat: '/datas/ELIOTT/archaea_data/genera/CDS/Thermococcus_sp_AMTc94_CDS.faa ': No such file or directory
grep: /datas/ELIOTT/archaea_data/genera/CDS/Thermococcus_sp_CIR_03a_CDS.faa : No such file or directory
cat: '/datas/ELIOTT/archaea_data/genera/CDS/Thermococcus_sp_CIR_03a_CDS.faa ': No such file or directory
grep: /datas/ELIOTT/archaea_data/genera/CDS/Thermococcus_sp_CIR_10a_CDS.faa : No such file or directory
cat: '/datas/ELIOTT/archaea_data/genera/CDS/Thermococcus_sp_CIR_10a_CDS.faa ': No such file or directory
grep: /datas/ELIOTT/archaea_data/genera/CDS/Thermococcus_sp_DS1_CDS.faa : No such file or directory
cat: '/datas/ELIOTT/archaea_data/genera/CDS/Thermococcus_sp_DS1_CDS.faa ': No such file or directory
grep: /datas/ELIOTT/archaea_data/genera/CDS/Thermococcus_sp_E10P11_CDS.faa : No such file or directory
cat: '/datas/ELIOTT/archaea_data/genera/CDS/Thermococcus_sp_E10P11_CDS.faa ': No such file or directory
grep: /datas/ELIOTT/archaea_data/genera/CDS/Thermococcus_sp_E10P8_CDS.faa : No such file or directory
cat: '/datas/ELIOTT/archaea_data/genera/CDS/Thermococcus_sp_E10P8_CDS.faa ': No such file or directory
grep: /datas/ELIOTT/archaea_data/genera/CDS/Thermococcus_sp_E15p33_CDS.faa : No such file or directory
cat: '/datas/ELIOTT/archaea_data/genera/CDS/Thermococcus_sp_E15p33_CDS.faa ': No such file or directory
grep: /datas/ELIOTT/archaea_data/genera/CDS/Thermococcus_sp_EXT09c_CDS.faa : No such file or directory
cat: '/datas/ELIOTT/archaea_data/genera/CDS/Thermococcus_sp_EXT09c_CDS.faa ': No such file or directory
grep: /datas/ELIOTT/archaea_data/genera/CDS/Thermococcus_sp_IRI_05c_CDS.faa : No such file or directory
cat: '/datas/ELIOTT/archaea_data/genera/CDS/Thermococcus_sp_IRI_05c_CDS.faa ': No such file or directory
grep: /datas/ELIOTT/archaea_data/genera/CDS/Thermococcus_sp_IRI_33c_CDS.faa : No such file or directory
cat: '/datas/ELIOTT/archaea_data/genera/CDS/Thermococcus_sp_IRI_33c_CDS.faa ': No such file or directory
grep: /datas/ELIOTT/archaea_data/genera/CDS/Thermococcus_sp_IRI10c_CDS.faa : No such file or directory
cat: '/datas/ELIOTT/archaea_data/genera/CDS/Thermococcus_sp_IRI10c_CDS.faa ': No such file or directory
grep: /datas/ELIOTT/archaea_data/genera/CDS/Thermococcus_sp_IRI14c_CDS.faa : No such file or directory
cat: '/datas/ELIOTT/archaea_data/genera/CDS/Thermococcus_sp_IRI14c_CDS.faa ': No such file or directory
grep: /datas/ELIOTT/archaea_data/genera/CDS/Thermococcus_sp_IRI24c_CDS.faa : No such file or directory
cat: '/datas/ELIOTT/archaea_data/genera/CDS/Thermococcus_sp_IRI24c_CDS.faa ': No such file or directory
grep: /datas/ELIOTT/archaea_data/genera/CDS/Thermococcus_sp_IRI25c_CDS.faa : No such file or directory
cat: '/datas/ELIOTT/archaea_data/genera/CDS/Thermococcus_sp_IRI25c_CDS.faa ': No such file or directory
grep: /datas/ELIOTT/archaea_data/genera/CDS/Thermococcus_sp_IRI27c2_CDS.faa : No such file or directory
cat: '/datas/ELIOTT/archaea_data/genera/CDS/Thermococcus_sp_IRI27c2_CDS.faa ': No such file or directory
grep: /datas/ELIOTT/archaea_data/genera/CDS/Thermococcus_sp_IRI29c_CDS.faa : No such file or directory
cat: '/datas/ELIOTT/archaea_data/genera/CDS/Thermococcus_sp_IRI29c_CDS.faa ': No such file or directory
grep: /datas/ELIOTT/archaea_data/genera/CDS/Thermococcus_sp_TPV_CDS.faa : No such file or directory
cat: '/datas/ELIOTT/archaea_data/genera/CDS/Thermococcus_sp_TPV_CDS.faa ': No such file or directory
grep: /datas/ELIOTT/archaea_data/genera/CDS/Thermococcus_sp_unknown_CDS.faa : No such file or directory
cat: '/datas/ELIOTT/archaea_data/genera/CDS/Thermococcus_sp_unknown_CDS.faa ': No such file or directory
grep: /datas/ELIOTT/archaea_data/genera/CDS/Thermococcus_stetteri_DSM_5262_CDS.faa : No such file or directory
cat: '/datas/ELIOTT/archaea_data/genera/CDS/Thermococcus_stetteri_DSM_5262_CDS.faa ': No such file or directory
grep: /datas/ELIOTT/archaea_data/genera/CDS/Thermococcus_waiotapuensis_WT1_CDS.faa : No such file or directory
cat: '/datas/ELIOTT/archaea_data/genera/CDS/Thermococcus_waiotapuensis_WT1_CDS.faa ': No such file or directory
Error: Error detecting input file format. First line seems to be blank.

Error opening file /datas/ELIOTT/scripts/tmp_311400_18633/tmp_custom_database: No such file or directory
awk: fatal: cannot open file `/datas/ELIOTT/scripts/tmp_311400_18633/311400_custom_DB.bout' for reading: No such file or directory
paste: /datas/ELIOTT/scripts/tmp_311400_18633/311400_custom_DB.bout: No such file or directory
rm: cannot remove '/datas/ELIOTT/scripts/tmp_311400_18633/311400_custom_DB.bout': No such file or directory
/home/eliott.tempez/miniconda3/envs/phylostrat/lib/python3.8/site-packages/ncbitax2lin/data_io.py:20: DtypeWarning: Columns (16) have mixed types. Specify dtype option on import or set low_memory=False.
  df_data = pd.read_csv(
/home/eliott.tempez/miniconda3/envs/phylostrat/lib/python3.8/site-packages/ncbitax2lin/data_io.py:20: ParserWarning: Length of header or names does not match length of data. This leads to a loss of data with index_col=False.
  df_data = pd.read_csv(
2025-02-06 19:20:05,347|INFO|time spent on load_nodes: 0:00:03.040022
2025-02-06 19:20:10,228|INFO|time spent on load_names: 0:00:04.881207
2025-02-06 19:20:12,326|INFO|# of tax ids: 2,644,736
2025-02-06 19:20:12,629|INFO|df.info:
<class 'pandas.core.frame.DataFrame'>
RangeIndex: 2644736 entries, 0 to 2644735
Data columns (total 4 columns):
 #   Column         Dtype 
---  ------         ----- 
 0   tax_id         int64 
 1   parent_tax_id  int64 
 2   rank           object
 3   rank_name      object
dtypes: int64(2), object(2)
memory usage: 410.6 MB

2025-02-06 19:20:12,630|INFO|Generating a dictionary of taxonomy: tax_id => tax_unit ...
2025-02-06 19:20:18,473|INFO|size of taxonomy_dict: ~80 MB
2025-02-06 19:20:18,524|INFO|Finding all lineages ...
2025-02-06 19:20:18,524|INFO|will use 6 processes to find lineages for all 2,644,736 tax ids
2025-02-06 19:20:18,524|INFO|chunk_size = 440790
2025-02-06 19:20:18,534|INFO|chunked sizes: [440790, 440790, 440790, 440790, 440790, 440786]
2025-02-06 19:20:18,534|INFO|Starting 6 processes ...
2025-02-06 19:20:18,700|INFO|Joining 6 processes ...
2025-02-06 19:20:28,361|INFO|adding lineages from /var/tmp/pbs.2206967.pbsserver/tmpq1dc1eaj_ncbitax2lin/_lineages_0.pkl ...
2025-02-06 19:20:31,526|INFO|adding lineages from /var/tmp/pbs.2206967.pbsserver/tmpq1dc1eaj_ncbitax2lin/_lineages_1.pkl ...
2025-02-06 19:20:34,044|INFO|adding lineages from /var/tmp/pbs.2206967.pbsserver/tmpq1dc1eaj_ncbitax2lin/_lineages_2.pkl ...
2025-02-06 19:20:36,541|INFO|adding lineages from /var/tmp/pbs.2206967.pbsserver/tmpq1dc1eaj_ncbitax2lin/_lineages_3.pkl ...
2025-02-06 19:20:38,759|INFO|adding lineages from /var/tmp/pbs.2206967.pbsserver/tmpq1dc1eaj_ncbitax2lin/_lineages_4.pkl ...
2025-02-06 19:20:41,412|INFO|adding lineages from /var/tmp/pbs.2206967.pbsserver/tmpq1dc1eaj_ncbitax2lin/_lineages_5.pkl ...
2025-02-06 19:20:44,271|INFO|Preparings all lineages into a dataframe to be written to disk ...
2025-02-06 19:21:22,477|INFO|Writing lineages to ncbi_lineages_2025-02-06.csv.gz ...
[mclIO] writing </datas/ELIOTT/scripts/tmp_311400_18633/tmp_311400.mci>
.......................................
[mclIO] wrote native interchange 2287x2287 matrix with 5823 entries to stream </datas/ELIOTT/scripts/tmp_311400_18633/tmp_311400.mci>
[mclIO] wrote 2287 tab entries to stream </datas/ELIOTT/scripts/tmp_311400_18633/tmp_311400.tab>
[mcxload] tab has 2287 entries
[mclIO] reading </datas/ELIOTT/scripts/tmp_311400_18633/tmp_311400.mcl>
.......................................
[mclIO] read native interchange 2287x1613 matrix with 2287 entries
