grep: /datas/ELIOTT/archaea_data/genera/CDS/GCA_000007305@Pyrococcus_furiosus_DSM_3638_CDS.faa : No such file or directory
cat: '/datas/ELIOTT/archaea_data/genera/CDS/GCA_000007305@Pyrococcus_furiosus_DSM_3638_CDS.faa ': No such file or directory
grep: /datas/ELIOTT/archaea_data/genera/CDS/GCA_000009965@Thermococcus_kodakarensis_KOD1_CDS.faa : No such file or directory
cat: '/datas/ELIOTT/archaea_data/genera/CDS/GCA_000009965@Thermococcus_kodakarensis_KOD1_CDS.faa ': No such file or directory
grep: /datas/ELIOTT/archaea_data/genera/CDS/GCA_000011105@Pyrococcus_horikoshii_OT3_CDS.faa : No such file or directory
cat: '/datas/ELIOTT/archaea_data/genera/CDS/GCA_000011105@Pyrococcus_horikoshii_OT3_CDS.faa ': No such file or directory
grep: /datas/ELIOTT/archaea_data/genera/CDS/GCA_000018365@Thermococcus_onnurineus_NA1_CDS.faa : No such file or directory
cat: '/datas/ELIOTT/archaea_data/genera/CDS/GCA_000018365@Thermococcus_onnurineus_NA1_CDS.faa ': No such file or directory
grep: /datas/ELIOTT/archaea_data/genera/CDS/GCA_000022365@Thermococcus_gammatolerans_EJ3_CDS.faa : No such file or directory
cat: '/datas/ELIOTT/archaea_data/genera/CDS/GCA_000022365@Thermococcus_gammatolerans_EJ3_CDS.faa ': No such file or directory
grep: /datas/ELIOTT/archaea_data/genera/CDS/GCA_000022545@Thermococcus_sibiricus_MM_739_CDS.faa : No such file or directory
cat: '/datas/ELIOTT/archaea_data/genera/CDS/GCA_000022545@Thermococcus_sibiricus_MM_739_CDS.faa ': No such file or directory
grep: /datas/ELIOTT/archaea_data/genera/CDS/GCA_000151105@Thermococcus_barophilus_MP_CDS.faa : No such file or directory
cat: '/datas/ELIOTT/archaea_data/genera/CDS/GCA_000151105@Thermococcus_barophilus_MP_CDS.faa ': No such file or directory
grep: /datas/ELIOTT/archaea_data/genera/CDS/GCA_000151205@Thermococcus_sp_AM4_CDS.faa : No such file or directory
cat: '/datas/ELIOTT/archaea_data/genera/CDS/GCA_000151205@Thermococcus_sp_AM4_CDS.faa ': No such file or directory
grep: /datas/ELIOTT/archaea_data/genera/CDS/GCA_000195935@Pyrococcus_abyssi_GE5_CDS.faa : No such file or directory
cat: '/datas/ELIOTT/archaea_data/genera/CDS/GCA_000195935@Pyrococcus_abyssi_GE5_CDS.faa ': No such file or directory
grep: /datas/ELIOTT/archaea_data/genera/CDS/GCA_000211475@Pyrococcus_sp_NA2_CDS.faa : No such file or directory
cat: '/datas/ELIOTT/archaea_data/genera/CDS/GCA_000211475@Pyrococcus_sp_NA2_CDS.faa ': No such file or directory
grep: /datas/ELIOTT/archaea_data/genera/CDS/GCA_000215995@Pyrococcus_yayanosii_CH1_CDS.faa : No such file or directory
cat: '/datas/ELIOTT/archaea_data/genera/CDS/GCA_000215995@Pyrococcus_yayanosii_CH1_CDS.faa ': No such file or directory
grep: /datas/ELIOTT/archaea_data/genera/CDS/GCA_000221185@Thermococcus_sp_4557_CDS.faa : No such file or directory
cat: '/datas/ELIOTT/archaea_data/genera/CDS/GCA_000221185@Thermococcus_sp_4557_CDS.faa ': No such file or directory
grep: /datas/ELIOTT/archaea_data/genera/CDS/GCA_000246985@Thermococcus_litoralis_DSM_5473_CDS.faa : No such file or directory
cat: '/datas/ELIOTT/archaea_data/genera/CDS/GCA_000246985@Thermococcus_litoralis_DSM_5473_CDS.faa ': No such file or directory
grep: /datas/ELIOTT/archaea_data/genera/CDS/GCA_000258515@Thermococcus_zilligii_AN1_CDS.faa : No such file or directory
cat: '/datas/ELIOTT/archaea_data/genera/CDS/GCA_000258515@Thermococcus_zilligii_AN1_CDS.faa ': No such file or directory
grep: /datas/ELIOTT/archaea_data/genera/CDS/GCA_000263735@Pyrococcus_sp_ST04_CDS.faa : No such file or directory
cat: '/datas/ELIOTT/archaea_data/genera/CDS/GCA_000263735@Pyrococcus_sp_ST04_CDS.faa ': No such file or directory
grep: /datas/ELIOTT/archaea_data/genera/CDS/GCA_000265525@Thermococcus_cleftensis_CL1_CDS.faa : No such file or directory
cat: '/datas/ELIOTT/archaea_data/genera/CDS/GCA_000265525@Thermococcus_cleftensis_CL1_CDS.faa ': No such file or directory
grep: /datas/ELIOTT/archaea_data/genera/CDS/GCA_000275605@Pyrococcus_furiosus_COM1_CDS.faa : No such file or directory
cat: '/datas/ELIOTT/archaea_data/genera/CDS/GCA_000275605@Pyrococcus_furiosus_COM1_CDS.faa ': No such file or directory
grep: /datas/ELIOTT/archaea_data/genera/CDS/GCA_000517445@Thermococcus_paralvinellae_ES1_CDS.faa : No such file or directory
cat: '/datas/ELIOTT/archaea_data/genera/CDS/GCA_000517445@Thermococcus_paralvinellae_ES1_CDS.faa ': No such file or directory
grep: /datas/ELIOTT/archaea_data/genera/CDS/GCA_000585495@Thermococcus_nautili_30_1_CDS.faa : No such file or directory
cat: '/datas/ELIOTT/archaea_data/genera/CDS/GCA_000585495@Thermococcus_nautili_30_1_CDS.faa ': No such file or directory
grep: /datas/ELIOTT/archaea_data/genera/CDS/GCA_000725425@Palaeococcus_pacificus_DY20341_CDS.faa : No such file or directory
cat: '/datas/ELIOTT/archaea_data/genera/CDS/GCA_000725425@Palaeococcus_pacificus_DY20341_CDS.faa ': No such file or directory
grep: /datas/ELIOTT/archaea_data/genera/CDS/GCA_000769655@Thermococcus_eurythermalis_A501_CDS.faa : No such file or directory
cat: '/datas/ELIOTT/archaea_data/genera/CDS/GCA_000769655@Thermococcus_eurythermalis_A501_CDS.faa ': No such file or directory
grep: /datas/ELIOTT/archaea_data/genera/CDS/GCA_000816105@Thermococcus_guaymasensis_DSM_11113_CDS.faa : No such file or directory
cat: '/datas/ELIOTT/archaea_data/genera/CDS/GCA_000816105@Thermococcus_guaymasensis_DSM_11113_CDS.faa ': No such file or directory
grep: /datas/ELIOTT/archaea_data/genera/CDS/GCA_001433455@Thermococcus_barophilus_CH5_CDS.faa : No such file or directory
cat: '/datas/ELIOTT/archaea_data/genera/CDS/GCA_001433455@Thermococcus_barophilus_CH5_CDS.faa ': No such file or directory
grep: /datas/ELIOTT/archaea_data/genera/CDS/GCA_001484685@Thermococcus_sp_2319x1_CDS.faa : No such file or directory
cat: '/datas/ELIOTT/archaea_data/genera/CDS/GCA_001484685@Thermococcus_sp_2319x1_CDS.faa ': No such file or directory
grep: /datas/ELIOTT/archaea_data/genera/CDS/GCA_001577775@Pyrococcus_kukulkanii_NCB100_CDS.faa : No such file or directory
cat: '/datas/ELIOTT/archaea_data/genera/CDS/GCA_001577775@Pyrococcus_kukulkanii_NCB100_CDS.faa ': No such file or directory
grep: /datas/ELIOTT/archaea_data/genera/CDS/GCA_001592435@Thermococcus_peptonophilus_OG_1_CDS.faa : No such file or directory
cat: '/datas/ELIOTT/archaea_data/genera/CDS/GCA_001592435@Thermococcus_peptonophilus_OG_1_CDS.faa ': No such file or directory
grep: /datas/ELIOTT/archaea_data/genera/CDS/GCA_001647085@Thermococcus_piezophilus_CDGS_CDS.faa : No such file or directory
cat: '/datas/ELIOTT/archaea_data/genera/CDS/GCA_001647085@Thermococcus_piezophilus_CDGS_CDS.faa ': No such file or directory
grep: /datas/ELIOTT/archaea_data/genera/CDS/GCA_002197185@Thermococcus_sp_5_4_CDS.faa : No such file or directory
cat: '/datas/ELIOTT/archaea_data/genera/CDS/GCA_002197185@Thermococcus_sp_5_4_CDS.faa ': No such file or directory
grep: /datas/ELIOTT/archaea_data/genera/CDS/GCA_002214365@Thermococcus_celer_Vu_13_CDS.faa : No such file or directory
cat: '/datas/ELIOTT/archaea_data/genera/CDS/GCA_002214365@Thermococcus_celer_Vu_13_CDS.faa ': No such file or directory
grep: /datas/ELIOTT/archaea_data/genera/CDS/GCA_002214385@Thermococcus_gorgonarius_W_12_CDS.faa : No such file or directory
cat: '/datas/ELIOTT/archaea_data/genera/CDS/GCA_002214385@Thermococcus_gorgonarius_W_12_CDS.faa ': No such file or directory
grep: /datas/ELIOTT/archaea_data/genera/CDS/GCA_002214465@Thermococcus_barossii_SHCK_94_CDS.faa : No such file or directory
cat: '/datas/ELIOTT/archaea_data/genera/CDS/GCA_002214465@Thermococcus_barossii_SHCK_94_CDS.faa ': No such file or directory
grep: /datas/ELIOTT/archaea_data/genera/CDS/GCA_002214485@Thermococcus_pacificus_P4_CDS.faa : No such file or directory
cat: '/datas/ELIOTT/archaea_data/genera/CDS/GCA_002214485@Thermococcus_pacificus_P4_CDS.faa ': No such file or directory
grep: /datas/ELIOTT/archaea_data/genera/CDS/GCA_002214505@Thermococcus_siculi_RG_20_CDS.faa : No such file or directory
cat: '/datas/ELIOTT/archaea_data/genera/CDS/GCA_002214505@Thermococcus_siculi_RG_20_CDS.faa ': No such file or directory
grep: /datas/ELIOTT/archaea_data/genera/CDS/GCA_002214525@Thermococcus_sp_P6_CDS.faa : No such file or directory
cat: '/datas/ELIOTT/archaea_data/genera/CDS/GCA_002214525@Thermococcus_sp_P6_CDS.faa ': No such file or directory
grep: /datas/ELIOTT/archaea_data/genera/CDS/GCA_002214545@Thermococcus_thioreducens_OGL_20P_CDS.faa : No such file or directory
cat: '/datas/ELIOTT/archaea_data/genera/CDS/GCA_002214545@Thermococcus_thioreducens_OGL_20P_CDS.faa ': No such file or directory
grep: /datas/ELIOTT/archaea_data/genera/CDS/GCA_002214565@Thermococcus_radiotolerans_EJ2_CDS.faa : No such file or directory
cat: '/datas/ELIOTT/archaea_data/genera/CDS/GCA_002214565@Thermococcus_radiotolerans_EJ2_CDS.faa ': No such file or directory
grep: /datas/ELIOTT/archaea_data/genera/CDS/GCA_002214585@Thermococcus_profundus_DT_5432_CDS.faa : No such file or directory
cat: '/datas/ELIOTT/archaea_data/genera/CDS/GCA_002214585@Thermococcus_profundus_DT_5432_CDS.faa ': No such file or directory
grep: /datas/ELIOTT/archaea_data/genera/CDS/GCA_006274605@Thermococcus_indicus_IOH1_CDS.faa : No such file or directory
cat: '/datas/ELIOTT/archaea_data/genera/CDS/GCA_006274605@Thermococcus_indicus_IOH1_CDS.faa ': No such file or directory
grep: /datas/ELIOTT/archaea_data/genera/CDS/GCA_008152015@Thermococcus_aciditolerans_SY113_CDS.faa : No such file or directory
cat: '/datas/ELIOTT/archaea_data/genera/CDS/GCA_008152015@Thermococcus_aciditolerans_SY113_CDS.faa ': No such file or directory
grep: /datas/ELIOTT/archaea_data/genera/CDS/GCA_008245085@Pyrococcus_furiosus_DSM_3638_Reg_CDS.faa : No such file or directory
cat: '/datas/ELIOTT/archaea_data/genera/CDS/GCA_008245085@Pyrococcus_furiosus_DSM_3638_Reg_CDS.faa ': No such file or directory
grep: /datas/ELIOTT/archaea_data/genera/CDS/GCA_020386975@Thermococcus_bergensis_T7324_CDS.faa : No such file or directory
cat: '/datas/ELIOTT/archaea_data/genera/CDS/GCA_020386975@Thermococcus_bergensis_T7324_CDS.faa ': No such file or directory
grep: /datas/ELIOTT/archaea_data/genera/CDS/GCA_023746595@Thermococcus_argininiproducens_IOH2_CDS.faa : No such file or directory
cat: '/datas/ELIOTT/archaea_data/genera/CDS/GCA_023746595@Thermococcus_argininiproducens_IOH2_CDS.faa ': No such file or directory
grep: /datas/ELIOTT/archaea_data/genera/CDS/GCA_024022995@Thermococcus_aggregans_TY_CDS.faa : No such file or directory
cat: '/datas/ELIOTT/archaea_data/genera/CDS/GCA_024022995@Thermococcus_aggregans_TY_CDS.faa ': No such file or directory
grep: /datas/ELIOTT/archaea_data/genera/CDS/GCA_024707485@Thermococcus_sp_813A4_CDS.faa : No such file or directory
cat: '/datas/ELIOTT/archaea_data/genera/CDS/GCA_024707485@Thermococcus_sp_813A4_CDS.faa ': No such file or directory
grep: /datas/ELIOTT/archaea_data/genera/CDS/GCA_028471785@Thermococcus_kodakarensis_TS900_CDS.faa : No such file or directory
cat: '/datas/ELIOTT/archaea_data/genera/CDS/GCA_028471785@Thermococcus_kodakarensis_TS900_CDS.faa ': No such file or directory
grep: /datas/ELIOTT/archaea_data/genera/CDS/GCA_028471865@Thermococcus_kodakarensis_TS901_CDS.faa : No such file or directory
cat: '/datas/ELIOTT/archaea_data/genera/CDS/GCA_028471865@Thermococcus_kodakarensis_TS901_CDS.faa ': No such file or directory
grep: /datas/ELIOTT/archaea_data/genera/CDS/GCA_035621495@Thermococcus_sp_SY098_CDS.faa : No such file or directory
cat: '/datas/ELIOTT/archaea_data/genera/CDS/GCA_035621495@Thermococcus_sp_SY098_CDS.faa ': No such file or directory
grep: /datas/ELIOTT/archaea_data/genera/CDS/GCA_900012635@Thermococcus_chitonophagus_isolate_1_CDS.faa : No such file or directory
cat: '/datas/ELIOTT/archaea_data/genera/CDS/GCA_900012635@Thermococcus_chitonophagus_isolate_1_CDS.faa ': No such file or directory
grep: /datas/ELIOTT/archaea_data/genera/CDS/GCA_900198835@Thermococcus_henrietii_EXT12c_CDS.faa : No such file or directory
cat: '/datas/ELIOTT/archaea_data/genera/CDS/GCA_900198835@Thermococcus_henrietii_EXT12c_CDS.faa ': No such file or directory
grep: /datas/ELIOTT/archaea_data/genera/CDS/GCA_902813195@Thermococcus_sp_2319x1_Essen_CDS.faa : No such file or directory
cat: '/datas/ELIOTT/archaea_data/genera/CDS/GCA_902813195@Thermococcus_sp_2319x1_Essen_CDS.faa ': No such file or directory
grep: /datas/ELIOTT/archaea_data/genera/CDS/GCA_904067545@Thermococcus_camini_IRI35c_CDS.faa : No such file or directory
cat: '/datas/ELIOTT/archaea_data/genera/CDS/GCA_904067545@Thermococcus_camini_IRI35c_CDS.faa ': No such file or directory
grep: /datas/ELIOTT/archaea_data/genera/CDS/Palaeococcus_helgesoni_DSM_15127_CDS.faa : No such file or directory
cat: '/datas/ELIOTT/archaea_data/genera/CDS/Palaeococcus_helgesoni_DSM_15127_CDS.faa ': No such file or directory
grep: /datas/ELIOTT/archaea_data/genera/CDS/Pyrococcus_31_3_CDS.faa : No such file or directory
cat: '/datas/ELIOTT/archaea_data/genera/CDS/Pyrococcus_31_3_CDS.faa ': No such file or directory
grep: /datas/ELIOTT/archaea_data/genera/CDS/Pyrococcus_32_1_CDS.faa : No such file or directory
cat: '/datas/ELIOTT/archaea_data/genera/CDS/Pyrococcus_32_1_CDS.faa ': No such file or directory
grep: /datas/ELIOTT/archaea_data/genera/CDS/Pyrococcus_abyssi_GE2_CDS.faa : No such file or directory
cat: '/datas/ELIOTT/archaea_data/genera/CDS/Pyrococcus_abyssi_GE2_CDS.faa ': No such file or directory
grep: /datas/ELIOTT/archaea_data/genera/CDS/Pyrococcus_endeavori_ES4_CDS.faa : No such file or directory
cat: '/datas/ELIOTT/archaea_data/genera/CDS/Pyrococcus_endeavori_ES4_CDS.faa ': No such file or directory
grep: /datas/ELIOTT/archaea_data/genera/CDS/Pyrococcus_EXT16_CDS.faa : No such file or directory
cat: '/datas/ELIOTT/archaea_data/genera/CDS/Pyrococcus_EXT16_CDS.faa ': No such file or directory
grep: /datas/ELIOTT/archaea_data/genera/CDS/Pyrococcus_sp_32_3_CDS.faa : No such file or directory
cat: '/datas/ELIOTT/archaea_data/genera/CDS/Pyrococcus_sp_32_3_CDS.faa ': No such file or directory
grep: /datas/ELIOTT/archaea_data/genera/CDS/Pyrococcus_sp_32_4_CDS.faa : No such file or directory
cat: '/datas/ELIOTT/archaea_data/genera/CDS/Pyrococcus_sp_32_4_CDS.faa ': No such file or directory
grep: /datas/ELIOTT/archaea_data/genera/CDS/Pyrococcus_sp_EXT_15c_CDS.faa : No such file or directory
cat: '/datas/ELIOTT/archaea_data/genera/CDS/Pyrococcus_sp_EXT_15c_CDS.faa ': No such file or directory
grep: /datas/ELIOTT/archaea_data/genera/CDS/Pyrococcus_sp_GE_23_CDS.faa : No such file or directory
cat: '/datas/ELIOTT/archaea_data/genera/CDS/Pyrococcus_sp_GE_23_CDS.faa ': No such file or directory
grep: /datas/ELIOTT/archaea_data/genera/CDS/Pyrococcus_sp_IRI_42C_CDS.faa : No such file or directory
cat: '/datas/ELIOTT/archaea_data/genera/CDS/Pyrococcus_sp_IRI_42C_CDS.faa ': No such file or directory
grep: /datas/ELIOTT/archaea_data/genera/CDS/Thermococcus_15_2_CDS.faa : No such file or directory
cat: '/datas/ELIOTT/archaea_data/genera/CDS/Thermococcus_15_2_CDS.faa ': No such file or directory
grep: /datas/ELIOTT/archaea_data/genera/CDS/Thermococcus_23_2_CDS.faa : No such file or directory
cat: '/datas/ELIOTT/archaea_data/genera/CDS/Thermococcus_23_2_CDS.faa ': No such file or directory
grep: /datas/ELIOTT/archaea_data/genera/CDS/Thermococcus_29_3_CDS.faa : No such file or directory
cat: '/datas/ELIOTT/archaea_data/genera/CDS/Thermococcus_29_3_CDS.faa ': No such file or directory
grep: /datas/ELIOTT/archaea_data/genera/CDS/Thermococcus_31_3_CDS.faa : No such file or directory
cat: '/datas/ELIOTT/archaea_data/genera/CDS/Thermococcus_31_3_CDS.faa ': No such file or directory
grep: /datas/ELIOTT/archaea_data/genera/CDS/Thermococcus_aegaeus_DSM_12767_CDS.faa : No such file or directory
cat: '/datas/ELIOTT/archaea_data/genera/CDS/Thermococcus_aegaeus_DSM_12767_CDS.faa ': No such file or directory
grep: /datas/ELIOTT/archaea_data/genera/CDS/Thermococcus_aggregans_DSM_12819_CDS.faa : No such file or directory
cat: '/datas/ELIOTT/archaea_data/genera/CDS/Thermococcus_aggregans_DSM_12819_CDS.faa ': No such file or directory
grep: /datas/ELIOTT/archaea_data/genera/CDS/Thermococcus_alcaliphilus_DSM_10322_CDS.faa : No such file or directory
cat: '/datas/ELIOTT/archaea_data/genera/CDS/Thermococcus_alcaliphilus_DSM_10322_CDS.faa ': No such file or directory
grep: /datas/ELIOTT/archaea_data/genera/CDS/Thermococcus_AMTc11_CDS.faa : No such file or directory
cat: '/datas/ELIOTT/archaea_data/genera/CDS/Thermococcus_AMTc11_CDS.faa ': No such file or directory
grep: /datas/ELIOTT/archaea_data/genera/CDS/Thermococcus_AMTc30_CDS.faa : No such file or directory
cat: '/datas/ELIOTT/archaea_data/genera/CDS/Thermococcus_AMTc30_CDS.faa ': No such file or directory
grep: /datas/ELIOTT/archaea_data/genera/CDS/Thermococcus_AMTc51_CDS.faa : No such file or directory
cat: '/datas/ELIOTT/archaea_data/genera/CDS/Thermococcus_AMTc51_CDS.faa ': No such file or directory
grep: /datas/ELIOTT/archaea_data/genera/CDS/Thermococcus_AMTc85_CDS.faa : No such file or directory
cat: '/datas/ELIOTT/archaea_data/genera/CDS/Thermococcus_AMTc85_CDS.faa ': No such file or directory
grep: /datas/ELIOTT/archaea_data/genera/CDS/Thermococcus_atlanticus_DSM_15226_CDS.faa : No such file or directory
cat: '/datas/ELIOTT/archaea_data/genera/CDS/Thermococcus_atlanticus_DSM_15226_CDS.faa ': No such file or directory
grep: /datas/ELIOTT/archaea_data/genera/CDS/Thermococcus_barophilus_423_3_23_CDS.faa : No such file or directory
cat: '/datas/ELIOTT/archaea_data/genera/CDS/Thermococcus_barophilus_423_3_23_CDS.faa ': No such file or directory
grep: /datas/ELIOTT/archaea_data/genera/CDS/Thermococcus_barophilus_CH1_CDS.faa : No such file or directory
cat: '/datas/ELIOTT/archaea_data/genera/CDS/Thermococcus_barophilus_CH1_CDS.faa ': No such file or directory
grep: /datas/ELIOTT/archaea_data/genera/CDS/Thermococcus_barophilus_DT4_CDS.faa : No such file or directory
cat: '/datas/ELIOTT/archaea_data/genera/CDS/Thermococcus_barophilus_DT4_CDS.faa ': No such file or directory
grep: /datas/ELIOTT/archaea_data/genera/CDS/Thermococcus_coalescens_TS1_CDS.faa : No such file or directory
cat: '/datas/ELIOTT/archaea_data/genera/CDS/Thermococcus_coalescens_TS1_CDS.faa ': No such file or directory
grep: /datas/ELIOTT/archaea_data/genera/CDS/Thermococcus_E15P35_CDS.faa : No such file or directory
cat: '/datas/ELIOTT/archaea_data/genera/CDS/Thermococcus_E15P35_CDS.faa ': No such file or directory
grep: /datas/ELIOTT/archaea_data/genera/CDS/Thermococcus_EXT11c_CDS.faa : No such file or directory
cat: '/datas/ELIOTT/archaea_data/genera/CDS/Thermococcus_EXT11c_CDS.faa ': No such file or directory
grep: /datas/ELIOTT/archaea_data/genera/CDS/Thermococcus_fumicolans_ST557_CDS.faa : No such file or directory
cat: '/datas/ELIOTT/archaea_data/genera/CDS/Thermococcus_fumicolans_ST557_CDS.faa ': No such file or directory
grep: /datas/ELIOTT/archaea_data/genera/CDS/Thermococcus_IRI_06c_CDS.faa : No such file or directory
cat: '/datas/ELIOTT/archaea_data/genera/CDS/Thermococcus_IRI_06c_CDS.faa ': No such file or directory
grep: /datas/ELIOTT/archaea_data/genera/CDS/Thermococcus_IRI15c_CDS.faa : No such file or directory
cat: '/datas/ELIOTT/archaea_data/genera/CDS/Thermococcus_IRI15c_CDS.faa ': No such file or directory
grep: /datas/ELIOTT/archaea_data/genera/CDS/Thermococcus_marinus_DSM_15227_CDS.faa : No such file or directory
cat: '/datas/ELIOTT/archaea_data/genera/CDS/Thermococcus_marinus_DSM_15227_CDS.faa ': No such file or directory
grep: /datas/ELIOTT/archaea_data/genera/CDS/Thermococcus_prieuri_Col3_CDS.faa : No such file or directory
cat: '/datas/ELIOTT/archaea_data/genera/CDS/Thermococcus_prieuri_Col3_CDS.faa ': No such file or directory
grep: /datas/ELIOTT/archaea_data/genera/CDS/Thermococcus_profundus_DSM_9503_CDS.faa : No such file or directory
cat: '/datas/ELIOTT/archaea_data/genera/CDS/Thermococcus_profundus_DSM_9503_CDS.faa ': No such file or directory
grep: /datas/ELIOTT/archaea_data/genera/CDS/Thermococcus_sp_23_4_CDS.faa : No such file or directory
cat: '/datas/ELIOTT/archaea_data/genera/CDS/Thermococcus_sp_23_4_CDS.faa ': No such file or directory
grep: /datas/ELIOTT/archaea_data/genera/CDS/Thermococcus_sp_26_2_CDS.faa : No such file or directory
cat: '/datas/ELIOTT/archaea_data/genera/CDS/Thermococcus_sp_26_2_CDS.faa ': No such file or directory
grep: /datas/ELIOTT/archaea_data/genera/CDS/Thermococcus_sp_33_3_CDS.faa : No such file or directory
cat: '/datas/ELIOTT/archaea_data/genera/CDS/Thermococcus_sp_33_3_CDS.faa ': No such file or directory
grep: /datas/ELIOTT/archaea_data/genera/CDS/Thermococcus_sp_9_3_CDS.faa : No such file or directory
cat: '/datas/ELIOTT/archaea_data/genera/CDS/Thermococcus_sp_9_3_CDS.faa ': No such file or directory
grep: /datas/ELIOTT/archaea_data/genera/CDS/Thermococcus_sp_AMTc09_CDS.faa : No such file or directory
cat: '/datas/ELIOTT/archaea_data/genera/CDS/Thermococcus_sp_AMTc09_CDS.faa ': No such file or directory
grep: /datas/ELIOTT/archaea_data/genera/CDS/Thermococcus_sp_AMTc102_CDS.faa : No such file or directory
cat: '/datas/ELIOTT/archaea_data/genera/CDS/Thermococcus_sp_AMTc102_CDS.faa ': No such file or directory
grep: /datas/ELIOTT/archaea_data/genera/CDS/Thermococcus_sp_AMTc71_CDS.faa : No such file or directory
cat: '/datas/ELIOTT/archaea_data/genera/CDS/Thermococcus_sp_AMTc71_CDS.faa ': No such file or directory
grep: /datas/ELIOTT/archaea_data/genera/CDS/Thermococcus_sp_AMTc72_CDS.faa : No such file or directory
cat: '/datas/ELIOTT/archaea_data/genera/CDS/Thermococcus_sp_AMTc72_CDS.faa ': No such file or directory
grep: /datas/ELIOTT/archaea_data/genera/CDS/Thermococcus_sp_AMTc79_CDS.faa : No such file or directory
cat: '/datas/ELIOTT/archaea_data/genera/CDS/Thermococcus_sp_AMTc79_CDS.faa ': No such file or directory
grep: /datas/ELIOTT/archaea_data/genera/CDS/Thermococcus_sp_AMTc94_CDS.faa : No such file or directory
cat: '/datas/ELIOTT/archaea_data/genera/CDS/Thermococcus_sp_AMTc94_CDS.faa ': No such file or directory
grep: /datas/ELIOTT/archaea_data/genera/CDS/Thermococcus_sp_CIR_03a_CDS.faa : No such file or directory
cat: '/datas/ELIOTT/archaea_data/genera/CDS/Thermococcus_sp_CIR_03a_CDS.faa ': No such file or directory
grep: /datas/ELIOTT/archaea_data/genera/CDS/Thermococcus_sp_CIR_10a_CDS.faa : No such file or directory
cat: '/datas/ELIOTT/archaea_data/genera/CDS/Thermococcus_sp_CIR_10a_CDS.faa ': No such file or directory
grep: /datas/ELIOTT/archaea_data/genera/CDS/Thermococcus_sp_DS1_CDS.faa : No such file or directory
cat: '/datas/ELIOTT/archaea_data/genera/CDS/Thermococcus_sp_DS1_CDS.faa ': No such file or directory
grep: /datas/ELIOTT/archaea_data/genera/CDS/Thermococcus_sp_E10P11_CDS.faa : No such file or directory
cat: '/datas/ELIOTT/archaea_data/genera/CDS/Thermococcus_sp_E10P11_CDS.faa ': No such file or directory
grep: /datas/ELIOTT/archaea_data/genera/CDS/Thermococcus_sp_E10P8_CDS.faa : No such file or directory
cat: '/datas/ELIOTT/archaea_data/genera/CDS/Thermococcus_sp_E10P8_CDS.faa ': No such file or directory
grep: /datas/ELIOTT/archaea_data/genera/CDS/Thermococcus_sp_E15p33_CDS.faa : No such file or directory
cat: '/datas/ELIOTT/archaea_data/genera/CDS/Thermococcus_sp_E15p33_CDS.faa ': No such file or directory
grep: /datas/ELIOTT/archaea_data/genera/CDS/Thermococcus_sp_EXT09c_CDS.faa : No such file or directory
cat: '/datas/ELIOTT/archaea_data/genera/CDS/Thermococcus_sp_EXT09c_CDS.faa ': No such file or directory
grep: /datas/ELIOTT/archaea_data/genera/CDS/Thermococcus_sp_IRI_05c_CDS.faa : No such file or directory
cat: '/datas/ELIOTT/archaea_data/genera/CDS/Thermococcus_sp_IRI_05c_CDS.faa ': No such file or directory
grep: /datas/ELIOTT/archaea_data/genera/CDS/Thermococcus_sp_IRI_33c_CDS.faa : No such file or directory
cat: '/datas/ELIOTT/archaea_data/genera/CDS/Thermococcus_sp_IRI_33c_CDS.faa ': No such file or directory
grep: /datas/ELIOTT/archaea_data/genera/CDS/Thermococcus_sp_IRI10c_CDS.faa : No such file or directory
cat: '/datas/ELIOTT/archaea_data/genera/CDS/Thermococcus_sp_IRI10c_CDS.faa ': No such file or directory
grep: /datas/ELIOTT/archaea_data/genera/CDS/Thermococcus_sp_IRI14c_CDS.faa : No such file or directory
cat: '/datas/ELIOTT/archaea_data/genera/CDS/Thermococcus_sp_IRI14c_CDS.faa ': No such file or directory
grep: /datas/ELIOTT/archaea_data/genera/CDS/Thermococcus_sp_IRI24c_CDS.faa : No such file or directory
cat: '/datas/ELIOTT/archaea_data/genera/CDS/Thermococcus_sp_IRI24c_CDS.faa ': No such file or directory
grep: /datas/ELIOTT/archaea_data/genera/CDS/Thermococcus_sp_IRI25c_CDS.faa : No such file or directory
cat: '/datas/ELIOTT/archaea_data/genera/CDS/Thermococcus_sp_IRI25c_CDS.faa ': No such file or directory
grep: /datas/ELIOTT/archaea_data/genera/CDS/Thermococcus_sp_IRI27c2_CDS.faa : No such file or directory
cat: '/datas/ELIOTT/archaea_data/genera/CDS/Thermococcus_sp_IRI27c2_CDS.faa ': No such file or directory
grep: /datas/ELIOTT/archaea_data/genera/CDS/Thermococcus_sp_IRI29c_CDS.faa : No such file or directory
cat: '/datas/ELIOTT/archaea_data/genera/CDS/Thermococcus_sp_IRI29c_CDS.faa ': No such file or directory
grep: /datas/ELIOTT/archaea_data/genera/CDS/Thermococcus_sp_TPV_CDS.faa : No such file or directory
cat: '/datas/ELIOTT/archaea_data/genera/CDS/Thermococcus_sp_TPV_CDS.faa ': No such file or directory
grep: /datas/ELIOTT/archaea_data/genera/CDS/Thermococcus_sp_unknown_CDS.faa : No such file or directory
cat: '/datas/ELIOTT/archaea_data/genera/CDS/Thermococcus_sp_unknown_CDS.faa ': No such file or directory
grep: /datas/ELIOTT/archaea_data/genera/CDS/Thermococcus_stetteri_DSM_5262_CDS.faa : No such file or directory
cat: '/datas/ELIOTT/archaea_data/genera/CDS/Thermococcus_stetteri_DSM_5262_CDS.faa ': No such file or directory
grep: /datas/ELIOTT/archaea_data/genera/CDS/Thermococcus_waiotapuensis_WT1_CDS.faa : No such file or directory
cat: '/datas/ELIOTT/archaea_data/genera/CDS/Thermococcus_waiotapuensis_WT1_CDS.faa ': No such file or directory
Error: Error detecting input file format. First line seems to be blank.

Error opening file /datas/ELIOTT/scripts/tmp_54262_29373/tmp_custom_database: No such file or directory
awk: fatal: cannot open file `/datas/ELIOTT/scripts/tmp_54262_29373/54262_custom_DB.bout' for reading: No such file or directory
paste: /datas/ELIOTT/scripts/tmp_54262_29373/54262_custom_DB.bout: No such file or directory
rm: cannot remove '/datas/ELIOTT/scripts/tmp_54262_29373/54262_custom_DB.bout': No such file or directory
/home/eliott.tempez/miniconda3/envs/phylostrat/lib/python3.8/site-packages/ncbitax2lin/data_io.py:20: DtypeWarning: Columns (16) have mixed types. Specify dtype option on import or set low_memory=False.
  df_data = pd.read_csv(
/home/eliott.tempez/miniconda3/envs/phylostrat/lib/python3.8/site-packages/ncbitax2lin/data_io.py:20: ParserWarning: Length of header or names does not match length of data. This leads to a loss of data with index_col=False.
  df_data = pd.read_csv(
2025-02-19 03:53:21,754|INFO|time spent on load_nodes: 0:00:03.185400
2025-02-19 03:53:26,811|INFO|time spent on load_names: 0:00:05.056800
2025-02-19 03:53:29,022|INFO|# of tax ids: 2,644,739
2025-02-19 03:53:29,327|INFO|df.info:
<class 'pandas.core.frame.DataFrame'>
RangeIndex: 2644739 entries, 0 to 2644738
Data columns (total 4 columns):
 #   Column         Dtype 
---  ------         ----- 
 0   tax_id         int64 
 1   parent_tax_id  int64 
 2   rank           object
 3   rank_name      object
dtypes: int64(2), object(2)
memory usage: 410.6 MB

2025-02-19 03:53:29,327|INFO|Generating a dictionary of taxonomy: tax_id => tax_unit ...
2025-02-19 03:53:35,125|INFO|size of taxonomy_dict: ~80 MB
2025-02-19 03:53:35,180|INFO|Finding all lineages ...
2025-02-19 03:53:35,180|INFO|will use 6 processes to find lineages for all 2,644,739 tax ids
2025-02-19 03:53:35,180|INFO|chunk_size = 440790
2025-02-19 03:53:35,190|INFO|chunked sizes: [440790, 440790, 440790, 440790, 440790, 440789]
2025-02-19 03:53:35,191|INFO|Starting 6 processes ...
2025-02-19 03:53:35,366|INFO|Joining 6 processes ...
2025-02-19 03:53:45,228|INFO|adding lineages from /var/tmp/pbs.2214292.pbsserver/tmpyxrsok8a_ncbitax2lin/_lineages_0.pkl ...
2025-02-19 03:53:48,405|INFO|adding lineages from /var/tmp/pbs.2214292.pbsserver/tmpyxrsok8a_ncbitax2lin/_lineages_1.pkl ...
2025-02-19 03:53:50,947|INFO|adding lineages from /var/tmp/pbs.2214292.pbsserver/tmpyxrsok8a_ncbitax2lin/_lineages_2.pkl ...
2025-02-19 03:53:53,508|INFO|adding lineages from /var/tmp/pbs.2214292.pbsserver/tmpyxrsok8a_ncbitax2lin/_lineages_3.pkl ...
2025-02-19 03:53:55,749|INFO|adding lineages from /var/tmp/pbs.2214292.pbsserver/tmpyxrsok8a_ncbitax2lin/_lineages_4.pkl ...
2025-02-19 03:53:58,478|INFO|adding lineages from /var/tmp/pbs.2214292.pbsserver/tmpyxrsok8a_ncbitax2lin/_lineages_5.pkl ...
2025-02-19 03:54:01,463|INFO|Preparings all lineages into a dataframe to be written to disk ...
2025-02-19 03:54:44,436|INFO|Writing lineages to ncbi_lineages_2025-02-19.csv.gz ...
[mclIO] writing </datas/ELIOTT/scripts/tmp_54262_29373/tmp_54262.mci>
.......................................
[mclIO] wrote native interchange 2135x2135 matrix with 5677 entries to stream </datas/ELIOTT/scripts/tmp_54262_29373/tmp_54262.mci>
[mclIO] wrote 2135 tab entries to stream </datas/ELIOTT/scripts/tmp_54262_29373/tmp_54262.tab>
[mcxload] tab has 2135 entries
[mclIO] reading </datas/ELIOTT/scripts/tmp_54262_29373/tmp_54262.mcl>
.......................................
[mclIO] read native interchange 2135x1501 matrix with 2135 entries
