GCA_001577775@Pyrococcus_kukulkanii_NCB100
Taxid: 1609559
Creating temp taxid file...
Temp taxid file created
Running GenEra...
genEra v1.4.1 (C) Max Planck Society for the Advancement of Science
Starting time of run:
Sat Mar 15 20:26:06 CET 2025

Your temporary files will be stored in /datas/ELIOTT/scripts/tmp_1609559_32195

STARTING STEP 1: SEARCHING FOR HOMOLOGS WITHIN THE DATABASE USING DIAMOND
--------------------------------------------------
Matching the query genes against themselves
--------------------------------------------------
Searching for homologs against the DIAMOND database
DIAMOND results written!
--------------------------------------------------
Custom protein database found. Searching for homologs in the custom database using DIAMOND
--------------------------------------------------
Step 1 finished!
The DIAMOND/MMseqs2 table can be found in /datas/ELIOTT/scripts/tmp_1609559_32195/1609559_Diamond_results.bout
This file is usually HUGE, please dispose of it if you no longer find it useful
It can still be used (-p) in case the user wants to re-run genEra while skipping step 1

STARTING STEP 2: GENERATING TAXONOMIC DATABASE FOR THE PHYLOSTRATIGRAPHIC ASSIGNMENT OF YOUR GENES
--------------------------------------------------
Using the raw "ncbi_lineages" file provided by the user. Skiping ncbitax2lin
--------------------------------------------------
Rearranging the raw "ncbi_lineages" file by taxonomic hierarchy
  WARNING: genEra could not find the file fullnamelineage.dmp within the NCBI taxdump
  Please make sure you download the latest version of the NCBI Taxonomy dump: ftp.ncbi.nlm.nih.gov/pub/taxonomy/new_taxdump/new_taxdump.tar.gz
Extracting lineage information from the NCBI webpage
--------------------------------------------------
Extracting all the lineages that match more than 10 percent of your query proteins
--------------------------------------------------
Collapsing the phylostrata that are not represented in your DIAMOND results
--------------------------------------------------
Generating the species-tailored database
--------------------------------------------------
Step 2 finished!
your species-tailored database can be found in /datas/ELIOTT/archaea_data/genera/out/GCA_001577775@Pyrococcus_kukulkanii_NCB100//1609559_ncbi_lineages.csv
Keep this file in case you want to re-run step 3 of genEra with the same species (-c)

STARTING STEP 3: ASSIGNING AGES TO YOUR QUERY GENES WITH Erassignment
--------------------------------------------------
Splitting results per query gene using 32 threads
-------------------------------------------------- 
Importing and indexing files needed... | Sat Mar 15 23:03:02 2025
-------------------------------------------------- 
Filtering and exporting single gen hits ... | Sat Mar 15 23:11:19 2025
--------------------------------------------------
Running Erassignment using 32 threads
--------------------------------------------------
Running mcl to define gene families
--------------------------------------------------
Establishing the age and number of gene-family founder events
--------------------------------------------------
Step 3 finished!
The age assignment for your individual genes can be found in /datas/ELIOTT/archaea_data/genera/out/GCA_001577775@Pyrococcus_kukulkanii_NCB100//1609559_gene_ages.tsv
The possible ages for the genes with a taxonomic representativeness below 30 percent can be found in /datas/ELIOTT/archaea_data/genera/out/GCA_001577775@Pyrococcus_kukulkanii_NCB100//1609559_ambiguous_phylostrata.tsv
The estimation of gene family founder events can be found in /datas/ELIOTT/archaea_data/genera/out/GCA_001577775@Pyrococcus_kukulkanii_NCB100//1609559_founder_events.tsv
The number of individual genes that could be assigned to each phylostratum are summarized in /datas/ELIOTT/archaea_data/genera/out/GCA_001577775@Pyrococcus_kukulkanii_NCB100//1609559_gene_age_summary.tsv
The number of of gene family founder events per phylostratum are summarized in /datas/ELIOTT/archaea_data/genera/out/GCA_001577775@Pyrococcus_kukulkanii_NCB100//1609559_founder_summary.tsv

genEra finished at:
Sat Mar 15 23:24:04 CET 2025

Enjoy your results!!!
Job completed successfully

